<!DOCTYPE html>
<html>
<head>
    <title>Test Report - 2025-10-03T23:25:21.481Z</title>
    <style>
        body { font-family: Arial, sans-serif; margin: 20px; }
        .status-passed { color: green; }
        .status-failed { color: red; }
        .status-warning { color: orange; }
        .metric { background: #f5f5f5; padding: 10px; margin: 5px 0; border-radius: 5px; }
    </style>
</head>
<body>
    <h1>Comprehensive Test Report</h1>
    <div class="metric">
        <strong>Overall Status:</strong>
        <span class="status-failed">FAILED</span>
    </div>
    <div class="metric"><strong>Total Tests:</strong> 80</div>
    <div class="metric"><strong>Success Rate:</strong> 5.00%</div>
    <div class="metric"><strong>Critical Issues:</strong> 51</div>

    <h2>Test Results</h2>
    <h3>Failed Tests</h3><ul><li><strong>should detect and prevent amount manipulation attacks</strong>: Error: [2mexpect([22m[31mreceived[39m[2m).[22mtoBe[2m([22m[32mexpected[39m[2m) // Object.is equality[22m

Expected: [32mfalse[39m
Received: [31mundefined[39m
    at Object.toBe (Q:\_kyle\temp_documents\GitHub\business_scraper\src\__tests__\security\payment-security-comprehensive.test.ts:131:32)
    at Promise.then.completed (Q:\_kyle\temp_documents\GitHub\business_scraper\node_modules\jest-circus\build\utils.js:298:28)
    at new Promise (<anonymous>)
    at callAsyncCircusFn (Q:\_kyle\temp_documents\GitHub\business_scraper\node_modules\jest-circus\build\utils.js:231:10)
    at _callCircusTest (Q:\_kyle\temp_documents\GitHub\business_scraper\node_modules\jest-circus\build\run.js:316:40)
    at _runTest (Q:\_kyle\temp_documents\GitHub\business_scraper\node_modules\jest-circus\build\run.js:252:3)
    at _runTestsForDescribeBlock (Q:\_kyle\temp_documents\GitHub\business_scraper\node_modules\jest-circus\build\run.js:126:9)
    at _runTestsForDescribeBlock (Q:\_kyle\temp_documents\GitHub\business_scraper\node_modules\jest-circus\build\run.js:121:9)
    at _runTestsForDescribeBlock (Q:\_kyle\temp_documents\GitHub\business_scraper\node_modules\jest-circus\build\run.js:121:9)
    at run (Q:\_kyle\temp_documents\GitHub\business_scraper\node_modules\jest-circus\build\run.js:71:3)
    at runAndTransformResultsToJestFormat (Q:\_kyle\temp_documents\GitHub\business_scraper\node_modules\jest-circus\build\legacy-code-todo-rewrite\jestAdapterInit.js:122:21)
    at jestAdapter (Q:\_kyle\temp_documents\GitHub\business_scraper\node_modules\jest-circus\build\legacy-code-todo-rewrite\jestAdapter.js:79:19)
    at runTestInternal (Q:\_kyle\temp_documents\GitHub\business_scraper\node_modules\jest-runner\build\runTest.js:367:16)
    at runTest (Q:\_kyle\temp_documents\GitHub\business_scraper\node_modules\jest-runner\build\runTest.js:444:34)</li><li><strong>should detect suspicious payment patterns</strong>: TypeError: Cannot read properties of undefined (reading 'success')
    at Object.success (Q:\_kyle\temp_documents\GitHub\business_scraper\src\__tests__\security\payment-security-comprehensive.test.ts:174:23)</li><li><strong>should implement velocity checks</strong>: Error: [2mexpect([22m[31mreceived[39m[2m).[22mtoBeInstanceOf[2m([22m[32mexpected[39m[2m)[22m

Expected constructor: [32mNextResponse[39m

Received value has no prototype
Received value: [31mnull[39m
    at Object.toBeInstanceOf (Q:\_kyle\temp_documents\GitHub\business_scraper\src\__tests__\security\payment-security-comprehensive.test.ts:197:24)</li><li><strong>should detect card testing attacks</strong>: TypeError: Cannot read properties of undefined (reading 'success')
    at Object.success (Q:\_kyle\temp_documents\GitHub\business_scraper\src\__tests__\security\payment-security-comprehensive.test.ts:232:23)</li><li><strong>should validate PCI-compliant data handling</strong>: Error: [2mexpect([22m[31mreceived[39m[2m).[22mtoBe[2m([22m[32mexpected[39m[2m) // Object.is equality[22m

Expected: [32mfalse[39m
Received: [31mundefined[39m
    at Object.toBe (Q:\_kyle\temp_documents\GitHub\business_scraper\src\__tests__\security\payment-security-comprehensive.test.ts:294:32)
    at Promise.then.completed (Q:\_kyle\temp_documents\GitHub\business_scraper\node_modules\jest-circus\build\utils.js:298:28)
    at new Promise (<anonymous>)
    at callAsyncCircusFn (Q:\_kyle\temp_documents\GitHub\business_scraper\node_modules\jest-circus\build\utils.js:231:10)
    at _callCircusTest (Q:\_kyle\temp_documents\GitHub\business_scraper\node_modules\jest-circus\build\run.js:316:40)
    at _runTest (Q:\_kyle\temp_documents\GitHub\business_scraper\node_modules\jest-circus\build\run.js:252:3)
    at _runTestsForDescribeBlock (Q:\_kyle\temp_documents\GitHub\business_scraper\node_modules\jest-circus\build\run.js:126:9)
    at _runTestsForDescribeBlock (Q:\_kyle\temp_documents\GitHub\business_scraper\node_modules\jest-circus\build\run.js:121:9)
    at _runTestsForDescribeBlock (Q:\_kyle\temp_documents\GitHub\business_scraper\node_modules\jest-circus\build\run.js:121:9)
    at run (Q:\_kyle\temp_documents\GitHub\business_scraper\node_modules\jest-circus\build\run.js:71:3)
    at runAndTransformResultsToJestFormat (Q:\_kyle\temp_documents\GitHub\business_scraper\node_modules\jest-circus\build\legacy-code-todo-rewrite\jestAdapterInit.js:122:21)
    at jestAdapter (Q:\_kyle\temp_documents\GitHub\business_scraper\node_modules\jest-circus\build\legacy-code-todo-rewrite\jestAdapter.js:79:19)
    at runTestInternal (Q:\_kyle\temp_documents\GitHub\business_scraper\node_modules\jest-runner\build\runTest.js:367:16)
    at runTest (Q:\_kyle\temp_documents\GitHub\business_scraper\node_modules\jest-runner\build\runTest.js:444:34)</li><li><strong>should enforce secure transmission requirements</strong>: Error: [2mexpect([22m[31mreceived[39m[2m).[22mtoBe[2m([22m[32mexpected[39m[2m) // Object.is equality[22m

Expected: [32m200[39m
Received: [31m403[39m
    at Object.toBe (Q:\_kyle\temp_documents\GitHub\business_scraper\src\__tests__\security\payment-security-comprehensive.test.ts:327:35)</li><li><strong>should validate subscription plan pricing</strong>: TypeError: Cannot read properties of undefined (reading 'success')
    at Object.success (Q:\_kyle\temp_documents\GitHub\business_scraper\src\__tests__\security\payment-security-comprehensive.test.ts:355:23)</li><li><strong>should prevent discount manipulation</strong>: Error: [2mexpect([22m[31mreceived[39m[2m).[22mtoBe[2m([22m[32mexpected[39m[2m) // Object.is equality[22m

Expected: [32mfalse[39m
Received: [31mundefined[39m
    at Object.toBe (Q:\_kyle\temp_documents\GitHub\business_scraper\src\__tests__\security\payment-security-comprehensive.test.ts:377:32)
    at Promise.then.completed (Q:\_kyle\temp_documents\GitHub\business_scraper\node_modules\jest-circus\build\utils.js:298:28)
    at new Promise (<anonymous>)
    at callAsyncCircusFn (Q:\_kyle\temp_documents\GitHub\business_scraper\node_modules\jest-circus\build\utils.js:231:10)
    at _callCircusTest (Q:\_kyle\temp_documents\GitHub\business_scraper\node_modules\jest-circus\build\run.js:316:40)
    at _runTest (Q:\_kyle\temp_documents\GitHub\business_scraper\node_modules\jest-circus\build\run.js:252:3)
    at _runTestsForDescribeBlock (Q:\_kyle\temp_documents\GitHub\business_scraper\node_modules\jest-circus\build\run.js:126:9)
    at _runTestsForDescribeBlock (Q:\_kyle\temp_documents\GitHub\business_scraper\node_modules\jest-circus\build\run.js:121:9)
    at _runTestsForDescribeBlock (Q:\_kyle\temp_documents\GitHub\business_scraper\node_modules\jest-circus\build\run.js:121:9)
    at run (Q:\_kyle\temp_documents\GitHub\business_scraper\node_modules\jest-circus\build\run.js:71:3)
    at runAndTransformResultsToJestFormat (Q:\_kyle\temp_documents\GitHub\business_scraper\node_modules\jest-circus\build\legacy-code-todo-rewrite\jestAdapterInit.js:122:21)
    at jestAdapter (Q:\_kyle\temp_documents\GitHub\business_scraper\node_modules\jest-circus\build\legacy-code-todo-rewrite\jestAdapter.js:79:19)
    at runTestInternal (Q:\_kyle\temp_documents\GitHub\business_scraper\node_modules\jest-runner\build\runTest.js:367:16)
    at runTest (Q:\_kyle\temp_documents\GitHub\business_scraper\node_modules\jest-runner\build\runTest.js:444:34)</li><li><strong>should validate currency conversion rates</strong>: TypeError: Cannot read properties of undefined (reading 'success')
    at Object.success (Q:\_kyle\temp_documents\GitHub\business_scraper\src\__tests__\security\payment-security-comprehensive.test.ts:402:23)</li><li><strong>should sanitize all user input fields</strong>: TypeError: Cannot read properties of undefined (reading 'description')
    at Object.description (Q:\_kyle\temp_documents\GitHub\business_scraper\src\__tests__\security\payment-security-comprehensive.test.ts:426:35)
    at Promise.then.completed (Q:\_kyle\temp_documents\GitHub\business_scraper\node_modules\jest-circus\build\utils.js:298:28)
    at new Promise (<anonymous>)
    at callAsyncCircusFn (Q:\_kyle\temp_documents\GitHub\business_scraper\node_modules\jest-circus\build\utils.js:231:10)
    at _callCircusTest (Q:\_kyle\temp_documents\GitHub\business_scraper\node_modules\jest-circus\build\run.js:316:40)
    at _runTest (Q:\_kyle\temp_documents\GitHub\business_scraper\node_modules\jest-circus\build\run.js:252:3)
    at _runTestsForDescribeBlock (Q:\_kyle\temp_documents\GitHub\business_scraper\node_modules\jest-circus\build\run.js:126:9)
    at _runTestsForDescribeBlock (Q:\_kyle\temp_documents\GitHub\business_scraper\node_modules\jest-circus\build\run.js:121:9)
    at _runTestsForDescribeBlock (Q:\_kyle\temp_documents\GitHub\business_scraper\node_modules\jest-circus\build\run.js:121:9)
    at run (Q:\_kyle\temp_documents\GitHub\business_scraper\node_modules\jest-circus\build\run.js:71:3)
    at runAndTransformResultsToJestFormat (Q:\_kyle\temp_documents\GitHub\business_scraper\node_modules\jest-circus\build\legacy-code-todo-rewrite\jestAdapterInit.js:122:21)
    at jestAdapter (Q:\_kyle\temp_documents\GitHub\business_scraper\node_modules\jest-circus\build\legacy-code-todo-rewrite\jestAdapter.js:79:19)
    at runTestInternal (Q:\_kyle\temp_documents\GitHub\business_scraper\node_modules\jest-runner\build\runTest.js:367:16)
    at runTest (Q:\_kyle\temp_documents\GitHub\business_scraper\node_modules\jest-runner\build\runTest.js:444:34)</li><li><strong>should validate data types and formats</strong>: Error: [2mexpect([22m[31mreceived[39m[2m).[22mtoBe[2m([22m[32mexpected[39m[2m) // Object.is equality[22m

Expected: [32mfalse[39m
Received: [31mundefined[39m
    at Object.toBe (Q:\_kyle\temp_documents\GitHub\business_scraper\src\__tests__\security\payment-security-comprehensive.test.ts:445:30)
    at Promise.then.completed (Q:\_kyle\temp_documents\GitHub\business_scraper\node_modules\jest-circus\build\utils.js:298:28)
    at new Promise (<anonymous>)
    at callAsyncCircusFn (Q:\_kyle\temp_documents\GitHub\business_scraper\node_modules\jest-circus\build\utils.js:231:10)
    at _callCircusTest (Q:\_kyle\temp_documents\GitHub\business_scraper\node_modules\jest-circus\build\run.js:316:40)
    at _runTest (Q:\_kyle\temp_documents\GitHub\business_scraper\node_modules\jest-circus\build\run.js:252:3)
    at _runTestsForDescribeBlock (Q:\_kyle\temp_documents\GitHub\business_scraper\node_modules\jest-circus\build\run.js:126:9)
    at _runTestsForDescribeBlock (Q:\_kyle\temp_documents\GitHub\business_scraper\node_modules\jest-circus\build\run.js:121:9)
    at _runTestsForDescribeBlock (Q:\_kyle\temp_documents\GitHub\business_scraper\node_modules\jest-circus\build\run.js:121:9)
    at run (Q:\_kyle\temp_documents\GitHub\business_scraper\node_modules\jest-circus\build\run.js:71:3)
    at runAndTransformResultsToJestFormat (Q:\_kyle\temp_documents\GitHub\business_scraper\node_modules\jest-circus\build\legacy-code-todo-rewrite\jestAdapterInit.js:122:21)
    at jestAdapter (Q:\_kyle\temp_documents\GitHub\business_scraper\node_modules\jest-circus\build\legacy-code-todo-rewrite\jestAdapter.js:79:19)
    at runTestInternal (Q:\_kyle\temp_documents\GitHub\business_scraper\node_modules\jest-runner\build\runTest.js:367:16)
    at runTest (Q:\_kyle\temp_documents\GitHub\business_scraper\node_modules\jest-runner\build\runTest.js:444:34)</li><li><strong>should enforce field length limits</strong>: TypeError: Cannot read properties of undefined (reading 'description')
    at Object.description (Q:\_kyle\temp_documents\GitHub\business_scraper\src\__tests__\security\payment-security-comprehensive.test.ts:460:35)
    at Promise.then.completed (Q:\_kyle\temp_documents\GitHub\business_scraper\node_modules\jest-circus\build\utils.js:298:28)
    at new Promise (<anonymous>)
    at callAsyncCircusFn (Q:\_kyle\temp_documents\GitHub\business_scraper\node_modules\jest-circus\build\utils.js:231:10)
    at _callCircusTest (Q:\_kyle\temp_documents\GitHub\business_scraper\node_modules\jest-circus\build\run.js:316:40)
    at _runTest (Q:\_kyle\temp_documents\GitHub\business_scraper\node_modules\jest-circus\build\run.js:252:3)
    at _runTestsForDescribeBlock (Q:\_kyle\temp_documents\GitHub\business_scraper\node_modules\jest-circus\build\run.js:126:9)
    at _runTestsForDescribeBlock (Q:\_kyle\temp_documents\GitHub\business_scraper\node_modules\jest-circus\build\run.js:121:9)
    at _runTestsForDescribeBlock (Q:\_kyle\temp_documents\GitHub\business_scraper\node_modules\jest-circus\build\run.js:121:9)
    at run (Q:\_kyle\temp_documents\GitHub\business_scraper\node_modules\jest-circus\build\run.js:71:3)
    at runAndTransformResultsToJestFormat (Q:\_kyle\temp_documents\GitHub\business_scraper\node_modules\jest-circus\build\legacy-code-todo-rewrite\jestAdapterInit.js:122:21)
    at jestAdapter (Q:\_kyle\temp_documents\GitHub\business_scraper\node_modules\jest-circus\build\legacy-code-todo-rewrite\jestAdapter.js:79:19)
    at runTestInternal (Q:\_kyle\temp_documents\GitHub\business_scraper\node_modules\jest-runner\build\runTest.js:367:16)
    at runTest (Q:\_kyle\temp_documents\GitHub\business_scraper\node_modules\jest-runner\build\runTest.js:444:34)</li><li><strong>should validate CSRF tokens on payment requests</strong>: Error: [2mexpect([22m[31mreceived[39m[2m).[22mtoBeInstanceOf[2m([22m[32mexpected[39m[2m)[22m

Expected constructor: [32mNextResponse[39m

Received value has no prototype
Received value: [31mfalse[39m
    at Object.toBeInstanceOf (Q:\_kyle\temp_documents\GitHub\business_scraper\src\__tests__\security\payment-security-comprehensive.test.ts:486:24)</li><li><strong>should prevent CSRF attacks with valid tokens</strong>: Error: [2mexpect([22m[31mreceived[39m[2m).[22mtoBeNull[2m()[22m

Received: [31mfalse[39m
    at Object.toBeNull (Q:\_kyle\temp_documents\GitHub\business_scraper\src\__tests__\security\payment-security-comprehensive.test.ts:507:22)</li><li><strong>should reject operations without authenticated user</strong>: Error: [2mexpect([22m[31mreceived[39m[2m).[22mrejects[2m.[22mtoThrow[2m([22m[32mexpected[39m[2m)[22m

Expected substring: [32m"No user set"[39m
Received message:   [31m"No active subscription to cancel"[39m

    [0m [90m 171 |[39m   [36masync[39m cancelSubscription()[33m:[39m [33mPromise[39m[33m<[39m[36mvoid[39m[33m>[39m {
     [90m 172 |[39m     [36mif[39m ([33m![39m[36mthis[39m[33m.[39muserSubscription) {
    [31m[1m>[22m[39m[90m 173 |[39m       [36mthrow[39m [36mnew[39m [33mError[39m([32m'No active subscription to cancel'[39m)
     [90m     |[39m             [31m[1m^[22m[39m
     [90m 174 |[39m     }
     [90m 175 |[39m
     [90m 176 |[39m     [36mtry[39m {[0m

      [2mat PaymentController.cancelSubscription ([22msrc/controller/paymentController.ts[2m:173:13)[22m
      [2mat Object.cancelSubscription ([22msrc/__tests__/controller/paymentController.comprehensive.test.ts[2m:115:38)[22m
    at Object.toThrow (Q:\_kyle\temp_documents\GitHub\business_scraper\node_modules\expect\build\index.js:218:22)
    at Object.toThrow (Q:\_kyle\temp_documents\GitHub\business_scraper\src\__tests__\controller\paymentController.comprehensive.test.ts:115:68)</li><li><strong>should validate user permissions for payment operations</strong>: TypeError: paymentController.setUser is not a function
    at Object.setUser (Q:\_kyle\temp_documents\GitHub\business_scraper\src\__tests__\controller\paymentController.comprehensive.test.ts:121:25)
    at Promise.then.completed (Q:\_kyle\temp_documents\GitHub\business_scraper\node_modules\jest-circus\build\utils.js:298:28)
    at new Promise (<anonymous>)
    at callAsyncCircusFn (Q:\_kyle\temp_documents\GitHub\business_scraper\node_modules\jest-circus\build\utils.js:231:10)
    at _callCircusTest (Q:\_kyle\temp_documents\GitHub\business_scraper\node_modules\jest-circus\build\run.js:316:40)
    at _runTest (Q:\_kyle\temp_documents\GitHub\business_scraper\node_modules\jest-circus\build\run.js:252:3)
    at _runTestsForDescribeBlock (Q:\_kyle\temp_documents\GitHub\business_scraper\node_modules\jest-circus\build\run.js:126:9)
    at _runTestsForDescribeBlock (Q:\_kyle\temp_documents\GitHub\business_scraper\node_modules\jest-circus\build\run.js:121:9)
    at _runTestsForDescribeBlock (Q:\_kyle\temp_documents\GitHub\business_scraper\node_modules\jest-circus\build\run.js:121:9)
    at run (Q:\_kyle\temp_documents\GitHub\business_scraper\node_modules\jest-circus\build\run.js:71:3)
    at runAndTransformResultsToJestFormat (Q:\_kyle\temp_documents\GitHub\business_scraper\node_modules\jest-circus\build\legacy-code-todo-rewrite\jestAdapterInit.js:122:21)
    at jestAdapter (Q:\_kyle\temp_documents\GitHub\business_scraper\node_modules\jest-circus\build\legacy-code-todo-rewrite\jestAdapter.js:79:19)
    at runTestInternal (Q:\_kyle\temp_documents\GitHub\business_scraper\node_modules\jest-runner\build\runTest.js:367:16)
    at runTest (Q:\_kyle\temp_documents\GitHub\business_scraper\node_modules\jest-runner\build\runTest.js:444:34)</li><li><strong>should prevent privilege escalation attempts</strong>: TypeError: paymentController.setUser is not a function
    at Object.setUser (Q:\_kyle\temp_documents\GitHub\business_scraper\src\__tests__\controller\paymentController.comprehensive.test.ts:133:25)
    at Promise.then.completed (Q:\_kyle\temp_documents\GitHub\business_scraper\node_modules\jest-circus\build\utils.js:298:28)
    at new Promise (<anonymous>)
    at callAsyncCircusFn (Q:\_kyle\temp_documents\GitHub\business_scraper\node_modules\jest-circus\build\utils.js:231:10)
    at _callCircusTest (Q:\_kyle\temp_documents\GitHub\business_scraper\node_modules\jest-circus\build\run.js:316:40)
    at _runTest (Q:\_kyle\temp_documents\GitHub\business_scraper\node_modules\jest-circus\build\run.js:252:3)
    at _runTestsForDescribeBlock (Q:\_kyle\temp_documents\GitHub\business_scraper\node_modules\jest-circus\build\run.js:126:9)
    at _runTestsForDescribeBlock (Q:\_kyle\temp_documents\GitHub\business_scraper\node_modules\jest-circus\build\run.js:121:9)
    at _runTestsForDescribeBlock (Q:\_kyle\temp_documents\GitHub\business_scraper\node_modules\jest-circus\build\run.js:121:9)
    at run (Q:\_kyle\temp_documents\GitHub\business_scraper\node_modules\jest-circus\build\run.js:71:3)
    at runAndTransformResultsToJestFormat (Q:\_kyle\temp_documents\GitHub\business_scraper\node_modules\jest-circus\build\legacy-code-todo-rewrite\jestAdapterInit.js:122:21)
    at jestAdapter (Q:\_kyle\temp_documents\GitHub\business_scraper\node_modules\jest-circus\build\legacy-code-todo-rewrite\jestAdapter.js:79:19)
    at runTestInternal (Q:\_kyle\temp_documents\GitHub\business_scraper\node_modules\jest-runner\build\runTest.js:367:16)
    at runTest (Q:\_kyle\temp_documents\GitHub\business_scraper\node_modules\jest-runner\build\runTest.js:444:34)</li><li><strong>should prevent subscription plan manipulation</strong>: TypeError: paymentController.setUser is not a function
    at Object.setUser (Q:\_kyle\temp_documents\GitHub\business_scraper\src\__tests__\controller\paymentController.comprehensive.test.ts:153:25)
    at Promise.then.completed (Q:\_kyle\temp_documents\GitHub\business_scraper\node_modules\jest-circus\build\utils.js:298:28)
    at new Promise (<anonymous>)
    at callAsyncCircusFn (Q:\_kyle\temp_documents\GitHub\business_scraper\node_modules\jest-circus\build\utils.js:231:10)
    at _callCircusHook (Q:\_kyle\temp_documents\GitHub\business_scraper\node_modules\jest-circus\build\run.js:281:40)
    at _runTest (Q:\_kyle\temp_documents\GitHub\business_scraper\node_modules\jest-circus\build\run.js:246:5)
    at _runTestsForDescribeBlock (Q:\_kyle\temp_documents\GitHub\business_scraper\node_modules\jest-circus\build\run.js:126:9)
    at _runTestsForDescribeBlock (Q:\_kyle\temp_documents\GitHub\business_scraper\node_modules\jest-circus\build\run.js:121:9)
    at _runTestsForDescribeBlock (Q:\_kyle\temp_documents\GitHub\business_scraper\node_modules\jest-circus\build\run.js:121:9)
    at run (Q:\_kyle\temp_documents\GitHub\business_scraper\node_modules\jest-circus\build\run.js:71:3)
    at runAndTransformResultsToJestFormat (Q:\_kyle\temp_documents\GitHub\business_scraper\node_modules\jest-circus\build\legacy-code-todo-rewrite\jestAdapterInit.js:122:21)
    at jestAdapter (Q:\_kyle\temp_documents\GitHub\business_scraper\node_modules\jest-circus\build\legacy-code-todo-rewrite\jestAdapter.js:79:19)
    at runTestInternal (Q:\_kyle\temp_documents\GitHub\business_scraper\node_modules\jest-runner\build\runTest.js:367:16)
    at runTest (Q:\_kyle\temp_documents\GitHub\business_scraper\node_modules\jest-runner\build\runTest.js:444:34)</li><li><strong>should validate subscription tier transitions</strong>: TypeError: paymentController.setUser is not a function
    at Object.setUser (Q:\_kyle\temp_documents\GitHub\business_scraper\src\__tests__\controller\paymentController.comprehensive.test.ts:153:25)
    at Promise.then.completed (Q:\_kyle\temp_documents\GitHub\business_scraper\node_modules\jest-circus\build\utils.js:298:28)
    at new Promise (<anonymous>)
    at callAsyncCircusFn (Q:\_kyle\temp_documents\GitHub\business_scraper\node_modules\jest-circus\build\utils.js:231:10)
    at _callCircusHook (Q:\_kyle\temp_documents\GitHub\business_scraper\node_modules\jest-circus\build\run.js:281:40)
    at _runTest (Q:\_kyle\temp_documents\GitHub\business_scraper\node_modules\jest-circus\build\run.js:246:5)
    at _runTestsForDescribeBlock (Q:\_kyle\temp_documents\GitHub\business_scraper\node_modules\jest-circus\build\run.js:126:9)
    at _runTestsForDescribeBlock (Q:\_kyle\temp_documents\GitHub\business_scraper\node_modules\jest-circus\build\run.js:121:9)
    at _runTestsForDescribeBlock (Q:\_kyle\temp_documents\GitHub\business_scraper\node_modules\jest-circus\build\run.js:121:9)
    at run (Q:\_kyle\temp_documents\GitHub\business_scraper\node_modules\jest-circus\build\run.js:71:3)
    at runAndTransformResultsToJestFormat (Q:\_kyle\temp_documents\GitHub\business_scraper\node_modules\jest-circus\build\legacy-code-todo-rewrite\jestAdapterInit.js:122:21)
    at jestAdapter (Q:\_kyle\temp_documents\GitHub\business_scraper\node_modules\jest-circus\build\legacy-code-todo-rewrite\jestAdapter.js:79:19)
    at runTestInternal (Q:\_kyle\temp_documents\GitHub\business_scraper\node_modules\jest-runner\build\runTest.js:367:16)
    at runTest (Q:\_kyle\temp_documents\GitHub\business_scraper\node_modules\jest-runner\build\runTest.js:444:34)</li><li><strong>should handle subscription cancellation securely</strong>: TypeError: paymentController.setUser is not a function
    at Object.setUser (Q:\_kyle\temp_documents\GitHub\business_scraper\src\__tests__\controller\paymentController.comprehensive.test.ts:153:25)
    at Promise.then.completed (Q:\_kyle\temp_documents\GitHub\business_scraper\node_modules\jest-circus\build\utils.js:298:28)
    at new Promise (<anonymous>)
    at callAsyncCircusFn (Q:\_kyle\temp_documents\GitHub\business_scraper\node_modules\jest-circus\build\utils.js:231:10)
    at _callCircusHook (Q:\_kyle\temp_documents\GitHub\business_scraper\node_modules\jest-circus\build\run.js:281:40)
    at _runTest (Q:\_kyle\temp_documents\GitHub\business_scraper\node_modules\jest-circus\build\run.js:246:5)
    at _runTestsForDescribeBlock (Q:\_kyle\temp_documents\GitHub\business_scraper\node_modules\jest-circus\build\run.js:126:9)
    at _runTestsForDescribeBlock (Q:\_kyle\temp_documents\GitHub\business_scraper\node_modules\jest-circus\build\run.js:121:9)
    at _runTestsForDescribeBlock (Q:\_kyle\temp_documents\GitHub\business_scraper\node_modules\jest-circus\build\run.js:121:9)
    at run (Q:\_kyle\temp_documents\GitHub\business_scraper\node_modules\jest-circus\build\run.js:71:3)
    at runAndTransformResultsToJestFormat (Q:\_kyle\temp_documents\GitHub\business_scraper\node_modules\jest-circus\build\legacy-code-todo-rewrite\jestAdapterInit.js:122:21)
    at jestAdapter (Q:\_kyle\temp_documents\GitHub\business_scraper\node_modules\jest-circus\build\legacy-code-todo-rewrite\jestAdapter.js:79:19)
    at runTestInternal (Q:\_kyle\temp_documents\GitHub\business_scraper\node_modules\jest-runner\build\runTest.js:367:16)
    at runTest (Q:\_kyle\temp_documents\GitHub\business_scraper\node_modules\jest-runner\build\runTest.js:444:34)</li><li><strong>should prevent unauthorized subscription modifications</strong>: TypeError: paymentController.setUser is not a function
    at Object.setUser (Q:\_kyle\temp_documents\GitHub\business_scraper\src\__tests__\controller\paymentController.comprehensive.test.ts:153:25)
    at Promise.then.completed (Q:\_kyle\temp_documents\GitHub\business_scraper\node_modules\jest-circus\build\utils.js:298:28)
    at new Promise (<anonymous>)
    at callAsyncCircusFn (Q:\_kyle\temp_documents\GitHub\business_scraper\node_modules\jest-circus\build\utils.js:231:10)
    at _callCircusHook (Q:\_kyle\temp_documents\GitHub\business_scraper\node_modules\jest-circus\build\run.js:281:40)
    at _runTest (Q:\_kyle\temp_documents\GitHub\business_scraper\node_modules\jest-circus\build\run.js:246:5)
    at _runTestsForDescribeBlock (Q:\_kyle\temp_documents\GitHub\business_scraper\node_modules\jest-circus\build\run.js:126:9)
    at _runTestsForDescribeBlock (Q:\_kyle\temp_documents\GitHub\business_scraper\node_modules\jest-circus\build\run.js:121:9)
    at _runTestsForDescribeBlock (Q:\_kyle\temp_documents\GitHub\business_scraper\node_modules\jest-circus\build\run.js:121:9)
    at run (Q:\_kyle\temp_documents\GitHub\business_scraper\node_modules\jest-circus\build\run.js:71:3)
    at runAndTransformResultsToJestFormat (Q:\_kyle\temp_documents\GitHub\business_scraper\node_modules\jest-circus\build\legacy-code-todo-rewrite\jestAdapterInit.js:122:21)
    at jestAdapter (Q:\_kyle\temp_documents\GitHub\business_scraper\node_modules\jest-circus\build\legacy-code-todo-rewrite\jestAdapter.js:79:19)
    at runTestInternal (Q:\_kyle\temp_documents\GitHub\business_scraper\node_modules\jest-runner\build\runTest.js:367:16)
    at runTest (Q:\_kyle\temp_documents\GitHub\business_scraper\node_modules\jest-runner\build\runTest.js:444:34)</li><li><strong>should validate payment method ownership</strong>: TypeError: paymentController.setUser is not a function
    at Object.setUser (Q:\_kyle\temp_documents\GitHub\business_scraper\src\__tests__\controller\paymentController.comprehensive.test.ts:224:25)
    at Promise.then.completed (Q:\_kyle\temp_documents\GitHub\business_scraper\node_modules\jest-circus\build\utils.js:298:28)
    at new Promise (<anonymous>)
    at callAsyncCircusFn (Q:\_kyle\temp_documents\GitHub\business_scraper\node_modules\jest-circus\build\utils.js:231:10)
    at _callCircusHook (Q:\_kyle\temp_documents\GitHub\business_scraper\node_modules\jest-circus\build\run.js:281:40)
    at _runTest (Q:\_kyle\temp_documents\GitHub\business_scraper\node_modules\jest-circus\build\run.js:246:5)
    at _runTestsForDescribeBlock (Q:\_kyle\temp_documents\GitHub\business_scraper\node_modules\jest-circus\build\run.js:126:9)
    at _runTestsForDescribeBlock (Q:\_kyle\temp_documents\GitHub\business_scraper\node_modules\jest-circus\build\run.js:121:9)
    at _runTestsForDescribeBlock (Q:\_kyle\temp_documents\GitHub\business_scraper\node_modules\jest-circus\build\run.js:121:9)
    at run (Q:\_kyle\temp_documents\GitHub\business_scraper\node_modules\jest-circus\build\run.js:71:3)
    at runAndTransformResultsToJestFormat (Q:\_kyle\temp_documents\GitHub\business_scraper\node_modules\jest-circus\build\legacy-code-todo-rewrite\jestAdapterInit.js:122:21)
    at jestAdapter (Q:\_kyle\temp_documents\GitHub\business_scraper\node_modules\jest-circus\build\legacy-code-todo-rewrite\jestAdapter.js:79:19)
    at runTestInternal (Q:\_kyle\temp_documents\GitHub\business_scraper\node_modules\jest-runner\build\runTest.js:367:16)
    at runTest (Q:\_kyle\temp_documents\GitHub\business_scraper\node_modules\jest-runner\build\runTest.js:444:34)</li><li><strong>should sanitize payment method data</strong>: TypeError: paymentController.setUser is not a function
    at Object.setUser (Q:\_kyle\temp_documents\GitHub\business_scraper\src\__tests__\controller\paymentController.comprehensive.test.ts:224:25)
    at Promise.then.completed (Q:\_kyle\temp_documents\GitHub\business_scraper\node_modules\jest-circus\build\utils.js:298:28)
    at new Promise (<anonymous>)
    at callAsyncCircusFn (Q:\_kyle\temp_documents\GitHub\business_scraper\node_modules\jest-circus\build\utils.js:231:10)
    at _callCircusHook (Q:\_kyle\temp_documents\GitHub\business_scraper\node_modules\jest-circus\build\run.js:281:40)
    at _runTest (Q:\_kyle\temp_documents\GitHub\business_scraper\node_modules\jest-circus\build\run.js:246:5)
    at _runTestsForDescribeBlock (Q:\_kyle\temp_documents\GitHub\business_scraper\node_modules\jest-circus\build\run.js:126:9)
    at _runTestsForDescribeBlock (Q:\_kyle\temp_documents\GitHub\business_scraper\node_modules\jest-circus\build\run.js:121:9)
    at _runTestsForDescribeBlock (Q:\_kyle\temp_documents\GitHub\business_scraper\node_modules\jest-circus\build\run.js:121:9)
    at run (Q:\_kyle\temp_documents\GitHub\business_scraper\node_modules\jest-circus\build\run.js:71:3)
    at runAndTransformResultsToJestFormat (Q:\_kyle\temp_documents\GitHub\business_scraper\node_modules\jest-circus\build\legacy-code-todo-rewrite\jestAdapterInit.js:122:21)
    at jestAdapter (Q:\_kyle\temp_documents\GitHub\business_scraper\node_modules\jest-circus\build\legacy-code-todo-rewrite\jestAdapter.js:79:19)
    at runTestInternal (Q:\_kyle\temp_documents\GitHub\business_scraper\node_modules\jest-runner\build\runTest.js:367:16)
    at runTest (Q:\_kyle\temp_documents\GitHub\business_scraper\node_modules\jest-runner\build\runTest.js:444:34)</li><li><strong>should handle payment method errors gracefully</strong>: TypeError: paymentController.setUser is not a function
    at Object.setUser (Q:\_kyle\temp_documents\GitHub\business_scraper\src\__tests__\controller\paymentController.comprehensive.test.ts:224:25)
    at Promise.then.completed (Q:\_kyle\temp_documents\GitHub\business_scraper\node_modules\jest-circus\build\utils.js:298:28)
    at new Promise (<anonymous>)
    at callAsyncCircusFn (Q:\_kyle\temp_documents\GitHub\business_scraper\node_modules\jest-circus\build\utils.js:231:10)
    at _callCircusHook (Q:\_kyle\temp_documents\GitHub\business_scraper\node_modules\jest-circus\build\run.js:281:40)
    at _runTest (Q:\_kyle\temp_documents\GitHub\business_scraper\node_modules\jest-circus\build\run.js:246:5)
    at _runTestsForDescribeBlock (Q:\_kyle\temp_documents\GitHub\business_scraper\node_modules\jest-circus\build\run.js:126:9)
    at _runTestsForDescribeBlock (Q:\_kyle\temp_documents\GitHub\business_scraper\node_modules\jest-circus\build\run.js:121:9)
    at _runTestsForDescribeBlock (Q:\_kyle\temp_documents\GitHub\business_scraper\node_modules\jest-circus\build\run.js:121:9)
    at run (Q:\_kyle\temp_documents\GitHub\business_scraper\node_modules\jest-circus\build\run.js:71:3)
    at runAndTransformResultsToJestFormat (Q:\_kyle\temp_documents\GitHub\business_scraper\node_modules\jest-circus\build\legacy-code-todo-rewrite\jestAdapterInit.js:122:21)
    at jestAdapter (Q:\_kyle\temp_documents\GitHub\business_scraper\node_modules\jest-circus\build\legacy-code-todo-rewrite\jestAdapter.js:79:19)
    at runTestInternal (Q:\_kyle\temp_documents\GitHub\business_scraper\node_modules\jest-runner\build\runTest.js:367:16)
    at runTest (Q:\_kyle\temp_documents\GitHub\business_scraper\node_modules\jest-runner\build\runTest.js:444:34)</li><li><strong>should enforce usage limits</strong>: TypeError: paymentController.setUser is not a function
    at Object.setUser (Q:\_kyle\temp_documents\GitHub\business_scraper\src\__tests__\controller\paymentController.comprehensive.test.ts:261:25)
    at Promise.then.completed (Q:\_kyle\temp_documents\GitHub\business_scraper\node_modules\jest-circus\build\utils.js:298:28)
    at new Promise (<anonymous>)
    at callAsyncCircusFn (Q:\_kyle\temp_documents\GitHub\business_scraper\node_modules\jest-circus\build\utils.js:231:10)
    at _callCircusHook (Q:\_kyle\temp_documents\GitHub\business_scraper\node_modules\jest-circus\build\run.js:281:40)
    at _runTest (Q:\_kyle\temp_documents\GitHub\business_scraper\node_modules\jest-circus\build\run.js:246:5)
    at _runTestsForDescribeBlock (Q:\_kyle\temp_documents\GitHub\business_scraper\node_modules\jest-circus\build\run.js:126:9)
    at _runTestsForDescribeBlock (Q:\_kyle\temp_documents\GitHub\business_scraper\node_modules\jest-circus\build\run.js:121:9)
    at _runTestsForDescribeBlock (Q:\_kyle\temp_documents\GitHub\business_scraper\node_modules\jest-circus\build\run.js:121:9)
    at run (Q:\_kyle\temp_documents\GitHub\business_scraper\node_modules\jest-circus\build\run.js:71:3)
    at runAndTransformResultsToJestFormat (Q:\_kyle\temp_documents\GitHub\business_scraper\node_modules\jest-circus\build\legacy-code-todo-rewrite\jestAdapterInit.js:122:21)
    at jestAdapter (Q:\_kyle\temp_documents\GitHub\business_scraper\node_modules\jest-circus\build\legacy-code-todo-rewrite\jestAdapter.js:79:19)
    at runTestInternal (Q:\_kyle\temp_documents\GitHub\business_scraper\node_modules\jest-runner\build\runTest.js:367:16)
    at runTest (Q:\_kyle\temp_documents\GitHub\business_scraper\node_modules\jest-runner\build\runTest.js:444:34)</li><li><strong>should track feature usage securely</strong>: TypeError: paymentController.setUser is not a function
    at Object.setUser (Q:\_kyle\temp_documents\GitHub\business_scraper\src\__tests__\controller\paymentController.comprehensive.test.ts:261:25)
    at Promise.then.completed (Q:\_kyle\temp_documents\GitHub\business_scraper\node_modules\jest-circus\build\utils.js:298:28)
    at new Promise (<anonymous>)
    at callAsyncCircusFn (Q:\_kyle\temp_documents\GitHub\business_scraper\node_modules\jest-circus\build\utils.js:231:10)
    at _callCircusHook (Q:\_kyle\temp_documents\GitHub\business_scraper\node_modules\jest-circus\build\run.js:281:40)
    at _runTest (Q:\_kyle\temp_documents\GitHub\business_scraper\node_modules\jest-circus\build\run.js:246:5)
    at _runTestsForDescribeBlock (Q:\_kyle\temp_documents\GitHub\business_scraper\node_modules\jest-circus\build\run.js:126:9)
    at _runTestsForDescribeBlock (Q:\_kyle\temp_documents\GitHub\business_scraper\node_modules\jest-circus\build\run.js:121:9)
    at _runTestsForDescribeBlock (Q:\_kyle\temp_documents\GitHub\business_scraper\node_modules\jest-circus\build\run.js:121:9)
    at run (Q:\_kyle\temp_documents\GitHub\business_scraper\node_modules\jest-circus\build\run.js:71:3)
    at runAndTransformResultsToJestFormat (Q:\_kyle\temp_documents\GitHub\business_scraper\node_modules\jest-circus\build\legacy-code-todo-rewrite\jestAdapterInit.js:122:21)
    at jestAdapter (Q:\_kyle\temp_documents\GitHub\business_scraper\node_modules\jest-circus\build\legacy-code-todo-rewrite\jestAdapter.js:79:19)
    at runTestInternal (Q:\_kyle\temp_documents\GitHub\business_scraper\node_modules\jest-runner\build\runTest.js:367:16)
    at runTest (Q:\_kyle\temp_documents\GitHub\business_scraper\node_modules\jest-runner\build\runTest.js:444:34)</li><li><strong>should prevent usage manipulation</strong>: TypeError: paymentController.setUser is not a function
    at Object.setUser (Q:\_kyle\temp_documents\GitHub\business_scraper\src\__tests__\controller\paymentController.comprehensive.test.ts:261:25)
    at Promise.then.completed (Q:\_kyle\temp_documents\GitHub\business_scraper\node_modules\jest-circus\build\utils.js:298:28)
    at new Promise (<anonymous>)
    at callAsyncCircusFn (Q:\_kyle\temp_documents\GitHub\business_scraper\node_modules\jest-circus\build\utils.js:231:10)
    at _callCircusHook (Q:\_kyle\temp_documents\GitHub\business_scraper\node_modules\jest-circus\build\run.js:281:40)
    at _runTest (Q:\_kyle\temp_documents\GitHub\business_scraper\node_modules\jest-circus\build\run.js:246:5)
    at _runTestsForDescribeBlock (Q:\_kyle\temp_documents\GitHub\business_scraper\node_modules\jest-circus\build\run.js:126:9)
    at _runTestsForDescribeBlock (Q:\_kyle\temp_documents\GitHub\business_scraper\node_modules\jest-circus\build\run.js:121:9)
    at _runTestsForDescribeBlock (Q:\_kyle\temp_documents\GitHub\business_scraper\node_modules\jest-circus\build\run.js:121:9)
    at run (Q:\_kyle\temp_documents\GitHub\business_scraper\node_modules\jest-circus\build\run.js:71:3)
    at runAndTransformResultsToJestFormat (Q:\_kyle\temp_documents\GitHub\business_scraper\node_modules\jest-circus\build\legacy-code-todo-rewrite\jestAdapterInit.js:122:21)
    at jestAdapter (Q:\_kyle\temp_documents\GitHub\business_scraper\node_modules\jest-circus\build\legacy-code-todo-rewrite\jestAdapter.js:79:19)
    at runTestInternal (Q:\_kyle\temp_documents\GitHub\business_scraper\node_modules\jest-runner\build\runTest.js:367:16)
    at runTest (Q:\_kyle\temp_documents\GitHub\business_scraper\node_modules\jest-runner\build\runTest.js:444:34)</li><li><strong>should validate payment amounts</strong>: TypeError: paymentController.setUser is not a function
    at Object.setUser (Q:\_kyle\temp_documents\GitHub\business_scraper\src\__tests__\controller\paymentController.comprehensive.test.ts:310:25)
    at Promise.then.completed (Q:\_kyle\temp_documents\GitHub\business_scraper\node_modules\jest-circus\build\utils.js:298:28)
    at new Promise (<anonymous>)
    at callAsyncCircusFn (Q:\_kyle\temp_documents\GitHub\business_scraper\node_modules\jest-circus\build\utils.js:231:10)
    at _callCircusHook (Q:\_kyle\temp_documents\GitHub\business_scraper\node_modules\jest-circus\build\run.js:281:40)
    at _runTest (Q:\_kyle\temp_documents\GitHub\business_scraper\node_modules\jest-circus\build\run.js:246:5)
    at _runTestsForDescribeBlock (Q:\_kyle\temp_documents\GitHub\business_scraper\node_modules\jest-circus\build\run.js:126:9)
    at _runTestsForDescribeBlock (Q:\_kyle\temp_documents\GitHub\business_scraper\node_modules\jest-circus\build\run.js:121:9)
    at _runTestsForDescribeBlock (Q:\_kyle\temp_documents\GitHub\business_scraper\node_modules\jest-circus\build\run.js:121:9)
    at run (Q:\_kyle\temp_documents\GitHub\business_scraper\node_modules\jest-circus\build\run.js:71:3)
    at runAndTransformResultsToJestFormat (Q:\_kyle\temp_documents\GitHub\business_scraper\node_modules\jest-circus\build\legacy-code-todo-rewrite\jestAdapterInit.js:122:21)
    at jestAdapter (Q:\_kyle\temp_documents\GitHub\business_scraper\node_modules\jest-circus\build\legacy-code-todo-rewrite\jestAdapter.js:79:19)
    at runTestInternal (Q:\_kyle\temp_documents\GitHub\business_scraper\node_modules\jest-runner\build\runTest.js:367:16)
    at runTest (Q:\_kyle\temp_documents\GitHub\business_scraper\node_modules\jest-runner\build\runTest.js:444:34)</li><li><strong>should prevent currency manipulation</strong>: TypeError: paymentController.setUser is not a function
    at Object.setUser (Q:\_kyle\temp_documents\GitHub\business_scraper\src\__tests__\controller\paymentController.comprehensive.test.ts:310:25)
    at Promise.then.completed (Q:\_kyle\temp_documents\GitHub\business_scraper\node_modules\jest-circus\build\utils.js:298:28)
    at new Promise (<anonymous>)
    at callAsyncCircusFn (Q:\_kyle\temp_documents\GitHub\business_scraper\node_modules\jest-circus\build\utils.js:231:10)
    at _callCircusHook (Q:\_kyle\temp_documents\GitHub\business_scraper\node_modules\jest-circus\build\run.js:281:40)
    at _runTest (Q:\_kyle\temp_documents\GitHub\business_scraper\node_modules\jest-circus\build\run.js:246:5)
    at _runTestsForDescribeBlock (Q:\_kyle\temp_documents\GitHub\business_scraper\node_modules\jest-circus\build\run.js:126:9)
    at _runTestsForDescribeBlock (Q:\_kyle\temp_documents\GitHub\business_scraper\node_modules\jest-circus\build\run.js:121:9)
    at _runTestsForDescribeBlock (Q:\_kyle\temp_documents\GitHub\business_scraper\node_modules\jest-circus\build\run.js:121:9)
    at run (Q:\_kyle\temp_documents\GitHub\business_scraper\node_modules\jest-circus\build\run.js:71:3)
    at runAndTransformResultsToJestFormat (Q:\_kyle\temp_documents\GitHub\business_scraper\node_modules\jest-circus\build\legacy-code-todo-rewrite\jestAdapterInit.js:122:21)
    at jestAdapter (Q:\_kyle\temp_documents\GitHub\business_scraper\node_modules\jest-circus\build\legacy-code-todo-rewrite\jestAdapter.js:79:19)
    at runTestInternal (Q:\_kyle\temp_documents\GitHub\business_scraper\node_modules\jest-runner\build\runTest.js:367:16)
    at runTest (Q:\_kyle\temp_documents\GitHub\business_scraper\node_modules\jest-runner\build\runTest.js:444:34)</li><li><strong>should handle payment failures securely</strong>: TypeError: paymentController.setUser is not a function
    at Object.setUser (Q:\_kyle\temp_documents\GitHub\business_scraper\src\__tests__\controller\paymentController.comprehensive.test.ts:310:25)
    at Promise.then.completed (Q:\_kyle\temp_documents\GitHub\business_scraper\node_modules\jest-circus\build\utils.js:298:28)
    at new Promise (<anonymous>)
    at callAsyncCircusFn (Q:\_kyle\temp_documents\GitHub\business_scraper\node_modules\jest-circus\build\utils.js:231:10)
    at _callCircusHook (Q:\_kyle\temp_documents\GitHub\business_scraper\node_modules\jest-circus\build\run.js:281:40)
    at _runTest (Q:\_kyle\temp_documents\GitHub\business_scraper\node_modules\jest-circus\build\run.js:246:5)
    at _runTestsForDescribeBlock (Q:\_kyle\temp_documents\GitHub\business_scraper\node_modules\jest-circus\build\run.js:126:9)
    at _runTestsForDescribeBlock (Q:\_kyle\temp_documents\GitHub\business_scraper\node_modules\jest-circus\build\run.js:121:9)
    at _runTestsForDescribeBlock (Q:\_kyle\temp_documents\GitHub\business_scraper\node_modules\jest-circus\build\run.js:121:9)
    at run (Q:\_kyle\temp_documents\GitHub\business_scraper\node_modules\jest-circus\build\run.js:71:3)
    at runAndTransformResultsToJestFormat (Q:\_kyle\temp_documents\GitHub\business_scraper\node_modules\jest-circus\build\legacy-code-todo-rewrite\jestAdapterInit.js:122:21)
    at jestAdapter (Q:\_kyle\temp_documents\GitHub\business_scraper\node_modules\jest-circus\build\legacy-code-todo-rewrite\jestAdapter.js:79:19)
    at runTestInternal (Q:\_kyle\temp_documents\GitHub\business_scraper\node_modules\jest-runner\build\runTest.js:367:16)
    at runTest (Q:\_kyle\temp_documents\GitHub\business_scraper\node_modules\jest-runner\build\runTest.js:444:34)</li><li><strong>should emit security events for monitoring</strong>: TypeError: paymentController.setUser is not a function
    at Object.setUser (Q:\_kyle\temp_documents\GitHub\business_scraper\src\__tests__\controller\paymentController.comprehensive.test.ts:347:25)
    at Promise.then.completed (Q:\_kyle\temp_documents\GitHub\business_scraper\node_modules\jest-circus\build\utils.js:298:28)
    at new Promise (<anonymous>)
    at callAsyncCircusFn (Q:\_kyle\temp_documents\GitHub\business_scraper\node_modules\jest-circus\build\utils.js:231:10)
    at _callCircusHook (Q:\_kyle\temp_documents\GitHub\business_scraper\node_modules\jest-circus\build\run.js:281:40)
    at _runTest (Q:\_kyle\temp_documents\GitHub\business_scraper\node_modules\jest-circus\build\run.js:246:5)
    at _runTestsForDescribeBlock (Q:\_kyle\temp_documents\GitHub\business_scraper\node_modules\jest-circus\build\run.js:126:9)
    at _runTestsForDescribeBlock (Q:\_kyle\temp_documents\GitHub\business_scraper\node_modules\jest-circus\build\run.js:121:9)
    at _runTestsForDescribeBlock (Q:\_kyle\temp_documents\GitHub\business_scraper\node_modules\jest-circus\build\run.js:121:9)
    at run (Q:\_kyle\temp_documents\GitHub\business_scraper\node_modules\jest-circus\build\run.js:71:3)
    at runAndTransformResultsToJestFormat (Q:\_kyle\temp_documents\GitHub\business_scraper\node_modules\jest-circus\build\legacy-code-todo-rewrite\jestAdapterInit.js:122:21)
    at jestAdapter (Q:\_kyle\temp_documents\GitHub\business_scraper\node_modules\jest-circus\build\legacy-code-todo-rewrite\jestAdapter.js:79:19)
    at runTestInternal (Q:\_kyle\temp_documents\GitHub\business_scraper\node_modules\jest-runner\build\runTest.js:367:16)
    at runTest (Q:\_kyle\temp_documents\GitHub\business_scraper\node_modules\jest-runner\build\runTest.js:444:34)</li><li><strong>should handle event listener errors gracefully</strong>: TypeError: paymentController.setUser is not a function
    at Object.setUser (Q:\_kyle\temp_documents\GitHub\business_scraper\src\__tests__\controller\paymentController.comprehensive.test.ts:347:25)
    at Promise.then.completed (Q:\_kyle\temp_documents\GitHub\business_scraper\node_modules\jest-circus\build\utils.js:298:28)
    at new Promise (<anonymous>)
    at callAsyncCircusFn (Q:\_kyle\temp_documents\GitHub\business_scraper\node_modules\jest-circus\build\utils.js:231:10)
    at _callCircusHook (Q:\_kyle\temp_documents\GitHub\business_scraper\node_modules\jest-circus\build\run.js:281:40)
    at _runTest (Q:\_kyle\temp_documents\GitHub\business_scraper\node_modules\jest-circus\build\run.js:246:5)
    at _runTestsForDescribeBlock (Q:\_kyle\temp_documents\GitHub\business_scraper\node_modules\jest-circus\build\run.js:126:9)
    at _runTestsForDescribeBlock (Q:\_kyle\temp_documents\GitHub\business_scraper\node_modules\jest-circus\build\run.js:121:9)
    at _runTestsForDescribeBlock (Q:\_kyle\temp_documents\GitHub\business_scraper\node_modules\jest-circus\build\run.js:121:9)
    at run (Q:\_kyle\temp_documents\GitHub\business_scraper\node_modules\jest-circus\build\run.js:71:3)
    at runAndTransformResultsToJestFormat (Q:\_kyle\temp_documents\GitHub\business_scraper\node_modules\jest-circus\build\legacy-code-todo-rewrite\jestAdapterInit.js:122:21)
    at jestAdapter (Q:\_kyle\temp_documents\GitHub\business_scraper\node_modules\jest-circus\build\legacy-code-todo-rewrite\jestAdapter.js:79:19)
    at runTestInternal (Q:\_kyle\temp_documents\GitHub\business_scraper\node_modules\jest-runner\build\runTest.js:367:16)
    at runTest (Q:\_kyle\temp_documents\GitHub\business_scraper\node_modules\jest-runner\build\runTest.js:444:34)</li><li><strong>should sanitize all user inputs</strong>: TypeError: paymentController.setUser is not a function
    at Object.setUser (Q:\_kyle\temp_documents\GitHub\business_scraper\src\__tests__\controller\paymentController.comprehensive.test.ts:374:25)
    at Promise.then.completed (Q:\_kyle\temp_documents\GitHub\business_scraper\node_modules\jest-circus\build\utils.js:298:28)
    at new Promise (<anonymous>)
    at callAsyncCircusFn (Q:\_kyle\temp_documents\GitHub\business_scraper\node_modules\jest-circus\build\utils.js:231:10)
    at _callCircusHook (Q:\_kyle\temp_documents\GitHub\business_scraper\node_modules\jest-circus\build\run.js:281:40)
    at _runTest (Q:\_kyle\temp_documents\GitHub\business_scraper\node_modules\jest-circus\build\run.js:246:5)
    at _runTestsForDescribeBlock (Q:\_kyle\temp_documents\GitHub\business_scraper\node_modules\jest-circus\build\run.js:126:9)
    at _runTestsForDescribeBlock (Q:\_kyle\temp_documents\GitHub\business_scraper\node_modules\jest-circus\build\run.js:121:9)
    at _runTestsForDescribeBlock (Q:\_kyle\temp_documents\GitHub\business_scraper\node_modules\jest-circus\build\run.js:121:9)
    at run (Q:\_kyle\temp_documents\GitHub\business_scraper\node_modules\jest-circus\build\run.js:71:3)
    at runAndTransformResultsToJestFormat (Q:\_kyle\temp_documents\GitHub\business_scraper\node_modules\jest-circus\build\legacy-code-todo-rewrite\jestAdapterInit.js:122:21)
    at jestAdapter (Q:\_kyle\temp_documents\GitHub\business_scraper\node_modules\jest-circus\build\legacy-code-todo-rewrite\jestAdapter.js:79:19)
    at runTestInternal (Q:\_kyle\temp_documents\GitHub\business_scraper\node_modules\jest-runner\build\runTest.js:367:16)
    at runTest (Q:\_kyle\temp_documents\GitHub\business_scraper\node_modules\jest-runner\build\runTest.js:444:34)</li><li><strong>should validate data types and formats</strong>: TypeError: paymentController.setUser is not a function
    at Object.setUser (Q:\_kyle\temp_documents\GitHub\business_scraper\src\__tests__\controller\paymentController.comprehensive.test.ts:374:25)
    at Promise.then.completed (Q:\_kyle\temp_documents\GitHub\business_scraper\node_modules\jest-circus\build\utils.js:298:28)
    at new Promise (<anonymous>)
    at callAsyncCircusFn (Q:\_kyle\temp_documents\GitHub\business_scraper\node_modules\jest-circus\build\utils.js:231:10)
    at _callCircusHook (Q:\_kyle\temp_documents\GitHub\business_scraper\node_modules\jest-circus\build\run.js:281:40)
    at _runTest (Q:\_kyle\temp_documents\GitHub\business_scraper\node_modules\jest-circus\build\run.js:246:5)
    at _runTestsForDescribeBlock (Q:\_kyle\temp_documents\GitHub\business_scraper\node_modules\jest-circus\build\run.js:126:9)
    at _runTestsForDescribeBlock (Q:\_kyle\temp_documents\GitHub\business_scraper\node_modules\jest-circus\build\run.js:121:9)
    at _runTestsForDescribeBlock (Q:\_kyle\temp_documents\GitHub\business_scraper\node_modules\jest-circus\build\run.js:121:9)
    at run (Q:\_kyle\temp_documents\GitHub\business_scraper\node_modules\jest-circus\build\run.js:71:3)
    at runAndTransformResultsToJestFormat (Q:\_kyle\temp_documents\GitHub\business_scraper\node_modules\jest-circus\build\legacy-code-todo-rewrite\jestAdapterInit.js:122:21)
    at jestAdapter (Q:\_kyle\temp_documents\GitHub\business_scraper\node_modules\jest-circus\build\legacy-code-todo-rewrite\jestAdapter.js:79:19)
    at runTestInternal (Q:\_kyle\temp_documents\GitHub\business_scraper\node_modules\jest-runner\build\runTest.js:367:16)
    at runTest (Q:\_kyle\temp_documents\GitHub\business_scraper\node_modules\jest-runner\build\runTest.js:444:34)</li><li><strong>should handle concurrent subscription operations safely</strong>: TypeError: paymentController.setUser is not a function
    at Object.setUser (Q:\_kyle\temp_documents\GitHub\business_scraper\src\__tests__\controller\paymentController.comprehensive.test.ts:406:25)
    at Promise.then.completed (Q:\_kyle\temp_documents\GitHub\business_scraper\node_modules\jest-circus\build\utils.js:298:28)
    at new Promise (<anonymous>)
    at callAsyncCircusFn (Q:\_kyle\temp_documents\GitHub\business_scraper\node_modules\jest-circus\build\utils.js:231:10)
    at _callCircusHook (Q:\_kyle\temp_documents\GitHub\business_scraper\node_modules\jest-circus\build\run.js:281:40)
    at _runTest (Q:\_kyle\temp_documents\GitHub\business_scraper\node_modules\jest-circus\build\run.js:246:5)
    at _runTestsForDescribeBlock (Q:\_kyle\temp_documents\GitHub\business_scraper\node_modules\jest-circus\build\run.js:126:9)
    at _runTestsForDescribeBlock (Q:\_kyle\temp_documents\GitHub\business_scraper\node_modules\jest-circus\build\run.js:121:9)
    at _runTestsForDescribeBlock (Q:\_kyle\temp_documents\GitHub\business_scraper\node_modules\jest-circus\build\run.js:121:9)
    at run (Q:\_kyle\temp_documents\GitHub\business_scraper\node_modules\jest-circus\build\run.js:71:3)
    at runAndTransformResultsToJestFormat (Q:\_kyle\temp_documents\GitHub\business_scraper\node_modules\jest-circus\build\legacy-code-todo-rewrite\jestAdapterInit.js:122:21)
    at jestAdapter (Q:\_kyle\temp_documents\GitHub\business_scraper\node_modules\jest-circus\build\legacy-code-todo-rewrite\jestAdapter.js:79:19)
    at runTestInternal (Q:\_kyle\temp_documents\GitHub\business_scraper\node_modules\jest-runner\build\runTest.js:367:16)
    at runTest (Q:\_kyle\temp_documents\GitHub\business_scraper\node_modules\jest-runner\build\runTest.js:444:34)</li><li><strong>should prevent payment processing race conditions</strong>: TypeError: paymentController.setUser is not a function
    at Object.setUser (Q:\_kyle\temp_documents\GitHub\business_scraper\src\__tests__\controller\paymentController.comprehensive.test.ts:406:25)
    at Promise.then.completed (Q:\_kyle\temp_documents\GitHub\business_scraper\node_modules\jest-circus\build\utils.js:298:28)
    at new Promise (<anonymous>)
    at callAsyncCircusFn (Q:\_kyle\temp_documents\GitHub\business_scraper\node_modules\jest-circus\build\utils.js:231:10)
    at _callCircusHook (Q:\_kyle\temp_documents\GitHub\business_scraper\node_modules\jest-circus\build\run.js:281:40)
    at _runTest (Q:\_kyle\temp_documents\GitHub\business_scraper\node_modules\jest-circus\build\run.js:246:5)
    at _runTestsForDescribeBlock (Q:\_kyle\temp_documents\GitHub\business_scraper\node_modules\jest-circus\build\run.js:126:9)
    at _runTestsForDescribeBlock (Q:\_kyle\temp_documents\GitHub\business_scraper\node_modules\jest-circus\build\run.js:121:9)
    at _runTestsForDescribeBlock (Q:\_kyle\temp_documents\GitHub\business_scraper\node_modules\jest-circus\build\run.js:121:9)
    at run (Q:\_kyle\temp_documents\GitHub\business_scraper\node_modules\jest-circus\build\run.js:71:3)
    at runAndTransformResultsToJestFormat (Q:\_kyle\temp_documents\GitHub\business_scraper\node_modules\jest-circus\build\legacy-code-todo-rewrite\jestAdapterInit.js:122:21)
    at jestAdapter (Q:\_kyle\temp_documents\GitHub\business_scraper\node_modules\jest-circus\build\legacy-code-todo-rewrite\jestAdapter.js:79:19)
    at runTestInternal (Q:\_kyle\temp_documents\GitHub\business_scraper\node_modules\jest-runner\build\runTest.js:367:16)
    at runTest (Q:\_kyle\temp_documents\GitHub\business_scraper\node_modules\jest-runner\build\runTest.js:444:34)</li><li><strong>should reject unauthenticated requests</strong>: TypeError: (0 , _route.POST) is not a function
    at Object.<anonymous> (Q:\_kyle\temp_documents\GitHub\business_scraper\src\__tests__\api\payment\payment-routes.comprehensive.test.ts:110:50)
    at Promise.then.completed (Q:\_kyle\temp_documents\GitHub\business_scraper\node_modules\jest-circus\build\utils.js:298:28)
    at new Promise (<anonymous>)
    at callAsyncCircusFn (Q:\_kyle\temp_documents\GitHub\business_scraper\node_modules\jest-circus\build\utils.js:231:10)
    at _callCircusTest (Q:\_kyle\temp_documents\GitHub\business_scraper\node_modules\jest-circus\build\run.js:316:40)
    at _runTest (Q:\_kyle\temp_documents\GitHub\business_scraper\node_modules\jest-circus\build\run.js:252:3)
    at _runTestsForDescribeBlock (Q:\_kyle\temp_documents\GitHub\business_scraper\node_modules\jest-circus\build\run.js:126:9)
    at _runTestsForDescribeBlock (Q:\_kyle\temp_documents\GitHub\business_scraper\node_modules\jest-circus\build\run.js:121:9)
    at _runTestsForDescribeBlock (Q:\_kyle\temp_documents\GitHub\business_scraper\node_modules\jest-circus\build\run.js:121:9)
    at run (Q:\_kyle\temp_documents\GitHub\business_scraper\node_modules\jest-circus\build\run.js:71:3)
    at runAndTransformResultsToJestFormat (Q:\_kyle\temp_documents\GitHub\business_scraper\node_modules\jest-circus\build\legacy-code-todo-rewrite\jestAdapterInit.js:122:21)
    at jestAdapter (Q:\_kyle\temp_documents\GitHub\business_scraper\node_modules\jest-circus\build\legacy-code-todo-rewrite\jestAdapter.js:79:19)
    at runTestInternal (Q:\_kyle\temp_documents\GitHub\business_scraper\node_modules\jest-runner\build\runTest.js:367:16)
    at runTest (Q:\_kyle\temp_documents\GitHub\business_scraper\node_modules\jest-runner\build\runTest.js:444:34)</li><li><strong>should validate required fields</strong>: TypeError: (0 , _route.POST) is not a function
    at Object.<anonymous> (Q:\_kyle\temp_documents\GitHub\business_scraper\src\__tests__\api\payment\payment-routes.comprehensive.test.ts:119:50)
    at Promise.then.completed (Q:\_kyle\temp_documents\GitHub\business_scraper\node_modules\jest-circus\build\utils.js:298:28)
    at new Promise (<anonymous>)
    at callAsyncCircusFn (Q:\_kyle\temp_documents\GitHub\business_scraper\node_modules\jest-circus\build\utils.js:231:10)
    at _callCircusTest (Q:\_kyle\temp_documents\GitHub\business_scraper\node_modules\jest-circus\build\run.js:316:40)
    at _runTest (Q:\_kyle\temp_documents\GitHub\business_scraper\node_modules\jest-circus\build\run.js:252:3)
    at _runTestsForDescribeBlock (Q:\_kyle\temp_documents\GitHub\business_scraper\node_modules\jest-circus\build\run.js:126:9)
    at _runTestsForDescribeBlock (Q:\_kyle\temp_documents\GitHub\business_scraper\node_modules\jest-circus\build\run.js:121:9)
    at _runTestsForDescribeBlock (Q:\_kyle\temp_documents\GitHub\business_scraper\node_modules\jest-circus\build\run.js:121:9)
    at run (Q:\_kyle\temp_documents\GitHub\business_scraper\node_modules\jest-circus\build\run.js:71:3)
    at runAndTransformResultsToJestFormat (Q:\_kyle\temp_documents\GitHub\business_scraper\node_modules\jest-circus\build\legacy-code-todo-rewrite\jestAdapterInit.js:122:21)
    at jestAdapter (Q:\_kyle\temp_documents\GitHub\business_scraper\node_modules\jest-circus\build\legacy-code-todo-rewrite\jestAdapter.js:79:19)
    at runTestInternal (Q:\_kyle\temp_documents\GitHub\business_scraper\node_modules\jest-runner\build\runTest.js:367:16)
    at runTest (Q:\_kyle\temp_documents\GitHub\business_scraper\node_modules\jest-runner\build\runTest.js:444:34)</li><li><strong>should sanitize customer ID input</strong>: TypeError: (0 , _route.POST) is not a function
    at Object.<anonymous> (Q:\_kyle\temp_documents\GitHub\business_scraper\src\__tests__\api\payment\payment-routes.comprehensive.test.ts:130:50)
    at Promise.then.completed (Q:\_kyle\temp_documents\GitHub\business_scraper\node_modules\jest-circus\build\utils.js:298:28)
    at new Promise (<anonymous>)
    at callAsyncCircusFn (Q:\_kyle\temp_documents\GitHub\business_scraper\node_modules\jest-circus\build\utils.js:231:10)
    at _callCircusTest (Q:\_kyle\temp_documents\GitHub\business_scraper\node_modules\jest-circus\build\run.js:316:40)
    at _runTest (Q:\_kyle\temp_documents\GitHub\business_scraper\node_modules\jest-circus\build\run.js:252:3)
    at _runTestsForDescribeBlock (Q:\_kyle\temp_documents\GitHub\business_scraper\node_modules\jest-circus\build\run.js:126:9)
    at _runTestsForDescribeBlock (Q:\_kyle\temp_documents\GitHub\business_scraper\node_modules\jest-circus\build\run.js:121:9)
    at _runTestsForDescribeBlock (Q:\_kyle\temp_documents\GitHub\business_scraper\node_modules\jest-circus\build\run.js:121:9)
    at run (Q:\_kyle\temp_documents\GitHub\business_scraper\node_modules\jest-circus\build\run.js:71:3)
    at runAndTransformResultsToJestFormat (Q:\_kyle\temp_documents\GitHub\business_scraper\node_modules\jest-circus\build\legacy-code-todo-rewrite\jestAdapterInit.js:122:21)
    at jestAdapter (Q:\_kyle\temp_documents\GitHub\business_scraper\node_modules\jest-circus\build\legacy-code-todo-rewrite\jestAdapter.js:79:19)
    at runTestInternal (Q:\_kyle\temp_documents\GitHub\business_scraper\node_modules\jest-runner\build\runTest.js:367:16)
    at runTest (Q:\_kyle\temp_documents\GitHub\business_scraper\node_modules\jest-runner\build\runTest.js:444:34)</li><li><strong>should validate customer ownership</strong>: TypeError: (0 , _route.POST) is not a function
    at Object.<anonymous> (Q:\_kyle\temp_documents\GitHub\business_scraper\src\__tests__\api\payment\payment-routes.comprehensive.test.ts:147:50)
    at Promise.then.completed (Q:\_kyle\temp_documents\GitHub\business_scraper\node_modules\jest-circus\build\utils.js:298:28)
    at new Promise (<anonymous>)
    at callAsyncCircusFn (Q:\_kyle\temp_documents\GitHub\business_scraper\node_modules\jest-circus\build\utils.js:231:10)
    at _callCircusTest (Q:\_kyle\temp_documents\GitHub\business_scraper\node_modules\jest-circus\build\run.js:316:40)
    at _runTest (Q:\_kyle\temp_documents\GitHub\business_scraper\node_modules\jest-circus\build\run.js:252:3)
    at _runTestsForDescribeBlock (Q:\_kyle\temp_documents\GitHub\business_scraper\node_modules\jest-circus\build\run.js:126:9)
    at _runTestsForDescribeBlock (Q:\_kyle\temp_documents\GitHub\business_scraper\node_modules\jest-circus\build\run.js:121:9)
    at _runTestsForDescribeBlock (Q:\_kyle\temp_documents\GitHub\business_scraper\node_modules\jest-circus\build\run.js:121:9)
    at run (Q:\_kyle\temp_documents\GitHub\business_scraper\node_modules\jest-circus\build\run.js:71:3)
    at runAndTransformResultsToJestFormat (Q:\_kyle\temp_documents\GitHub\business_scraper\node_modules\jest-circus\build\legacy-code-todo-rewrite\jestAdapterInit.js:122:21)
    at jestAdapter (Q:\_kyle\temp_documents\GitHub\business_scraper\node_modules\jest-circus\build\legacy-code-todo-rewrite\jestAdapter.js:79:19)
    at runTestInternal (Q:\_kyle\temp_documents\GitHub\business_scraper\node_modules\jest-runner\build\runTest.js:367:16)
    at runTest (Q:\_kyle\temp_documents\GitHub\business_scraper\node_modules\jest-runner\build\runTest.js:444:34)</li><li><strong>should handle Stripe API errors gracefully</strong>: TypeError: (0 , _route.POST) is not a function
    at Object.<anonymous> (Q:\_kyle\temp_documents\GitHub\business_scraper\src\__tests__\api\payment\payment-routes.comprehensive.test.ts:158:50)
    at Promise.then.completed (Q:\_kyle\temp_documents\GitHub\business_scraper\node_modules\jest-circus\build\utils.js:298:28)
    at new Promise (<anonymous>)
    at callAsyncCircusFn (Q:\_kyle\temp_documents\GitHub\business_scraper\node_modules\jest-circus\build\utils.js:231:10)
    at _callCircusTest (Q:\_kyle\temp_documents\GitHub\business_scraper\node_modules\jest-circus\build\run.js:316:40)
    at _runTest (Q:\_kyle\temp_documents\GitHub\business_scraper\node_modules\jest-circus\build\run.js:252:3)
    at _runTestsForDescribeBlock (Q:\_kyle\temp_documents\GitHub\business_scraper\node_modules\jest-circus\build\run.js:126:9)
    at _runTestsForDescribeBlock (Q:\_kyle\temp_documents\GitHub\business_scraper\node_modules\jest-circus\build\run.js:121:9)
    at _runTestsForDescribeBlock (Q:\_kyle\temp_documents\GitHub\business_scraper\node_modules\jest-circus\build\run.js:121:9)
    at run (Q:\_kyle\temp_documents\GitHub\business_scraper\node_modules\jest-circus\build\run.js:71:3)
    at runAndTransformResultsToJestFormat (Q:\_kyle\temp_documents\GitHub\business_scraper\node_modules\jest-circus\build\legacy-code-todo-rewrite\jestAdapterInit.js:122:21)
    at jestAdapter (Q:\_kyle\temp_documents\GitHub\business_scraper\node_modules\jest-circus\build\legacy-code-todo-rewrite\jestAdapter.js:79:19)
    at runTestInternal (Q:\_kyle\temp_documents\GitHub\business_scraper\node_modules\jest-runner\build\runTest.js:367:16)
    at runTest (Q:\_kyle\temp_documents\GitHub\business_scraper\node_modules\jest-runner\build\runTest.js:444:34)</li><li><strong>should prevent amount manipulation attacks</strong>: TypeError: createPaymentIntentHandler is not a function
    at createPaymentIntentHandler (Q:\_kyle\temp_documents\GitHub\business_scraper\src\app\api\payments\create-intent\route.ts:282:10)
    at Object.<anonymous> (Q:\_kyle\temp_documents\GitHub\business_scraper\src\__tests__\api\payment\payment-routes.comprehensive.test.ts:194:51)
    at Promise.then.completed (Q:\_kyle\temp_documents\GitHub\business_scraper\node_modules\jest-circus\build\utils.js:298:28)
    at new Promise (<anonymous>)
    at callAsyncCircusFn (Q:\_kyle\temp_documents\GitHub\business_scraper\node_modules\jest-circus\build\utils.js:231:10)
    at _callCircusTest (Q:\_kyle\temp_documents\GitHub\business_scraper\node_modules\jest-circus\build\run.js:316:40)
    at _runTest (Q:\_kyle\temp_documents\GitHub\business_scraper\node_modules\jest-circus\build\run.js:252:3)
    at _runTestsForDescribeBlock (Q:\_kyle\temp_documents\GitHub\business_scraper\node_modules\jest-circus\build\run.js:126:9)
    at _runTestsForDescribeBlock (Q:\_kyle\temp_documents\GitHub\business_scraper\node_modules\jest-circus\build\run.js:121:9)
    at _runTestsForDescribeBlock (Q:\_kyle\temp_documents\GitHub\business_scraper\node_modules\jest-circus\build\run.js:121:9)
    at run (Q:\_kyle\temp_documents\GitHub\business_scraper\node_modules\jest-circus\build\run.js:71:3)
    at runAndTransformResultsToJestFormat (Q:\_kyle\temp_documents\GitHub\business_scraper\node_modules\jest-circus\build\legacy-code-todo-rewrite\jestAdapterInit.js:122:21)
    at jestAdapter (Q:\_kyle\temp_documents\GitHub\business_scraper\node_modules\jest-circus\build\legacy-code-todo-rewrite\jestAdapter.js:79:19)
    at runTestInternal (Q:\_kyle\temp_documents\GitHub\business_scraper\node_modules\jest-runner\build\runTest.js:367:16)
    at runTest (Q:\_kyle\temp_documents\GitHub\business_scraper\node_modules\jest-runner\build\runTest.js:444:34)</li><li><strong>should validate currency codes</strong>: TypeError: createPaymentIntentHandler is not a function
    at createPaymentIntentHandler (Q:\_kyle\temp_documents\GitHub\business_scraper\src\app\api\payments\create-intent\route.ts:282:10)
    at Object.<anonymous> (Q:\_kyle\temp_documents\GitHub\business_scraper\src\__tests__\api\payment\payment-routes.comprehensive.test.ts:208:51)
    at Promise.then.completed (Q:\_kyle\temp_documents\GitHub\business_scraper\node_modules\jest-circus\build\utils.js:298:28)
    at new Promise (<anonymous>)
    at callAsyncCircusFn (Q:\_kyle\temp_documents\GitHub\business_scraper\node_modules\jest-circus\build\utils.js:231:10)
    at _callCircusTest (Q:\_kyle\temp_documents\GitHub\business_scraper\node_modules\jest-circus\build\run.js:316:40)
    at _runTest (Q:\_kyle\temp_documents\GitHub\business_scraper\node_modules\jest-circus\build\run.js:252:3)
    at _runTestsForDescribeBlock (Q:\_kyle\temp_documents\GitHub\business_scraper\node_modules\jest-circus\build\run.js:126:9)
    at _runTestsForDescribeBlock (Q:\_kyle\temp_documents\GitHub\business_scraper\node_modules\jest-circus\build\run.js:121:9)
    at _runTestsForDescribeBlock (Q:\_kyle\temp_documents\GitHub\business_scraper\node_modules\jest-circus\build\run.js:121:9)
    at run (Q:\_kyle\temp_documents\GitHub\business_scraper\node_modules\jest-circus\build\run.js:71:3)
    at runAndTransformResultsToJestFormat (Q:\_kyle\temp_documents\GitHub\business_scraper\node_modules\jest-circus\build\legacy-code-todo-rewrite\jestAdapterInit.js:122:21)
    at jestAdapter (Q:\_kyle\temp_documents\GitHub\business_scraper\node_modules\jest-circus\build\legacy-code-todo-rewrite\jestAdapter.js:79:19)
    at runTestInternal (Q:\_kyle\temp_documents\GitHub\business_scraper\node_modules\jest-runner\build\runTest.js:367:16)
    at runTest (Q:\_kyle\temp_documents\GitHub\business_scraper\node_modules\jest-runner\build\runTest.js:444:34)</li><li><strong>should sanitize metadata inputs</strong>: TypeError: createPaymentIntentHandler is not a function
    at createPaymentIntentHandler (Q:\_kyle\temp_documents\GitHub\business_scraper\src\app\api\payments\create-intent\route.ts:282:10)
    at Object.<anonymous> (Q:\_kyle\temp_documents\GitHub\business_scraper\src\__tests__\api\payment\payment-routes.comprehensive.test.ts:234:49)
    at Promise.then.completed (Q:\_kyle\temp_documents\GitHub\business_scraper\node_modules\jest-circus\build\utils.js:298:28)
    at new Promise (<anonymous>)
    at callAsyncCircusFn (Q:\_kyle\temp_documents\GitHub\business_scraper\node_modules\jest-circus\build\utils.js:231:10)
    at _callCircusTest (Q:\_kyle\temp_documents\GitHub\business_scraper\node_modules\jest-circus\build\run.js:316:40)
    at _runTest (Q:\_kyle\temp_documents\GitHub\business_scraper\node_modules\jest-circus\build\run.js:252:3)
    at _runTestsForDescribeBlock (Q:\_kyle\temp_documents\GitHub\business_scraper\node_modules\jest-circus\build\run.js:126:9)
    at _runTestsForDescribeBlock (Q:\_kyle\temp_documents\GitHub\business_scraper\node_modules\jest-circus\build\run.js:121:9)
    at _runTestsForDescribeBlock (Q:\_kyle\temp_documents\GitHub\business_scraper\node_modules\jest-circus\build\run.js:121:9)
    at run (Q:\_kyle\temp_documents\GitHub\business_scraper\node_modules\jest-circus\build\run.js:71:3)
    at runAndTransformResultsToJestFormat (Q:\_kyle\temp_documents\GitHub\business_scraper\node_modules\jest-circus\build\legacy-code-todo-rewrite\jestAdapterInit.js:122:21)
    at jestAdapter (Q:\_kyle\temp_documents\GitHub\business_scraper\node_modules\jest-circus\build\legacy-code-todo-rewrite\jestAdapter.js:79:19)
    at runTestInternal (Q:\_kyle\temp_documents\GitHub\business_scraper\node_modules\jest-runner\build\runTest.js:367:16)
    at runTest (Q:\_kyle\temp_documents\GitHub\business_scraper\node_modules\jest-runner\build\runTest.js:444:34)</li><li><strong>should enforce rate limiting for payment creation</strong>: TypeError: createPaymentIntentHandler is not a function
    at createPaymentIntentHandler (Q:\_kyle\temp_documents\GitHub\business_scraper\src\app\api\payments\create-intent\route.ts:282:10)
    at Q:\_kyle\temp_documents\GitHub\business_scraper\src\__tests__\api\payment\payment-routes.comprehensive.test.ts:259:48
    at Array.map (<anonymous>)
    at Object.map (Q:\_kyle\temp_documents\GitHub\business_scraper\src\__tests__\api\payment\payment-routes.comprehensive.test.ts:259:18)
    at Promise.then.completed (Q:\_kyle\temp_documents\GitHub\business_scraper\node_modules\jest-circus\build\utils.js:298:28)
    at new Promise (<anonymous>)
    at callAsyncCircusFn (Q:\_kyle\temp_documents\GitHub\business_scraper\node_modules\jest-circus\build\utils.js:231:10)
    at _callCircusTest (Q:\_kyle\temp_documents\GitHub\business_scraper\node_modules\jest-circus\build\run.js:316:40)
    at _runTest (Q:\_kyle\temp_documents\GitHub\business_scraper\node_modules\jest-circus\build\run.js:252:3)
    at _runTestsForDescribeBlock (Q:\_kyle\temp_documents\GitHub\business_scraper\node_modules\jest-circus\build\run.js:126:9)
    at _runTestsForDescribeBlock (Q:\_kyle\temp_documents\GitHub\business_scraper\node_modules\jest-circus\build\run.js:121:9)
    at _runTestsForDescribeBlock (Q:\_kyle\temp_documents\GitHub\business_scraper\node_modules\jest-circus\build\run.js:121:9)
    at run (Q:\_kyle\temp_documents\GitHub\business_scraper\node_modules\jest-circus\build\run.js:71:3)
    at runAndTransformResultsToJestFormat (Q:\_kyle\temp_documents\GitHub\business_scraper\node_modules\jest-circus\build\legacy-code-todo-rewrite\jestAdapterInit.js:122:21)
    at jestAdapter (Q:\_kyle\temp_documents\GitHub\business_scraper\node_modules\jest-circus\build\legacy-code-todo-rewrite\jestAdapter.js:79:19)
    at runTestInternal (Q:\_kyle\temp_documents\GitHub\business_scraper\node_modules\jest-runner\build\runTest.js:367:16)
    at runTest (Q:\_kyle\temp_documents\GitHub\business_scraper\node_modules\jest-runner\build\runTest.js:444:34)</li><li><strong>should prevent unauthorized access to payment history</strong>: TypeError: (0 , _route2.GET) is not a function
    at Object.<anonymous> (Q:\_kyle\temp_documents\GitHub\business_scraper\src\__tests__\api\payment\payment-routes.comprehensive.test.ts:282:44)
    at Promise.then.completed (Q:\_kyle\temp_documents\GitHub\business_scraper\node_modules\jest-circus\build\utils.js:298:28)
    at new Promise (<anonymous>)
    at callAsyncCircusFn (Q:\_kyle\temp_documents\GitHub\business_scraper\node_modules\jest-circus\build\utils.js:231:10)
    at _callCircusTest (Q:\_kyle\temp_documents\GitHub\business_scraper\node_modules\jest-circus\build\run.js:316:40)
    at _runTest (Q:\_kyle\temp_documents\GitHub\business_scraper\node_modules\jest-circus\build\run.js:252:3)
    at _runTestsForDescribeBlock (Q:\_kyle\temp_documents\GitHub\business_scraper\node_modules\jest-circus\build\run.js:126:9)
    at _runTestsForDescribeBlock (Q:\_kyle\temp_documents\GitHub\business_scraper\node_modules\jest-circus\build\run.js:121:9)
    at _runTestsForDescribeBlock (Q:\_kyle\temp_documents\GitHub\business_scraper\node_modules\jest-circus\build\run.js:121:9)
    at run (Q:\_kyle\temp_documents\GitHub\business_scraper\node_modules\jest-circus\build\run.js:71:3)
    at runAndTransformResultsToJestFormat (Q:\_kyle\temp_documents\GitHub\business_scraper\node_modules\jest-circus\build\legacy-code-todo-rewrite\jestAdapterInit.js:122:21)
    at jestAdapter (Q:\_kyle\temp_documents\GitHub\business_scraper\node_modules\jest-circus\build\legacy-code-todo-rewrite\jestAdapter.js:79:19)
    at runTestInternal (Q:\_kyle\temp_documents\GitHub\business_scraper\node_modules\jest-runner\build\runTest.js:367:16)
    at runTest (Q:\_kyle\temp_documents\GitHub\business_scraper\node_modules\jest-runner\build\runTest.js:444:34)</li><li><strong>should validate pagination parameters</strong>: TypeError: (0 , _route2.GET) is not a function
    at Object.<anonymous> (Q:\_kyle\temp_documents\GitHub\business_scraper\src\__tests__\api\payment\payment-routes.comprehensive.test.ts:298:46)
    at Promise.then.completed (Q:\_kyle\temp_documents\GitHub\business_scraper\node_modules\jest-circus\build\utils.js:298:28)
    at new Promise (<anonymous>)
    at callAsyncCircusFn (Q:\_kyle\temp_documents\GitHub\business_scraper\node_modules\jest-circus\build\utils.js:231:10)
    at _callCircusTest (Q:\_kyle\temp_documents\GitHub\business_scraper\node_modules\jest-circus\build\run.js:316:40)
    at _runTest (Q:\_kyle\temp_documents\GitHub\business_scraper\node_modules\jest-circus\build\run.js:252:3)
    at _runTestsForDescribeBlock (Q:\_kyle\temp_documents\GitHub\business_scraper\node_modules\jest-circus\build\run.js:126:9)
    at _runTestsForDescribeBlock (Q:\_kyle\temp_documents\GitHub\business_scraper\node_modules\jest-circus\build\run.js:121:9)
    at _runTestsForDescribeBlock (Q:\_kyle\temp_documents\GitHub\business_scraper\node_modules\jest-circus\build\run.js:121:9)
    at run (Q:\_kyle\temp_documents\GitHub\business_scraper\node_modules\jest-circus\build\run.js:71:3)
    at runAndTransformResultsToJestFormat (Q:\_kyle\temp_documents\GitHub\business_scraper\node_modules\jest-circus\build\legacy-code-todo-rewrite\jestAdapterInit.js:122:21)
    at jestAdapter (Q:\_kyle\temp_documents\GitHub\business_scraper\node_modules\jest-circus\build\legacy-code-todo-rewrite\jestAdapter.js:79:19)
    at runTestInternal (Q:\_kyle\temp_documents\GitHub\business_scraper\node_modules\jest-runner\build\runTest.js:367:16)
    at runTest (Q:\_kyle\temp_documents\GitHub\business_scraper\node_modules\jest-runner\build\runTest.js:444:34)</li><li><strong>should prevent access to other users payment history</strong>: TypeError: (0 , _route2.GET) is not a function
    at Object.<anonymous> (Q:\_kyle\temp_documents\GitHub\business_scraper\src\__tests__\api\payment\payment-routes.comprehensive.test.ts:310:44)
    at Promise.then.completed (Q:\_kyle\temp_documents\GitHub\business_scraper\node_modules\jest-circus\build\utils.js:298:28)
    at new Promise (<anonymous>)
    at callAsyncCircusFn (Q:\_kyle\temp_documents\GitHub\business_scraper\node_modules\jest-circus\build\utils.js:231:10)
    at _callCircusTest (Q:\_kyle\temp_documents\GitHub\business_scraper\node_modules\jest-circus\build\run.js:316:40)
    at _runTest (Q:\_kyle\temp_documents\GitHub\business_scraper\node_modules\jest-circus\build\run.js:252:3)
    at _runTestsForDescribeBlock (Q:\_kyle\temp_documents\GitHub\business_scraper\node_modules\jest-circus\build\run.js:126:9)
    at _runTestsForDescribeBlock (Q:\_kyle\temp_documents\GitHub\business_scraper\node_modules\jest-circus\build\run.js:121:9)
    at _runTestsForDescribeBlock (Q:\_kyle\temp_documents\GitHub\business_scraper\node_modules\jest-circus\build\run.js:121:9)
    at run (Q:\_kyle\temp_documents\GitHub\business_scraper\node_modules\jest-circus\build\run.js:71:3)
    at runAndTransformResultsToJestFormat (Q:\_kyle\temp_documents\GitHub\business_scraper\node_modules\jest-circus\build\legacy-code-todo-rewrite\jestAdapterInit.js:122:21)
    at jestAdapter (Q:\_kyle\temp_documents\GitHub\business_scraper\node_modules\jest-circus\build\legacy-code-todo-rewrite\jestAdapter.js:79:19)
    at runTestInternal (Q:\_kyle\temp_documents\GitHub\business_scraper\node_modules\jest-runner\build\runTest.js:367:16)
    at runTest (Q:\_kyle\temp_documents\GitHub\business_scraper\node_modules\jest-runner\build\runTest.js:444:34)</li><li><strong>should return sanitized plan information</strong>: TypeError: (0 , _route3.GET) is not a function
    at Object.<anonymous> (Q:\_kyle\temp_documents\GitHub\business_scraper\src\__tests__\api\payment\payment-routes.comprehensive.test.ts:325:42)
    at Promise.then.completed (Q:\_kyle\temp_documents\GitHub\business_scraper\node_modules\jest-circus\build\utils.js:298:28)
    at new Promise (<anonymous>)
    at callAsyncCircusFn (Q:\_kyle\temp_documents\GitHub\business_scraper\node_modules\jest-circus\build\utils.js:231:10)
    at _callCircusTest (Q:\_kyle\temp_documents\GitHub\business_scraper\node_modules\jest-circus\build\run.js:316:40)
    at _runTest (Q:\_kyle\temp_documents\GitHub\business_scraper\node_modules\jest-circus\build\run.js:252:3)
    at _runTestsForDescribeBlock (Q:\_kyle\temp_documents\GitHub\business_scraper\node_modules\jest-circus\build\run.js:126:9)
    at _runTestsForDescribeBlock (Q:\_kyle\temp_documents\GitHub\business_scraper\node_modules\jest-circus\build\run.js:121:9)
    at _runTestsForDescribeBlock (Q:\_kyle\temp_documents\GitHub\business_scraper\node_modules\jest-circus\build\run.js:121:9)
    at run (Q:\_kyle\temp_documents\GitHub\business_scraper\node_modules\jest-circus\build\run.js:71:3)
    at runAndTransformResultsToJestFormat (Q:\_kyle\temp_documents\GitHub\business_scraper\node_modules\jest-circus\build\legacy-code-todo-rewrite\jestAdapterInit.js:122:21)
    at jestAdapter (Q:\_kyle\temp_documents\GitHub\business_scraper\node_modules\jest-circus\build\legacy-code-todo-rewrite\jestAdapter.js:79:19)
    at runTestInternal (Q:\_kyle\temp_documents\GitHub\business_scraper\node_modules\jest-runner\build\runTest.js:367:16)
    at runTest (Q:\_kyle\temp_documents\GitHub\business_scraper\node_modules\jest-runner\build\runTest.js:444:34)</li><li><strong>should prevent subscription tampering</strong>: TypeError: (0 , _route4.POST) is not a function
    at Object.<anonymous> (Q:\_kyle\temp_documents\GitHub\business_scraper\src\__tests__\api\payment\payment-routes.comprehensive.test.ts:359:51)
    at Promise.then.completed (Q:\_kyle\temp_documents\GitHub\business_scraper\node_modules\jest-circus\build\utils.js:298:28)
    at new Promise (<anonymous>)
    at callAsyncCircusFn (Q:\_kyle\temp_documents\GitHub\business_scraper\node_modules\jest-circus\build\utils.js:231:10)
    at _callCircusTest (Q:\_kyle\temp_documents\GitHub\business_scraper\node_modules\jest-circus\build\run.js:316:40)
    at _runTest (Q:\_kyle\temp_documents\GitHub\business_scraper\node_modules\jest-circus\build\run.js:252:3)
    at _runTestsForDescribeBlock (Q:\_kyle\temp_documents\GitHub\business_scraper\node_modules\jest-circus\build\run.js:126:9)
    at _runTestsForDescribeBlock (Q:\_kyle\temp_documents\GitHub\business_scraper\node_modules\jest-circus\build\run.js:121:9)
    at _runTestsForDescribeBlock (Q:\_kyle\temp_documents\GitHub\business_scraper\node_modules\jest-circus\build\run.js:121:9)
    at run (Q:\_kyle\temp_documents\GitHub\business_scraper\node_modules\jest-circus\build\run.js:71:3)
    at runAndTransformResultsToJestFormat (Q:\_kyle\temp_documents\GitHub\business_scraper\node_modules\jest-circus\build\legacy-code-todo-rewrite\jestAdapterInit.js:122:21)
    at jestAdapter (Q:\_kyle\temp_documents\GitHub\business_scraper\node_modules\jest-circus\build\legacy-code-todo-rewrite\jestAdapter.js:79:19)
    at runTestInternal (Q:\_kyle\temp_documents\GitHub\business_scraper\node_modules\jest-runner\build\runTest.js:367:16)
    at runTest (Q:\_kyle\temp_documents\GitHub\business_scraper\node_modules\jest-runner\build\runTest.js:444:34)</li><li><strong>should validate plan existence and pricing</strong>: TypeError: (0 , _route4.POST) is not a function
    at Object.<anonymous> (Q:\_kyle\temp_documents\GitHub\business_scraper\src\__tests__\api\payment\payment-routes.comprehensive.test.ts:367:49)
    at Promise.then.completed (Q:\_kyle\temp_documents\GitHub\business_scraper\node_modules\jest-circus\build\utils.js:298:28)
    at new Promise (<anonymous>)
    at callAsyncCircusFn (Q:\_kyle\temp_documents\GitHub\business_scraper\node_modules\jest-circus\build\utils.js:231:10)
    at _callCircusTest (Q:\_kyle\temp_documents\GitHub\business_scraper\node_modules\jest-circus\build\run.js:316:40)
    at _runTest (Q:\_kyle\temp_documents\GitHub\business_scraper\node_modules\jest-circus\build\run.js:252:3)
    at _runTestsForDescribeBlock (Q:\_kyle\temp_documents\GitHub\business_scraper\node_modules\jest-circus\build\run.js:126:9)
    at _runTestsForDescribeBlock (Q:\_kyle\temp_documents\GitHub\business_scraper\node_modules\jest-circus\build\run.js:121:9)
    at _runTestsForDescribeBlock (Q:\_kyle\temp_documents\GitHub\business_scraper\node_modules\jest-circus\build\run.js:121:9)
    at run (Q:\_kyle\temp_documents\GitHub\business_scraper\node_modules\jest-circus\build\run.js:71:3)
    at runAndTransformResultsToJestFormat (Q:\_kyle\temp_documents\GitHub\business_scraper\node_modules\jest-circus\build\legacy-code-todo-rewrite\jestAdapterInit.js:122:21)
    at jestAdapter (Q:\_kyle\temp_documents\GitHub\business_scraper\node_modules\jest-circus\build\legacy-code-todo-rewrite\jestAdapter.js:79:19)
    at runTestInternal (Q:\_kyle\temp_documents\GitHub\business_scraper\node_modules\jest-runner\build\runTest.js:367:16)
    at runTest (Q:\_kyle\temp_documents\GitHub\business_scraper\node_modules\jest-runner\build\runTest.js:444:34)</li><li><strong>should implement CSRF protection on all POST routes</strong>: TypeError: handler is not a function
    at Object.handler (Q:\_kyle\temp_documents\GitHub\business_scraper\src\__tests__\api\payment\payment-routes.comprehensive.test.ts:391:32)
    at Promise.then.completed (Q:\_kyle\temp_documents\GitHub\business_scraper\node_modules\jest-circus\build\utils.js:298:28)
    at new Promise (<anonymous>)
    at callAsyncCircusFn (Q:\_kyle\temp_documents\GitHub\business_scraper\node_modules\jest-circus\build\utils.js:231:10)
    at _callCircusTest (Q:\_kyle\temp_documents\GitHub\business_scraper\node_modules\jest-circus\build\run.js:316:40)
    at _runTest (Q:\_kyle\temp_documents\GitHub\business_scraper\node_modules\jest-circus\build\run.js:252:3)
    at _runTestsForDescribeBlock (Q:\_kyle\temp_documents\GitHub\business_scraper\node_modules\jest-circus\build\run.js:126:9)
    at _runTestsForDescribeBlock (Q:\_kyle\temp_documents\GitHub\business_scraper\node_modules\jest-circus\build\run.js:121:9)
    at _runTestsForDescribeBlock (Q:\_kyle\temp_documents\GitHub\business_scraper\node_modules\jest-circus\build\run.js:121:9)
    at run (Q:\_kyle\temp_documents\GitHub\business_scraper\node_modules\jest-circus\build\run.js:71:3)
    at runAndTransformResultsToJestFormat (Q:\_kyle\temp_documents\GitHub\business_scraper\node_modules\jest-circus\build\legacy-code-todo-rewrite\jestAdapterInit.js:122:21)
    at jestAdapter (Q:\_kyle\temp_documents\GitHub\business_scraper\node_modules\jest-circus\build\legacy-code-todo-rewrite\jestAdapter.js:79:19)
    at runTestInternal (Q:\_kyle\temp_documents\GitHub\business_scraper\node_modules\jest-runner\build\runTest.js:367:16)
    at runTest (Q:\_kyle\temp_documents\GitHub\business_scraper\node_modules\jest-runner\build\runTest.js:444:34)</li><li><strong>should log all payment-related security events</strong>: TypeError: createPaymentIntentHandler is not a function
    at createPaymentIntentHandler (Q:\_kyle\temp_documents\GitHub\business_scraper\src\app\api\payments\create-intent\route.ts:282:10)
    at Object.<anonymous> (Q:\_kyle\temp_documents\GitHub\business_scraper\src\__tests__\api\payment\payment-routes.comprehensive.test.ts:403:32)
    at Promise.then.completed (Q:\_kyle\temp_documents\GitHub\business_scraper\node_modules\jest-circus\build\utils.js:298:28)
    at new Promise (<anonymous>)
    at callAsyncCircusFn (Q:\_kyle\temp_documents\GitHub\business_scraper\node_modules\jest-circus\build\utils.js:231:10)
    at _callCircusTest (Q:\_kyle\temp_documents\GitHub\business_scraper\node_modules\jest-circus\build\run.js:316:40)
    at _runTest (Q:\_kyle\temp_documents\GitHub\business_scraper\node_modules\jest-circus\build\run.js:252:3)
    at _runTestsForDescribeBlock (Q:\_kyle\temp_documents\GitHub\business_scraper\node_modules\jest-circus\build\run.js:126:9)
    at _runTestsForDescribeBlock (Q:\_kyle\temp_documents\GitHub\business_scraper\node_modules\jest-circus\build\run.js:121:9)
    at _runTestsForDescribeBlock (Q:\_kyle\temp_documents\GitHub\business_scraper\node_modules\jest-circus\build\run.js:121:9)
    at run (Q:\_kyle\temp_documents\GitHub\business_scraper\node_modules\jest-circus\build\run.js:71:3)
    at runAndTransformResultsToJestFormat (Q:\_kyle\temp_documents\GitHub\business_scraper\node_modules\jest-circus\build\legacy-code-todo-rewrite\jestAdapterInit.js:122:21)
    at jestAdapter (Q:\_kyle\temp_documents\GitHub\business_scraper\node_modules\jest-circus\build\legacy-code-todo-rewrite\jestAdapter.js:79:19)
    at runTestInternal (Q:\_kyle\temp_documents\GitHub\business_scraper\node_modules\jest-runner\build\runTest.js:367:16)
    at runTest (Q:\_kyle\temp_documents\GitHub\business_scraper\node_modules\jest-runner\build\runTest.js:444:34)</li><li><strong>should handle concurrent payment requests safely</strong>: TypeError: createPaymentIntentHandler is not a function
    at createPaymentIntentHandler (Q:\_kyle\temp_documents\GitHub\business_scraper\src\app\api\payments\create-intent\route.ts:282:10)
    at Q:\_kyle\temp_documents\GitHub\business_scraper\src\__tests__\api\payment\payment-routes.comprehensive.test.ts:419:35
    at Array.map (<anonymous>)
    at Object.map (Q:\_kyle\temp_documents\GitHub\business_scraper\src\__tests__\api\payment\payment-routes.comprehensive.test.ts:413:54)
    at Promise.then.completed (Q:\_kyle\temp_documents\GitHub\business_scraper\node_modules\jest-circus\build\utils.js:298:28)
    at new Promise (<anonymous>)
    at callAsyncCircusFn (Q:\_kyle\temp_documents\GitHub\business_scraper\node_modules\jest-circus\build\utils.js:231:10)
    at _callCircusTest (Q:\_kyle\temp_documents\GitHub\business_scraper\node_modules\jest-circus\build\run.js:316:40)
    at _runTest (Q:\_kyle\temp_documents\GitHub\business_scraper\node_modules\jest-circus\build\run.js:252:3)
    at _runTestsForDescribeBlock (Q:\_kyle\temp_documents\GitHub\business_scraper\node_modules\jest-circus\build\run.js:126:9)
    at _runTestsForDescribeBlock (Q:\_kyle\temp_documents\GitHub\business_scraper\node_modules\jest-circus\build\run.js:121:9)
    at _runTestsForDescribeBlock (Q:\_kyle\temp_documents\GitHub\business_scraper\node_modules\jest-circus\build\run.js:121:9)
    at run (Q:\_kyle\temp_documents\GitHub\business_scraper\node_modules\jest-circus\build\run.js:71:3)
    at runAndTransformResultsToJestFormat (Q:\_kyle\temp_documents\GitHub\business_scraper\node_modules\jest-circus\build\legacy-code-todo-rewrite\jestAdapterInit.js:122:21)
    at jestAdapter (Q:\_kyle\temp_documents\GitHub\business_scraper\node_modules\jest-circus\build\legacy-code-todo-rewrite\jestAdapter.js:79:19)
    at runTestInternal (Q:\_kyle\temp_documents\GitHub\business_scraper\node_modules\jest-runner\build\runTest.js:367:16)
    at runTest (Q:\_kyle\temp_documents\GitHub\business_scraper\node_modules\jest-runner\build\runTest.js:444:34)</li><li><strong>should validate user ID format</strong>: Error: [2mexpect([22m[31mreceived[39m[2m).[22mrejects[2m.[22mtoThrow[2m()[22m

Received promise resolved instead of rejected
Resolved to value: [31mnull[39m
    at expect (Q:\_kyle\temp_documents\GitHub\business_scraper\node_modules\expect\build\index.js:113:15)
    at Object.expect (Q:\_kyle\temp_documents\GitHub\business_scraper\src\__tests__\model\userPaymentService.comprehensive.test.ts:96:15)
    at Promise.then.completed (Q:\_kyle\temp_documents\GitHub\business_scraper\node_modules\jest-circus\build\utils.js:298:28)
    at new Promise (<anonymous>)
    at callAsyncCircusFn (Q:\_kyle\temp_documents\GitHub\business_scraper\node_modules\jest-circus\build\utils.js:231:10)
    at _callCircusTest (Q:\_kyle\temp_documents\GitHub\business_scraper\node_modules\jest-circus\build\run.js:316:40)
    at _runTest (Q:\_kyle\temp_documents\GitHub\business_scraper\node_modules\jest-circus\build\run.js:252:3)
    at _runTestsForDescribeBlock (Q:\_kyle\temp_documents\GitHub\business_scraper\node_modules\jest-circus\build\run.js:126:9)
    at _runTestsForDescribeBlock (Q:\_kyle\temp_documents\GitHub\business_scraper\node_modules\jest-circus\build\run.js:121:9)
    at _runTestsForDescribeBlock (Q:\_kyle\temp_documents\GitHub\business_scraper\node_modules\jest-circus\build\run.js:121:9)
    at run (Q:\_kyle\temp_documents\GitHub\business_scraper\node_modules\jest-circus\build\run.js:71:3)
    at runAndTransformResultsToJestFormat (Q:\_kyle\temp_documents\GitHub\business_scraper\node_modules\jest-circus\build\legacy-code-todo-rewrite\jestAdapterInit.js:122:21)
    at jestAdapter (Q:\_kyle\temp_documents\GitHub\business_scraper\node_modules\jest-circus\build\legacy-code-todo-rewrite\jestAdapter.js:79:19)
    at runTestInternal (Q:\_kyle\temp_documents\GitHub\business_scraper\node_modules\jest-runner\build\runTest.js:367:16)
    at runTest (Q:\_kyle\temp_documents\GitHub\business_scraper\node_modules\jest-runner\build\runTest.js:444:34)</li><li><strong>should prevent unauthorized profile access</strong>: Error: [2mexpect([22m[31mreceived[39m[2m).[22mrejects[2m.[22mtoThrow[2m()[22m

Received promise resolved instead of rejected
Resolved to value: [31mnull[39m
    at expect (Q:\_kyle\temp_documents\GitHub\business_scraper\node_modules\expect\build\index.js:113:15)
    at Object.expect (Q:\_kyle\temp_documents\GitHub\business_scraper\src\__tests__\model\userPaymentService.comprehensive.test.ts:107:13)
    at Promise.then.completed (Q:\_kyle\temp_documents\GitHub\business_scraper\node_modules\jest-circus\build\utils.js:298:28)
    at new Promise (<anonymous>)
    at callAsyncCircusFn (Q:\_kyle\temp_documents\GitHub\business_scraper\node_modules\jest-circus\build\utils.js:231:10)
    at _callCircusTest (Q:\_kyle\temp_documents\GitHub\business_scraper\node_modules\jest-circus\build\run.js:316:40)
    at _runTest (Q:\_kyle\temp_documents\GitHub\business_scraper\node_modules\jest-circus\build\run.js:252:3)
    at _runTestsForDescribeBlock (Q:\_kyle\temp_documents\GitHub\business_scraper\node_modules\jest-circus\build\run.js:126:9)
    at _runTestsForDescribeBlock (Q:\_kyle\temp_documents\GitHub\business_scraper\node_modules\jest-circus\build\run.js:121:9)
    at _runTestsForDescribeBlock (Q:\_kyle\temp_documents\GitHub\business_scraper\node_modules\jest-circus\build\run.js:121:9)
    at run (Q:\_kyle\temp_documents\GitHub\business_scraper\node_modules\jest-circus\build\run.js:71:3)
    at runAndTransformResultsToJestFormat (Q:\_kyle\temp_documents\GitHub\business_scraper\node_modules\jest-circus\build\legacy-code-todo-rewrite\jestAdapterInit.js:122:21)
    at jestAdapter (Q:\_kyle\temp_documents\GitHub\business_scraper\node_modules\jest-circus\build\legacy-code-todo-rewrite\jestAdapter.js:79:19)
    at runTestInternal (Q:\_kyle\temp_documents\GitHub\business_scraper\node_modules\jest-runner\build\runTest.js:367:16)
    at runTest (Q:\_kyle\temp_documents\GitHub\business_scraper\node_modules\jest-runner\build\runTest.js:444:34)</li><li><strong>should sanitize user input data</strong>: PaymentError: Failed to create or retrieve customer
    at UserPaymentService.ensureStripeCustomer (Q:\_kyle\temp_documents\GitHub\business_scraper\src\model\userPaymentService.ts:58:13)
    at Object.<anonymous> (Q:\_kyle\temp_documents\GitHub\business_scraper\src\__tests__\model\userPaymentService.comprehensive.test.ts:117:7)</li><li><strong>should prevent customer ID manipulation</strong>: PaymentError: Failed to create or retrieve customer
    at UserPaymentService.ensureStripeCustomer (Q:\_kyle\temp_documents\GitHub\business_scraper\src\model\userPaymentService.ts:58:13)
    at Object.<anonymous> (Q:\_kyle\temp_documents\GitHub\business_scraper\src\__tests__\model\userPaymentService.comprehensive.test.ts:161:22)</li><li><strong>should handle Stripe customer creation failures securely</strong>: Error: [2mexpect([22m[31mreceived[39m[2m).[22mrejects[2m.[22mtoThrow[2m([22m[32mexpected[39m[2m)[22m

Expected substring: [32m"Stripe API Error"[39m
Received message:   [31m"Failed to create or retrieve customer"[39m

    [0m [90m 56 |[39m     } [36mcatch[39m (error) {
     [90m 57 |[39m       logger[33m.[39merror([32m'UserPaymentService'[39m[33m,[39m [32m'Failed to ensure Stripe customer'[39m[33m,[39m error)
    [31m[1m>[22m[39m[90m 58 |[39m       [36mthrow[39m [36mnew[39m [33mPaymentError[39m([32m'Failed to create or retrieve customer'[39m[33m,[39m [32m'CUSTOMER_ENSURE_FAILED'[39m)
     [90m    |[39m             [31m[1m^[22m[39m
     [90m 59 |[39m     }
     [90m 60 |[39m   }
     [90m 61 |[39m[0m

      [2mat UserPaymentService.ensureStripeCustomer ([22msrc/model/userPaymentService.ts[2m:58:13)[22m
      [2mat Object.<anonymous> ([22msrc/__tests__/model/userPaymentService.comprehensive.test.ts[2m:176:7)[22m
    at Object.toThrow (Q:\_kyle\temp_documents\GitHub\business_scraper\node_modules\expect\build\index.js:218:22)
    at Object.toThrow (Q:\_kyle\temp_documents\GitHub\business_scraper\src\__tests__\model\userPaymentService.comprehensive.test.ts:180:18)
    at Promise.then.completed (Q:\_kyle\temp_documents\GitHub\business_scraper\node_modules\jest-circus\build\utils.js:298:28)
    at new Promise (<anonymous>)
    at callAsyncCircusFn (Q:\_kyle\temp_documents\GitHub\business_scraper\node_modules\jest-circus\build\utils.js:231:10)
    at _callCircusTest (Q:\_kyle\temp_documents\GitHub\business_scraper\node_modules\jest-circus\build\run.js:316:40)
    at _runTest (Q:\_kyle\temp_documents\GitHub\business_scraper\node_modules\jest-circus\build\run.js:252:3)
    at _runTestsForDescribeBlock (Q:\_kyle\temp_documents\GitHub\business_scraper\node_modules\jest-circus\build\run.js:126:9)
    at _runTestsForDescribeBlock (Q:\_kyle\temp_documents\GitHub\business_scraper\node_modules\jest-circus\build\run.js:121:9)
    at _runTestsForDescribeBlock (Q:\_kyle\temp_documents\GitHub\business_scraper\node_modules\jest-circus\build\run.js:121:9)
    at run (Q:\_kyle\temp_documents\GitHub\business_scraper\node_modules\jest-circus\build\run.js:71:3)
    at runAndTransformResultsToJestFormat (Q:\_kyle\temp_documents\GitHub\business_scraper\node_modules\jest-circus\build\legacy-code-todo-rewrite\jestAdapterInit.js:122:21)
    at jestAdapter (Q:\_kyle\temp_documents\GitHub\business_scraper\node_modules\jest-circus\build\legacy-code-todo-rewrite\jestAdapter.js:79:19)
    at runTestInternal (Q:\_kyle\temp_documents\GitHub\business_scraper\node_modules\jest-runner\build\runTest.js:367:16)
    at runTest (Q:\_kyle\temp_documents\GitHub\business_scraper\node_modules\jest-runner\build\runTest.js:444:34)</li><li><strong>should validate customer metadata integrity</strong>: PaymentError: Failed to create or retrieve customer
    at UserPaymentService.ensureStripeCustomer (Q:\_kyle\temp_documents\GitHub\business_scraper\src\model\userPaymentService.ts:58:13)
    at Object.<anonymous> (Q:\_kyle\temp_documents\GitHub\business_scraper\src\__tests__\model\userPaymentService.comprehensive.test.ts:192:7)</li><li><strong>should validate subscription creation parameters</strong>: Error: [2mexpect([22m[31mreceived[39m[2m).[22mrejects[2m.[22mtoThrow[2m()[22m

Received promise resolved instead of rejected
Resolved to value: [31m{"code": "NO_STRIPE_CUSTOMER", "error": "User does not have a Stripe customer", "success": false}[39m
    at expect (Q:\_kyle\temp_documents\GitHub\business_scraper\node_modules\expect\build\index.js:113:15)
    at Object.expect (Q:\_kyle\temp_documents\GitHub\business_scraper\src\__tests__\model\userPaymentService.comprehensive.test.ts:219:15)
    at Promise.then.completed (Q:\_kyle\temp_documents\GitHub\business_scraper\node_modules\jest-circus\build\utils.js:298:28)
    at new Promise (<anonymous>)
    at callAsyncCircusFn (Q:\_kyle\temp_documents\GitHub\business_scraper\node_modules\jest-circus\build\utils.js:231:10)
    at _callCircusTest (Q:\_kyle\temp_documents\GitHub\business_scraper\node_modules\jest-circus\build\run.js:316:40)
    at _runTest (Q:\_kyle\temp_documents\GitHub\business_scraper\node_modules\jest-circus\build\run.js:252:3)
    at _runTestsForDescribeBlock (Q:\_kyle\temp_documents\GitHub\business_scraper\node_modules\jest-circus\build\run.js:126:9)
    at _runTestsForDescribeBlock (Q:\_kyle\temp_documents\GitHub\business_scraper\node_modules\jest-circus\build\run.js:121:9)
    at _runTestsForDescribeBlock (Q:\_kyle\temp_documents\GitHub\business_scraper\node_modules\jest-circus\build\run.js:121:9)
    at run (Q:\_kyle\temp_documents\GitHub\business_scraper\node_modules\jest-circus\build\run.js:71:3)
    at runAndTransformResultsToJestFormat (Q:\_kyle\temp_documents\GitHub\business_scraper\node_modules\jest-circus\build\legacy-code-todo-rewrite\jestAdapterInit.js:122:21)
    at jestAdapter (Q:\_kyle\temp_documents\GitHub\business_scraper\node_modules\jest-circus\build\legacy-code-todo-rewrite\jestAdapter.js:79:19)
    at runTestInternal (Q:\_kyle\temp_documents\GitHub\business_scraper\node_modules\jest-runner\build\runTest.js:367:16)
    at runTest (Q:\_kyle\temp_documents\GitHub\business_scraper\node_modules\jest-runner\build\runTest.js:444:34)</li><li><strong>should prevent subscription tampering</strong>: Error: [2mexpect([22m[31mjest.fn()[39m[2m).[22mtoHaveBeenCalledWith[2m([22m[32m...expected[39m[2m)[22m

Expected: [32m"cus_test123"[39m, [32m"price_test"[39m, [32mObjectContaining {"metadata": ObjectNotContaining {"bypassPayment": "true", "priceOverride": "0"}}[39m

Number of calls: [31m0[39m
    at Object.toHaveBeenCalledWith (Q:\_kyle\temp_documents\GitHub\business_scraper\src\__tests__\model\userPaymentService.comprehensive.test.ts:245:52)</li><li><strong>should validate subscription ownership before operations</strong>: Error: [2mexpect([22m[31mreceived[39m[2m).[22mrejects[2m.[22mtoThrow[2m()[22m

Received promise resolved instead of rejected
Resolved to value: [31m{"code": "NO_ACTIVE_SUBSCRIPTION", "error": "User does not have an active subscription", "success": false}[39m
    at expect (Q:\_kyle\temp_documents\GitHub\business_scraper\node_modules\expect\build\index.js:113:15)
    at Object.expect (Q:\_kyle\temp_documents\GitHub\business_scraper\src\__tests__\model\userPaymentService.comprehensive.test.ts:264:13)
    at Promise.then.completed (Q:\_kyle\temp_documents\GitHub\business_scraper\node_modules\jest-circus\build\utils.js:298:28)
    at new Promise (<anonymous>)
    at callAsyncCircusFn (Q:\_kyle\temp_documents\GitHub\business_scraper\node_modules\jest-circus\build\utils.js:231:10)
    at _callCircusTest (Q:\_kyle\temp_documents\GitHub\business_scraper\node_modules\jest-circus\build\run.js:316:40)
    at _runTest (Q:\_kyle\temp_documents\GitHub\business_scraper\node_modules\jest-circus\build\run.js:252:3)
    at _runTestsForDescribeBlock (Q:\_kyle\temp_documents\GitHub\business_scraper\node_modules\jest-circus\build\run.js:126:9)
    at _runTestsForDescribeBlock (Q:\_kyle\temp_documents\GitHub\business_scraper\node_modules\jest-circus\build\run.js:121:9)
    at _runTestsForDescribeBlock (Q:\_kyle\temp_documents\GitHub\business_scraper\node_modules\jest-circus\build\run.js:121:9)
    at run (Q:\_kyle\temp_documents\GitHub\business_scraper\node_modules\jest-circus\build\run.js:71:3)
    at runAndTransformResultsToJestFormat (Q:\_kyle\temp_documents\GitHub\business_scraper\node_modules\jest-circus\build\legacy-code-todo-rewrite\jestAdapterInit.js:122:21)
    at jestAdapter (Q:\_kyle\temp_documents\GitHub\business_scraper\node_modules\jest-circus\build\legacy-code-todo-rewrite\jestAdapter.js:79:19)
    at runTestInternal (Q:\_kyle\temp_documents\GitHub\business_scraper\node_modules\jest-runner\build\runTest.js:367:16)
    at runTest (Q:\_kyle\temp_documents\GitHub\business_scraper\node_modules\jest-runner\build\runTest.js:444:34)</li><li><strong>should handle subscription status transitions securely</strong>: TypeError: userPaymentService.updateSubscriptionStatus is not a function
    at Object.updateSubscriptionStatus (Q:\_kyle\temp_documents\GitHub\business_scraper\src\__tests__\model\userPaymentService.comprehensive.test.ts:285:41)
    at Promise.then.completed (Q:\_kyle\temp_documents\GitHub\business_scraper\node_modules\jest-circus\build\utils.js:298:28)
    at new Promise (<anonymous>)
    at callAsyncCircusFn (Q:\_kyle\temp_documents\GitHub\business_scraper\node_modules\jest-circus\build\utils.js:231:10)
    at _callCircusTest (Q:\_kyle\temp_documents\GitHub\business_scraper\node_modules\jest-circus\build\run.js:316:40)
    at _runTest (Q:\_kyle\temp_documents\GitHub\business_scraper\node_modules\jest-circus\build\run.js:252:3)
    at _runTestsForDescribeBlock (Q:\_kyle\temp_documents\GitHub\business_scraper\node_modules\jest-circus\build\run.js:126:9)
    at _runTestsForDescribeBlock (Q:\_kyle\temp_documents\GitHub\business_scraper\node_modules\jest-circus\build\run.js:121:9)
    at _runTestsForDescribeBlock (Q:\_kyle\temp_documents\GitHub\business_scraper\node_modules\jest-circus\build\run.js:121:9)
    at run (Q:\_kyle\temp_documents\GitHub\business_scraper\node_modules\jest-circus\build\run.js:71:3)
    at runAndTransformResultsToJestFormat (Q:\_kyle\temp_documents\GitHub\business_scraper\node_modules\jest-circus\build\legacy-code-todo-rewrite\jestAdapterInit.js:122:21)
    at jestAdapter (Q:\_kyle\temp_documents\GitHub\business_scraper\node_modules\jest-circus\build\legacy-code-todo-rewrite\jestAdapter.js:79:19)
    at runTestInternal (Q:\_kyle\temp_documents\GitHub\business_scraper\node_modules\jest-runner\build\runTest.js:367:16)
    at runTest (Q:\_kyle\temp_documents\GitHub\business_scraper\node_modules\jest-runner\build\runTest.js:444:34)</li><li><strong>should encrypt sensitive payment data</strong>: PaymentError: Failed to update payment profile
    at UserPaymentService.updateUserPaymentProfile (Q:\_kyle\temp_documents\GitHub\business_scraper\src\model\userPaymentService.ts:109:13)
    at Object.<anonymous> (Q:\_kyle\temp_documents\GitHub\business_scraper\src\__tests__\model\userPaymentService.comprehensive.test.ts:313:7)</li><li><strong>should validate billing address data</strong>: Error: [2mexpect([22m[31mreceived[39m[2m).[22mrejects[2m.[22mtoThrow[2m()[22m

Received promise resolved instead of rejected
Resolved to value: [31m{"code": "BILLING_ADDRESS_UPDATE_FAILED", "error": "User does not have a Stripe customer", "success": false}[39m
    at expect (Q:\_kyle\temp_documents\GitHub\business_scraper\node_modules\expect\build\index.js:113:15)
    at Object.expect (Q:\_kyle\temp_documents\GitHub\business_scraper\src\__tests__\model\userPaymentService.comprehensive.test.ts:341:15)
    at Promise.then.completed (Q:\_kyle\temp_documents\GitHub\business_scraper\node_modules\jest-circus\build\utils.js:298:28)
    at new Promise (<anonymous>)
    at callAsyncCircusFn (Q:\_kyle\temp_documents\GitHub\business_scraper\node_modules\jest-circus\build\utils.js:231:10)
    at _callCircusTest (Q:\_kyle\temp_documents\GitHub\business_scraper\node_modules\jest-circus\build\run.js:316:40)
    at _runTest (Q:\_kyle\temp_documents\GitHub\business_scraper\node_modules\jest-circus\build\run.js:252:3)
    at _runTestsForDescribeBlock (Q:\_kyle\temp_documents\GitHub\business_scraper\node_modules\jest-circus\build\run.js:126:9)
    at _runTestsForDescribeBlock (Q:\_kyle\temp_documents\GitHub\business_scraper\node_modules\jest-circus\build\run.js:121:9)
    at _runTestsForDescribeBlock (Q:\_kyle\temp_documents\GitHub\business_scraper\node_modules\jest-circus\build\run.js:121:9)
    at run (Q:\_kyle\temp_documents\GitHub\business_scraper\node_modules\jest-circus\build\run.js:71:3)
    at runAndTransformResultsToJestFormat (Q:\_kyle\temp_documents\GitHub\business_scraper\node_modules\jest-circus\build\legacy-code-todo-rewrite\jestAdapterInit.js:122:21)
    at jestAdapter (Q:\_kyle\temp_documents\GitHub\business_scraper\node_modules\jest-circus\build\legacy-code-todo-rewrite\jestAdapter.js:79:19)
    at runTestInternal (Q:\_kyle\temp_documents\GitHub\business_scraper\node_modules\jest-runner\build\runTest.js:367:16)
    at runTest (Q:\_kyle\temp_documents\GitHub\business_scraper\node_modules\jest-runner\build\runTest.js:444:34)</li><li><strong>should prevent profile data injection</strong>: PaymentError: Failed to update payment profile
    at UserPaymentService.updateUserPaymentProfile (Q:\_kyle\temp_documents\GitHub\business_scraper\src\model\userPaymentService.ts:109:13)
    at Object.<anonymous> (Q:\_kyle\temp_documents\GitHub\business_scraper\src\__tests__\model\userPaymentService.comprehensive.test.ts:358:7)</li><li><strong>should validate usage recording parameters</strong>: TypeError: userPaymentService.recordUsage is not a function
    at Object.recordUsage (Q:\_kyle\temp_documents\GitHub\business_scraper\src\__tests__\model\userPaymentService.comprehensive.test.ts:382:41)
    at Promise.then.completed (Q:\_kyle\temp_documents\GitHub\business_scraper\node_modules\jest-circus\build\utils.js:298:28)
    at new Promise (<anonymous>)
    at callAsyncCircusFn (Q:\_kyle\temp_documents\GitHub\business_scraper\node_modules\jest-circus\build\utils.js:231:10)
    at _callCircusTest (Q:\_kyle\temp_documents\GitHub\business_scraper\node_modules\jest-circus\build\run.js:316:40)
    at _runTest (Q:\_kyle\temp_documents\GitHub\business_scraper\node_modules\jest-circus\build\run.js:252:3)
    at _runTestsForDescribeBlock (Q:\_kyle\temp_documents\GitHub\business_scraper\node_modules\jest-circus\build\run.js:126:9)
    at _runTestsForDescribeBlock (Q:\_kyle\temp_documents\GitHub\business_scraper\node_modules\jest-circus\build\run.js:121:9)
    at _runTestsForDescribeBlock (Q:\_kyle\temp_documents\GitHub\business_scraper\node_modules\jest-circus\build\run.js:121:9)
    at run (Q:\_kyle\temp_documents\GitHub\business_scraper\node_modules\jest-circus\build\run.js:71:3)
    at runAndTransformResultsToJestFormat (Q:\_kyle\temp_documents\GitHub\business_scraper\node_modules\jest-circus\build\legacy-code-todo-rewrite\jestAdapterInit.js:122:21)
    at jestAdapter (Q:\_kyle\temp_documents\GitHub\business_scraper\node_modules\jest-circus\build\legacy-code-todo-rewrite\jestAdapter.js:79:19)
    at runTestInternal (Q:\_kyle\temp_documents\GitHub\business_scraper\node_modules\jest-runner\build\runTest.js:367:16)
    at runTest (Q:\_kyle\temp_documents\GitHub\business_scraper\node_modules\jest-runner\build\runTest.js:444:34)</li><li><strong>should prevent usage manipulation</strong>: TypeError: userPaymentService.recordUsage is not a function
    at Object.recordUsage (Q:\_kyle\temp_documents\GitHub\business_scraper\src\__tests__\model\userPaymentService.comprehensive.test.ts:401:32)
    at Promise.then.completed (Q:\_kyle\temp_documents\GitHub\business_scraper\node_modules\jest-circus\build\utils.js:298:28)
    at new Promise (<anonymous>)
    at callAsyncCircusFn (Q:\_kyle\temp_documents\GitHub\business_scraper\node_modules\jest-circus\build\utils.js:231:10)
    at _callCircusTest (Q:\_kyle\temp_documents\GitHub\business_scraper\node_modules\jest-circus\build\run.js:316:40)
    at _runTest (Q:\_kyle\temp_documents\GitHub\business_scraper\node_modules\jest-circus\build\run.js:252:3)
    at _runTestsForDescribeBlock (Q:\_kyle\temp_documents\GitHub\business_scraper\node_modules\jest-circus\build\run.js:126:9)
    at _runTestsForDescribeBlock (Q:\_kyle\temp_documents\GitHub\business_scraper\node_modules\jest-circus\build\run.js:121:9)
    at _runTestsForDescribeBlock (Q:\_kyle\temp_documents\GitHub\business_scraper\node_modules\jest-circus\build\run.js:121:9)
    at run (Q:\_kyle\temp_documents\GitHub\business_scraper\node_modules\jest-circus\build\run.js:71:3)
    at runAndTransformResultsToJestFormat (Q:\_kyle\temp_documents\GitHub\business_scraper\node_modules\jest-circus\build\legacy-code-todo-rewrite\jestAdapterInit.js:122:21)
    at jestAdapter (Q:\_kyle\temp_documents\GitHub\business_scraper\node_modules\jest-circus\build\legacy-code-todo-rewrite\jestAdapter.js:79:19)
    at runTestInternal (Q:\_kyle\temp_documents\GitHub\business_scraper\node_modules\jest-runner\build\runTest.js:367:16)
    at runTest (Q:\_kyle\temp_documents\GitHub\business_scraper\node_modules\jest-runner\build\runTest.js:444:34)</li><li><strong>should enforce usage limits</strong>: TypeError: userPaymentService.recordUsage is not a function
    at Object.recordUsage (Q:\_kyle\temp_documents\GitHub\business_scraper\src\__tests__\model\userPaymentService.comprehensive.test.ts:427:39)
    at Promise.then.completed (Q:\_kyle\temp_documents\GitHub\business_scraper\node_modules\jest-circus\build\utils.js:298:28)
    at new Promise (<anonymous>)
    at callAsyncCircusFn (Q:\_kyle\temp_documents\GitHub\business_scraper\node_modules\jest-circus\build\utils.js:231:10)
    at _callCircusTest (Q:\_kyle\temp_documents\GitHub\business_scraper\node_modules\jest-circus\build\run.js:316:40)
    at _runTest (Q:\_kyle\temp_documents\GitHub\business_scraper\node_modules\jest-circus\build\run.js:252:3)
    at _runTestsForDescribeBlock (Q:\_kyle\temp_documents\GitHub\business_scraper\node_modules\jest-circus\build\run.js:126:9)
    at _runTestsForDescribeBlock (Q:\_kyle\temp_documents\GitHub\business_scraper\node_modules\jest-circus\build\run.js:121:9)
    at _runTestsForDescribeBlock (Q:\_kyle\temp_documents\GitHub\business_scraper\node_modules\jest-circus\build\run.js:121:9)
    at run (Q:\_kyle\temp_documents\GitHub\business_scraper\node_modules\jest-circus\build\run.js:71:3)
    at runAndTransformResultsToJestFormat (Q:\_kyle\temp_documents\GitHub\business_scraper\node_modules\jest-circus\build\legacy-code-todo-rewrite\jestAdapterInit.js:122:21)
    at jestAdapter (Q:\_kyle\temp_documents\GitHub\business_scraper\node_modules\jest-circus\build\legacy-code-todo-rewrite\jestAdapter.js:79:19)
    at runTestInternal (Q:\_kyle\temp_documents\GitHub\business_scraper\node_modules\jest-runner\build\runTest.js:367:16)
    at runTest (Q:\_kyle\temp_documents\GitHub\business_scraper\node_modules\jest-runner\build\runTest.js:444:34)</li><li><strong>should not expose sensitive data in responses</strong>: Error: [2mexpect([22m[31mreceived[39m[2m).[22mnot[2m.[22mtoHaveProperty[2m([22m[32mpath[39m[2m)[22m

[1mMatcher error[22m: [31mreceived[39m value must not be null nor undefined

Received has value: [31mnull[39m
    at Object.toHaveProperty (Q:\_kyle\temp_documents\GitHub\business_scraper\src\__tests__\model\userPaymentService.comprehensive.test.ts:444:26)</li><li><strong>should implement data retention policies</strong>: Error: [2mexpect([22m[31mjest.fn()[39m[2m).[22mtoHaveBeenCalledWith[2m([22m[32m...expected[39m[2m)[22m

Expected: [32m"UserPaymentService"[39m, [32mStringContaining "Data retention policy triggered"[39m, [32mAny<Object>[39m

Number of calls: [31m0[39m
    at Object.toHaveBeenCalledWith (Q:\_kyle\temp_documents\GitHub\business_scraper\src\__tests__\model\userPaymentService.comprehensive.test.ts:461:31)</li><li><strong>should handle GDPR data deletion requests</strong>: TypeError: userPaymentService.deleteUserData is not a function
    at Object.deleteUserData (Q:\_kyle\temp_documents\GitHub\business_scraper\src\__tests__\model\userPaymentService.comprehensive.test.ts:469:32)
    at Promise.then.completed (Q:\_kyle\temp_documents\GitHub\business_scraper\node_modules\jest-circus\build\utils.js:298:28)
    at new Promise (<anonymous>)
    at callAsyncCircusFn (Q:\_kyle\temp_documents\GitHub\business_scraper\node_modules\jest-circus\build\utils.js:231:10)
    at _callCircusTest (Q:\_kyle\temp_documents\GitHub\business_scraper\node_modules\jest-circus\build\run.js:316:40)
    at _runTest (Q:\_kyle\temp_documents\GitHub\business_scraper\node_modules\jest-circus\build\run.js:252:3)
    at _runTestsForDescribeBlock (Q:\_kyle\temp_documents\GitHub\business_scraper\node_modules\jest-circus\build\run.js:126:9)
    at _runTestsForDescribeBlock (Q:\_kyle\temp_documents\GitHub\business_scraper\node_modules\jest-circus\build\run.js:121:9)
    at _runTestsForDescribeBlock (Q:\_kyle\temp_documents\GitHub\business_scraper\node_modules\jest-circus\build\run.js:121:9)
    at run (Q:\_kyle\temp_documents\GitHub\business_scraper\node_modules\jest-circus\build\run.js:71:3)
    at runAndTransformResultsToJestFormat (Q:\_kyle\temp_documents\GitHub\business_scraper\node_modules\jest-circus\build\legacy-code-todo-rewrite\jestAdapterInit.js:122:21)
    at jestAdapter (Q:\_kyle\temp_documents\GitHub\business_scraper\node_modules\jest-circus\build\legacy-code-todo-rewrite\jestAdapter.js:79:19)
    at runTestInternal (Q:\_kyle\temp_documents\GitHub\business_scraper\node_modules\jest-runner\build\runTest.js:367:16)
    at runTest (Q:\_kyle\temp_documents\GitHub\business_scraper\node_modules\jest-runner\build\runTest.js:444:34)</li><li><strong>should handle storage failures gracefully</strong>: Error: [2mexpect([22m[31mreceived[39m[2m).[22mrejects[2m.[22mtoThrow[2m()[22m

Received promise resolved instead of rejected
Resolved to value: [31mnull[39m
    at expect (Q:\_kyle\temp_documents\GitHub\business_scraper\node_modules\expect\build\index.js:113:15)
    at Object.expect (Q:\_kyle\temp_documents\GitHub\business_scraper\src\__tests__\model\userPaymentService.comprehensive.test.ts:486:13)
    at Promise.then.completed (Q:\_kyle\temp_documents\GitHub\business_scraper\node_modules\jest-circus\build\utils.js:298:28)
    at new Promise (<anonymous>)
    at callAsyncCircusFn (Q:\_kyle\temp_documents\GitHub\business_scraper\node_modules\jest-circus\build\utils.js:231:10)
    at _callCircusTest (Q:\_kyle\temp_documents\GitHub\business_scraper\node_modules\jest-circus\build\run.js:316:40)
    at _runTest (Q:\_kyle\temp_documents\GitHub\business_scraper\node_modules\jest-circus\build\run.js:252:3)
    at _runTestsForDescribeBlock (Q:\_kyle\temp_documents\GitHub\business_scraper\node_modules\jest-circus\build\run.js:126:9)
    at _runTestsForDescribeBlock (Q:\_kyle\temp_documents\GitHub\business_scraper\node_modules\jest-circus\build\run.js:121:9)
    at _runTestsForDescribeBlock (Q:\_kyle\temp_documents\GitHub\business_scraper\node_modules\jest-circus\build\run.js:121:9)
    at run (Q:\_kyle\temp_documents\GitHub\business_scraper\node_modules\jest-circus\build\run.js:71:3)
    at runAndTransformResultsToJestFormat (Q:\_kyle\temp_documents\GitHub\business_scraper\node_modules\jest-circus\build\legacy-code-todo-rewrite\jestAdapterInit.js:122:21)
    at jestAdapter (Q:\_kyle\temp_documents\GitHub\business_scraper\node_modules\jest-circus\build\legacy-code-todo-rewrite\jestAdapter.js:79:19)
    at runTestInternal (Q:\_kyle\temp_documents\GitHub\business_scraper\node_modules\jest-runner\build\runTest.js:367:16)
    at runTest (Q:\_kyle\temp_documents\GitHub\business_scraper\node_modules\jest-runner\build\runTest.js:444:34)</li><li><strong>should implement retry logic for transient failures</strong>: PaymentError: Failed to create or retrieve customer
    at UserPaymentService.ensureStripeCustomer (Q:\_kyle\temp_documents\GitHub\business_scraper\src\model\userPaymentService.ts:58:13)
    at Object.<anonymous> (Q:\_kyle\temp_documents\GitHub\business_scraper\src\__tests__\model\userPaymentService.comprehensive.test.ts:507:22)</li><li><strong>should handle concurrent operations safely</strong>: TypeError: userPaymentService.recordUsage is not a function
    at Object.recordUsage (Q:\_kyle\temp_documents\GitHub\business_scraper\src\__tests__\model\userPaymentService.comprehensive.test.ts:515:28)
    at Promise.then.completed (Q:\_kyle\temp_documents\GitHub\business_scraper\node_modules\jest-circus\build\utils.js:298:28)
    at new Promise (<anonymous>)
    at callAsyncCircusFn (Q:\_kyle\temp_documents\GitHub\business_scraper\node_modules\jest-circus\build\utils.js:231:10)
    at _callCircusTest (Q:\_kyle\temp_documents\GitHub\business_scraper\node_modules\jest-circus\build\run.js:316:40)
    at _runTest (Q:\_kyle\temp_documents\GitHub\business_scraper\node_modules\jest-circus\build\run.js:252:3)
    at _runTestsForDescribeBlock (Q:\_kyle\temp_documents\GitHub\business_scraper\node_modules\jest-circus\build\run.js:126:9)
    at _runTestsForDescribeBlock (Q:\_kyle\temp_documents\GitHub\business_scraper\node_modules\jest-circus\build\run.js:121:9)
    at _runTestsForDescribeBlock (Q:\_kyle\temp_documents\GitHub\business_scraper\node_modules\jest-circus\build\run.js:121:9)
    at run (Q:\_kyle\temp_documents\GitHub\business_scraper\node_modules\jest-circus\build\run.js:71:3)
    at runAndTransformResultsToJestFormat (Q:\_kyle\temp_documents\GitHub\business_scraper\node_modules\jest-circus\build\legacy-code-todo-rewrite\jestAdapterInit.js:122:21)
    at jestAdapter (Q:\_kyle\temp_documents\GitHub\business_scraper\node_modules\jest-circus\build\legacy-code-todo-rewrite\jestAdapter.js:79:19)
    at runTestInternal (Q:\_kyle\temp_documents\GitHub\business_scraper\node_modules\jest-runner\build\runTest.js:367:16)
    at runTest (Q:\_kyle\temp_documents\GitHub\business_scraper\node_modules\jest-runner\build\runTest.js:444:34)</li></ul>

    <p><em>Generated at 2025-10-03T23:25:21.481Z by EnhancedTestLogger</em></p>
</body>
</html>