{"timestamp":"2025-10-03T23:25:20.996Z","suite":"Payment-security-comprehensive","testCase":"should detect and prevent amount manipulation attacks","error":"Error: \u001b[2mexpect(\u001b[22m\u001b[31mreceived\u001b[39m\u001b[2m).\u001b[22mtoBe\u001b[2m(\u001b[22m\u001b[32mexpected\u001b[39m\u001b[2m) // Object.is equality\u001b[22m\n\nExpected: \u001b[32mfalse\u001b[39m\nReceived: \u001b[31mundefined\u001b[39m\n    at Object.toBe (Q:\\_kyle\\temp_documents\\GitHub\\business_scraper\\src\\__tests__\\security\\payment-security-comprehensive.test.ts:131:32)\n    at Promise.then.completed (Q:\\_kyle\\temp_documents\\GitHub\\business_scraper\\node_modules\\jest-circus\\build\\utils.js:298:28)\n    at new Promise (<anonymous>)\n    at callAsyncCircusFn (Q:\\_kyle\\temp_documents\\GitHub\\business_scraper\\node_modules\\jest-circus\\build\\utils.js:231:10)\n    at _callCircusTest (Q:\\_kyle\\temp_documents\\GitHub\\business_scraper\\node_modules\\jest-circus\\build\\run.js:316:40)\n    at _runTest (Q:\\_kyle\\temp_documents\\GitHub\\business_scraper\\node_modules\\jest-circus\\build\\run.js:252:3)\n    at _runTestsForDescribeBlock (Q:\\_kyle\\temp_documents\\GitHub\\business_scraper\\node_modules\\jest-circus\\build\\run.js:126:9)\n    at _runTestsForDescribeBlock (Q:\\_kyle\\temp_documents\\GitHub\\business_scraper\\node_modules\\jest-circus\\build\\run.js:121:9)\n    at _runTestsForDescribeBlock (Q:\\_kyle\\temp_documents\\GitHub\\business_scraper\\node_modules\\jest-circus\\build\\run.js:121:9)\n    at run (Q:\\_kyle\\temp_documents\\GitHub\\business_scraper\\node_modules\\jest-circus\\build\\run.js:71:3)\n    at runAndTransformResultsToJestFormat (Q:\\_kyle\\temp_documents\\GitHub\\business_scraper\\node_modules\\jest-circus\\build\\legacy-code-todo-rewrite\\jestAdapterInit.js:122:21)\n    at jestAdapter (Q:\\_kyle\\temp_documents\\GitHub\\business_scraper\\node_modules\\jest-circus\\build\\legacy-code-todo-rewrite\\jestAdapter.js:79:19)\n    at runTestInternal (Q:\\_kyle\\temp_documents\\GitHub\\business_scraper\\node_modules\\jest-runner\\build\\runTest.js:367:16)\n    at runTest (Q:\\_kyle\\temp_documents\\GitHub\\business_scraper\\node_modules\\jest-runner\\build\\runTest.js:444:34)","metadata":{"file":"Q:\\_kyle\\temp_documents\\GitHub\\business_scraper\\src\\__tests__\\security\\payment-security-comprehensive.test.ts","category":"assertion","severity":"medium","retryCount":0}}
{"timestamp":"2025-10-03T23:25:21.013Z","suite":"Payment-security-comprehensive","testCase":"should detect suspicious payment patterns","error":"TypeError: Cannot read properties of undefined (reading 'success')\n    at Object.success (Q:\\_kyle\\temp_documents\\GitHub\\business_scraper\\src\\__tests__\\security\\payment-security-comprehensive.test.ts:174:23)","metadata":{"file":"Q:\\_kyle\\temp_documents\\GitHub\\business_scraper\\src\\__tests__\\security\\payment-security-comprehensive.test.ts","category":"unknown","severity":"critical","retryCount":0}}
{"timestamp":"2025-10-03T23:25:21.018Z","suite":"Payment-security-comprehensive","testCase":"should implement velocity checks","error":"Error: \u001b[2mexpect(\u001b[22m\u001b[31mreceived\u001b[39m\u001b[2m).\u001b[22mtoBeInstanceOf\u001b[2m(\u001b[22m\u001b[32mexpected\u001b[39m\u001b[2m)\u001b[22m\n\nExpected constructor: \u001b[32mNextResponse\u001b[39m\n\nReceived value has no prototype\nReceived value: \u001b[31mnull\u001b[39m\n    at Object.toBeInstanceOf (Q:\\_kyle\\temp_documents\\GitHub\\business_scraper\\src\\__tests__\\security\\payment-security-comprehensive.test.ts:197:24)","metadata":{"file":"Q:\\_kyle\\temp_documents\\GitHub\\business_scraper\\src\\__tests__\\security\\payment-security-comprehensive.test.ts","category":"assertion","severity":"medium","retryCount":0}}
{"timestamp":"2025-10-03T23:25:21.022Z","suite":"Payment-security-comprehensive","testCase":"should detect card testing attacks","error":"TypeError: Cannot read properties of undefined (reading 'success')\n    at Object.success (Q:\\_kyle\\temp_documents\\GitHub\\business_scraper\\src\\__tests__\\security\\payment-security-comprehensive.test.ts:232:23)","metadata":{"file":"Q:\\_kyle\\temp_documents\\GitHub\\business_scraper\\src\\__tests__\\security\\payment-security-comprehensive.test.ts","category":"unknown","severity":"critical","retryCount":0}}
{"timestamp":"2025-10-03T23:25:21.028Z","suite":"Payment-security-comprehensive","testCase":"should validate PCI-compliant data handling","error":"Error: \u001b[2mexpect(\u001b[22m\u001b[31mreceived\u001b[39m\u001b[2m).\u001b[22mtoBe\u001b[2m(\u001b[22m\u001b[32mexpected\u001b[39m\u001b[2m) // Object.is equality\u001b[22m\n\nExpected: \u001b[32mfalse\u001b[39m\nReceived: \u001b[31mundefined\u001b[39m\n    at Object.toBe (Q:\\_kyle\\temp_documents\\GitHub\\business_scraper\\src\\__tests__\\security\\payment-security-comprehensive.test.ts:294:32)\n    at Promise.then.completed (Q:\\_kyle\\temp_documents\\GitHub\\business_scraper\\node_modules\\jest-circus\\build\\utils.js:298:28)\n    at new Promise (<anonymous>)\n    at callAsyncCircusFn (Q:\\_kyle\\temp_documents\\GitHub\\business_scraper\\node_modules\\jest-circus\\build\\utils.js:231:10)\n    at _callCircusTest (Q:\\_kyle\\temp_documents\\GitHub\\business_scraper\\node_modules\\jest-circus\\build\\run.js:316:40)\n    at _runTest (Q:\\_kyle\\temp_documents\\GitHub\\business_scraper\\node_modules\\jest-circus\\build\\run.js:252:3)\n    at _runTestsForDescribeBlock (Q:\\_kyle\\temp_documents\\GitHub\\business_scraper\\node_modules\\jest-circus\\build\\run.js:126:9)\n    at _runTestsForDescribeBlock (Q:\\_kyle\\temp_documents\\GitHub\\business_scraper\\node_modules\\jest-circus\\build\\run.js:121:9)\n    at _runTestsForDescribeBlock (Q:\\_kyle\\temp_documents\\GitHub\\business_scraper\\node_modules\\jest-circus\\build\\run.js:121:9)\n    at run (Q:\\_kyle\\temp_documents\\GitHub\\business_scraper\\node_modules\\jest-circus\\build\\run.js:71:3)\n    at runAndTransformResultsToJestFormat (Q:\\_kyle\\temp_documents\\GitHub\\business_scraper\\node_modules\\jest-circus\\build\\legacy-code-todo-rewrite\\jestAdapterInit.js:122:21)\n    at jestAdapter (Q:\\_kyle\\temp_documents\\GitHub\\business_scraper\\node_modules\\jest-circus\\build\\legacy-code-todo-rewrite\\jestAdapter.js:79:19)\n    at runTestInternal (Q:\\_kyle\\temp_documents\\GitHub\\business_scraper\\node_modules\\jest-runner\\build\\runTest.js:367:16)\n    at runTest (Q:\\_kyle\\temp_documents\\GitHub\\business_scraper\\node_modules\\jest-runner\\build\\runTest.js:444:34)","metadata":{"file":"Q:\\_kyle\\temp_documents\\GitHub\\business_scraper\\src\\__tests__\\security\\payment-security-comprehensive.test.ts","category":"assertion","severity":"medium","retryCount":0}}
{"timestamp":"2025-10-03T23:25:21.036Z","suite":"Payment-security-comprehensive","testCase":"should enforce secure transmission requirements","error":"Error: \u001b[2mexpect(\u001b[22m\u001b[31mreceived\u001b[39m\u001b[2m).\u001b[22mtoBe\u001b[2m(\u001b[22m\u001b[32mexpected\u001b[39m\u001b[2m) // Object.is equality\u001b[22m\n\nExpected: \u001b[32m200\u001b[39m\nReceived: \u001b[31m403\u001b[39m\n    at Object.toBe (Q:\\_kyle\\temp_documents\\GitHub\\business_scraper\\src\\__tests__\\security\\payment-security-comprehensive.test.ts:327:35)","metadata":{"file":"Q:\\_kyle\\temp_documents\\GitHub\\business_scraper\\src\\__tests__\\security\\payment-security-comprehensive.test.ts","category":"assertion","severity":"medium","retryCount":0}}
{"timestamp":"2025-10-03T23:25:21.042Z","suite":"Payment-security-comprehensive","testCase":"should validate subscription plan pricing","error":"TypeError: Cannot read properties of undefined (reading 'success')\n    at Object.success (Q:\\_kyle\\temp_documents\\GitHub\\business_scraper\\src\\__tests__\\security\\payment-security-comprehensive.test.ts:355:23)","metadata":{"file":"Q:\\_kyle\\temp_documents\\GitHub\\business_scraper\\src\\__tests__\\security\\payment-security-comprehensive.test.ts","category":"unknown","severity":"critical","retryCount":0}}
{"timestamp":"2025-10-03T23:25:21.047Z","suite":"Payment-security-comprehensive","testCase":"should prevent discount manipulation","error":"Error: \u001b[2mexpect(\u001b[22m\u001b[31mreceived\u001b[39m\u001b[2m).\u001b[22mtoBe\u001b[2m(\u001b[22m\u001b[32mexpected\u001b[39m\u001b[2m) // Object.is equality\u001b[22m\n\nExpected: \u001b[32mfalse\u001b[39m\nReceived: \u001b[31mundefined\u001b[39m\n    at Object.toBe (Q:\\_kyle\\temp_documents\\GitHub\\business_scraper\\src\\__tests__\\security\\payment-security-comprehensive.test.ts:377:32)\n    at Promise.then.completed (Q:\\_kyle\\temp_documents\\GitHub\\business_scraper\\node_modules\\jest-circus\\build\\utils.js:298:28)\n    at new Promise (<anonymous>)\n    at callAsyncCircusFn (Q:\\_kyle\\temp_documents\\GitHub\\business_scraper\\node_modules\\jest-circus\\build\\utils.js:231:10)\n    at _callCircusTest (Q:\\_kyle\\temp_documents\\GitHub\\business_scraper\\node_modules\\jest-circus\\build\\run.js:316:40)\n    at _runTest (Q:\\_kyle\\temp_documents\\GitHub\\business_scraper\\node_modules\\jest-circus\\build\\run.js:252:3)\n    at _runTestsForDescribeBlock (Q:\\_kyle\\temp_documents\\GitHub\\business_scraper\\node_modules\\jest-circus\\build\\run.js:126:9)\n    at _runTestsForDescribeBlock (Q:\\_kyle\\temp_documents\\GitHub\\business_scraper\\node_modules\\jest-circus\\build\\run.js:121:9)\n    at _runTestsForDescribeBlock (Q:\\_kyle\\temp_documents\\GitHub\\business_scraper\\node_modules\\jest-circus\\build\\run.js:121:9)\n    at run (Q:\\_kyle\\temp_documents\\GitHub\\business_scraper\\node_modules\\jest-circus\\build\\run.js:71:3)\n    at runAndTransformResultsToJestFormat (Q:\\_kyle\\temp_documents\\GitHub\\business_scraper\\node_modules\\jest-circus\\build\\legacy-code-todo-rewrite\\jestAdapterInit.js:122:21)\n    at jestAdapter (Q:\\_kyle\\temp_documents\\GitHub\\business_scraper\\node_modules\\jest-circus\\build\\legacy-code-todo-rewrite\\jestAdapter.js:79:19)\n    at runTestInternal (Q:\\_kyle\\temp_documents\\GitHub\\business_scraper\\node_modules\\jest-runner\\build\\runTest.js:367:16)\n    at runTest (Q:\\_kyle\\temp_documents\\GitHub\\business_scraper\\node_modules\\jest-runner\\build\\runTest.js:444:34)","metadata":{"file":"Q:\\_kyle\\temp_documents\\GitHub\\business_scraper\\src\\__tests__\\security\\payment-security-comprehensive.test.ts","category":"assertion","severity":"medium","retryCount":0}}
{"timestamp":"2025-10-03T23:25:21.054Z","suite":"Payment-security-comprehensive","testCase":"should validate currency conversion rates","error":"TypeError: Cannot read properties of undefined (reading 'success')\n    at Object.success (Q:\\_kyle\\temp_documents\\GitHub\\business_scraper\\src\\__tests__\\security\\payment-security-comprehensive.test.ts:402:23)","metadata":{"file":"Q:\\_kyle\\temp_documents\\GitHub\\business_scraper\\src\\__tests__\\security\\payment-security-comprehensive.test.ts","category":"unknown","severity":"critical","retryCount":0}}
{"timestamp":"2025-10-03T23:25:21.060Z","suite":"Payment-security-comprehensive","testCase":"should sanitize all user input fields","error":"TypeError: Cannot read properties of undefined (reading 'description')\n    at Object.description (Q:\\_kyle\\temp_documents\\GitHub\\business_scraper\\src\\__tests__\\security\\payment-security-comprehensive.test.ts:426:35)\n    at Promise.then.completed (Q:\\_kyle\\temp_documents\\GitHub\\business_scraper\\node_modules\\jest-circus\\build\\utils.js:298:28)\n    at new Promise (<anonymous>)\n    at callAsyncCircusFn (Q:\\_kyle\\temp_documents\\GitHub\\business_scraper\\node_modules\\jest-circus\\build\\utils.js:231:10)\n    at _callCircusTest (Q:\\_kyle\\temp_documents\\GitHub\\business_scraper\\node_modules\\jest-circus\\build\\run.js:316:40)\n    at _runTest (Q:\\_kyle\\temp_documents\\GitHub\\business_scraper\\node_modules\\jest-circus\\build\\run.js:252:3)\n    at _runTestsForDescribeBlock (Q:\\_kyle\\temp_documents\\GitHub\\business_scraper\\node_modules\\jest-circus\\build\\run.js:126:9)\n    at _runTestsForDescribeBlock (Q:\\_kyle\\temp_documents\\GitHub\\business_scraper\\node_modules\\jest-circus\\build\\run.js:121:9)\n    at _runTestsForDescribeBlock (Q:\\_kyle\\temp_documents\\GitHub\\business_scraper\\node_modules\\jest-circus\\build\\run.js:121:9)\n    at run (Q:\\_kyle\\temp_documents\\GitHub\\business_scraper\\node_modules\\jest-circus\\build\\run.js:71:3)\n    at runAndTransformResultsToJestFormat (Q:\\_kyle\\temp_documents\\GitHub\\business_scraper\\node_modules\\jest-circus\\build\\legacy-code-todo-rewrite\\jestAdapterInit.js:122:21)\n    at jestAdapter (Q:\\_kyle\\temp_documents\\GitHub\\business_scraper\\node_modules\\jest-circus\\build\\legacy-code-todo-rewrite\\jestAdapter.js:79:19)\n    at runTestInternal (Q:\\_kyle\\temp_documents\\GitHub\\business_scraper\\node_modules\\jest-runner\\build\\runTest.js:367:16)\n    at runTest (Q:\\_kyle\\temp_documents\\GitHub\\business_scraper\\node_modules\\jest-runner\\build\\runTest.js:444:34)","metadata":{"file":"Q:\\_kyle\\temp_documents\\GitHub\\business_scraper\\src\\__tests__\\security\\payment-security-comprehensive.test.ts","category":"async","severity":"critical","retryCount":0}}
{"timestamp":"2025-10-03T23:25:21.067Z","suite":"Payment-security-comprehensive","testCase":"should validate data types and formats","error":"Error: \u001b[2mexpect(\u001b[22m\u001b[31mreceived\u001b[39m\u001b[2m).\u001b[22mtoBe\u001b[2m(\u001b[22m\u001b[32mexpected\u001b[39m\u001b[2m) // Object.is equality\u001b[22m\n\nExpected: \u001b[32mfalse\u001b[39m\nReceived: \u001b[31mundefined\u001b[39m\n    at Object.toBe (Q:\\_kyle\\temp_documents\\GitHub\\business_scraper\\src\\__tests__\\security\\payment-security-comprehensive.test.ts:445:30)\n    at Promise.then.completed (Q:\\_kyle\\temp_documents\\GitHub\\business_scraper\\node_modules\\jest-circus\\build\\utils.js:298:28)\n    at new Promise (<anonymous>)\n    at callAsyncCircusFn (Q:\\_kyle\\temp_documents\\GitHub\\business_scraper\\node_modules\\jest-circus\\build\\utils.js:231:10)\n    at _callCircusTest (Q:\\_kyle\\temp_documents\\GitHub\\business_scraper\\node_modules\\jest-circus\\build\\run.js:316:40)\n    at _runTest (Q:\\_kyle\\temp_documents\\GitHub\\business_scraper\\node_modules\\jest-circus\\build\\run.js:252:3)\n    at _runTestsForDescribeBlock (Q:\\_kyle\\temp_documents\\GitHub\\business_scraper\\node_modules\\jest-circus\\build\\run.js:126:9)\n    at _runTestsForDescribeBlock (Q:\\_kyle\\temp_documents\\GitHub\\business_scraper\\node_modules\\jest-circus\\build\\run.js:121:9)\n    at _runTestsForDescribeBlock (Q:\\_kyle\\temp_documents\\GitHub\\business_scraper\\node_modules\\jest-circus\\build\\run.js:121:9)\n    at run (Q:\\_kyle\\temp_documents\\GitHub\\business_scraper\\node_modules\\jest-circus\\build\\run.js:71:3)\n    at runAndTransformResultsToJestFormat (Q:\\_kyle\\temp_documents\\GitHub\\business_scraper\\node_modules\\jest-circus\\build\\legacy-code-todo-rewrite\\jestAdapterInit.js:122:21)\n    at jestAdapter (Q:\\_kyle\\temp_documents\\GitHub\\business_scraper\\node_modules\\jest-circus\\build\\legacy-code-todo-rewrite\\jestAdapter.js:79:19)\n    at runTestInternal (Q:\\_kyle\\temp_documents\\GitHub\\business_scraper\\node_modules\\jest-runner\\build\\runTest.js:367:16)\n    at runTest (Q:\\_kyle\\temp_documents\\GitHub\\business_scraper\\node_modules\\jest-runner\\build\\runTest.js:444:34)","metadata":{"file":"Q:\\_kyle\\temp_documents\\GitHub\\business_scraper\\src\\__tests__\\security\\payment-security-comprehensive.test.ts","category":"assertion","severity":"medium","retryCount":0}}
{"timestamp":"2025-10-03T23:25:21.073Z","suite":"Payment-security-comprehensive","testCase":"should enforce field length limits","error":"TypeError: Cannot read properties of undefined (reading 'description')\n    at Object.description (Q:\\_kyle\\temp_documents\\GitHub\\business_scraper\\src\\__tests__\\security\\payment-security-comprehensive.test.ts:460:35)\n    at Promise.then.completed (Q:\\_kyle\\temp_documents\\GitHub\\business_scraper\\node_modules\\jest-circus\\build\\utils.js:298:28)\n    at new Promise (<anonymous>)\n    at callAsyncCircusFn (Q:\\_kyle\\temp_documents\\GitHub\\business_scraper\\node_modules\\jest-circus\\build\\utils.js:231:10)\n    at _callCircusTest (Q:\\_kyle\\temp_documents\\GitHub\\business_scraper\\node_modules\\jest-circus\\build\\run.js:316:40)\n    at _runTest (Q:\\_kyle\\temp_documents\\GitHub\\business_scraper\\node_modules\\jest-circus\\build\\run.js:252:3)\n    at _runTestsForDescribeBlock (Q:\\_kyle\\temp_documents\\GitHub\\business_scraper\\node_modules\\jest-circus\\build\\run.js:126:9)\n    at _runTestsForDescribeBlock (Q:\\_kyle\\temp_documents\\GitHub\\business_scraper\\node_modules\\jest-circus\\build\\run.js:121:9)\n    at _runTestsForDescribeBlock (Q:\\_kyle\\temp_documents\\GitHub\\business_scraper\\node_modules\\jest-circus\\build\\run.js:121:9)\n    at run (Q:\\_kyle\\temp_documents\\GitHub\\business_scraper\\node_modules\\jest-circus\\build\\run.js:71:3)\n    at runAndTransformResultsToJestFormat (Q:\\_kyle\\temp_documents\\GitHub\\business_scraper\\node_modules\\jest-circus\\build\\legacy-code-todo-rewrite\\jestAdapterInit.js:122:21)\n    at jestAdapter (Q:\\_kyle\\temp_documents\\GitHub\\business_scraper\\node_modules\\jest-circus\\build\\legacy-code-todo-rewrite\\jestAdapter.js:79:19)\n    at runTestInternal (Q:\\_kyle\\temp_documents\\GitHub\\business_scraper\\node_modules\\jest-runner\\build\\runTest.js:367:16)\n    at runTest (Q:\\_kyle\\temp_documents\\GitHub\\business_scraper\\node_modules\\jest-runner\\build\\runTest.js:444:34)","metadata":{"file":"Q:\\_kyle\\temp_documents\\GitHub\\business_scraper\\src\\__tests__\\security\\payment-security-comprehensive.test.ts","category":"async","severity":"critical","retryCount":0}}
{"timestamp":"2025-10-03T23:25:21.080Z","suite":"Payment-security-comprehensive","testCase":"should validate CSRF tokens on payment requests","error":"Error: \u001b[2mexpect(\u001b[22m\u001b[31mreceived\u001b[39m\u001b[2m).\u001b[22mtoBeInstanceOf\u001b[2m(\u001b[22m\u001b[32mexpected\u001b[39m\u001b[2m)\u001b[22m\n\nExpected constructor: \u001b[32mNextResponse\u001b[39m\n\nReceived value has no prototype\nReceived value: \u001b[31mfalse\u001b[39m\n    at Object.toBeInstanceOf (Q:\\_kyle\\temp_documents\\GitHub\\business_scraper\\src\\__tests__\\security\\payment-security-comprehensive.test.ts:486:24)","metadata":{"file":"Q:\\_kyle\\temp_documents\\GitHub\\business_scraper\\src\\__tests__\\security\\payment-security-comprehensive.test.ts","category":"assertion","severity":"medium","retryCount":0}}
{"timestamp":"2025-10-03T23:25:21.086Z","suite":"Payment-security-comprehensive","testCase":"should prevent CSRF attacks with valid tokens","error":"Error: \u001b[2mexpect(\u001b[22m\u001b[31mreceived\u001b[39m\u001b[2m).\u001b[22mtoBeNull\u001b[2m()\u001b[22m\n\nReceived: \u001b[31mfalse\u001b[39m\n    at Object.toBeNull (Q:\\_kyle\\temp_documents\\GitHub\\business_scraper\\src\\__tests__\\security\\payment-security-comprehensive.test.ts:507:22)","metadata":{"file":"Q:\\_kyle\\temp_documents\\GitHub\\business_scraper\\src\\__tests__\\security\\payment-security-comprehensive.test.ts","category":"assertion","severity":"medium","retryCount":0}}
{"timestamp":"2025-10-03T23:25:21.096Z","suite":"Payment Controller.comprehensive","testCase":"should reject operations without authenticated user","error":"Error: \u001b[2mexpect(\u001b[22m\u001b[31mreceived\u001b[39m\u001b[2m).\u001b[22mrejects\u001b[2m.\u001b[22mtoThrow\u001b[2m(\u001b[22m\u001b[32mexpected\u001b[39m\u001b[2m)\u001b[22m\n\nExpected substring: \u001b[32m\"No user set\"\u001b[39m\nReceived message:   \u001b[31m\"No active subscription to cancel\"\u001b[39m\n\n    \u001b[0m \u001b[90m 171 |\u001b[39m   \u001b[36masync\u001b[39m cancelSubscription()\u001b[33m:\u001b[39m \u001b[33mPromise\u001b[39m\u001b[33m<\u001b[39m\u001b[36mvoid\u001b[39m\u001b[33m>\u001b[39m {\n     \u001b[90m 172 |\u001b[39m     \u001b[36mif\u001b[39m (\u001b[33m!\u001b[39m\u001b[36mthis\u001b[39m\u001b[33m.\u001b[39muserSubscription) {\n    \u001b[31m\u001b[1m>\u001b[22m\u001b[39m\u001b[90m 173 |\u001b[39m       \u001b[36mthrow\u001b[39m \u001b[36mnew\u001b[39m \u001b[33mError\u001b[39m(\u001b[32m'No active subscription to cancel'\u001b[39m)\n     \u001b[90m     |\u001b[39m             \u001b[31m\u001b[1m^\u001b[22m\u001b[39m\n     \u001b[90m 174 |\u001b[39m     }\n     \u001b[90m 175 |\u001b[39m\n     \u001b[90m 176 |\u001b[39m     \u001b[36mtry\u001b[39m {\u001b[0m\n\n      \u001b[2mat PaymentController.cancelSubscription (\u001b[22msrc/controller/paymentController.ts\u001b[2m:173:13)\u001b[22m\n      \u001b[2mat Object.cancelSubscription (\u001b[22msrc/__tests__/controller/paymentController.comprehensive.test.ts\u001b[2m:115:38)\u001b[22m\n    at Object.toThrow (Q:\\_kyle\\temp_documents\\GitHub\\business_scraper\\node_modules\\expect\\build\\index.js:218:22)\n    at Object.toThrow (Q:\\_kyle\\temp_documents\\GitHub\\business_scraper\\src\\__tests__\\controller\\paymentController.comprehensive.test.ts:115:68)","metadata":{"file":"Q:\\_kyle\\temp_documents\\GitHub\\business_scraper\\src\\__tests__\\controller\\paymentController.comprehensive.test.ts","category":"assertion","severity":"medium","retryCount":0}}
{"timestamp":"2025-10-03T23:25:21.104Z","suite":"Payment Controller.comprehensive","testCase":"should validate user permissions for payment operations","error":"TypeError: paymentController.setUser is not a function\n    at Object.setUser (Q:\\_kyle\\temp_documents\\GitHub\\business_scraper\\src\\__tests__\\controller\\paymentController.comprehensive.test.ts:121:25)\n    at Promise.then.completed (Q:\\_kyle\\temp_documents\\GitHub\\business_scraper\\node_modules\\jest-circus\\build\\utils.js:298:28)\n    at new Promise (<anonymous>)\n    at callAsyncCircusFn (Q:\\_kyle\\temp_documents\\GitHub\\business_scraper\\node_modules\\jest-circus\\build\\utils.js:231:10)\n    at _callCircusTest (Q:\\_kyle\\temp_documents\\GitHub\\business_scraper\\node_modules\\jest-circus\\build\\run.js:316:40)\n    at _runTest (Q:\\_kyle\\temp_documents\\GitHub\\business_scraper\\node_modules\\jest-circus\\build\\run.js:252:3)\n    at _runTestsForDescribeBlock (Q:\\_kyle\\temp_documents\\GitHub\\business_scraper\\node_modules\\jest-circus\\build\\run.js:126:9)\n    at _runTestsForDescribeBlock (Q:\\_kyle\\temp_documents\\GitHub\\business_scraper\\node_modules\\jest-circus\\build\\run.js:121:9)\n    at _runTestsForDescribeBlock (Q:\\_kyle\\temp_documents\\GitHub\\business_scraper\\node_modules\\jest-circus\\build\\run.js:121:9)\n    at run (Q:\\_kyle\\temp_documents\\GitHub\\business_scraper\\node_modules\\jest-circus\\build\\run.js:71:3)\n    at runAndTransformResultsToJestFormat (Q:\\_kyle\\temp_documents\\GitHub\\business_scraper\\node_modules\\jest-circus\\build\\legacy-code-todo-rewrite\\jestAdapterInit.js:122:21)\n    at jestAdapter (Q:\\_kyle\\temp_documents\\GitHub\\business_scraper\\node_modules\\jest-circus\\build\\legacy-code-todo-rewrite\\jestAdapter.js:79:19)\n    at runTestInternal (Q:\\_kyle\\temp_documents\\GitHub\\business_scraper\\node_modules\\jest-runner\\build\\runTest.js:367:16)\n    at runTest (Q:\\_kyle\\temp_documents\\GitHub\\business_scraper\\node_modules\\jest-runner\\build\\runTest.js:444:34)","metadata":{"file":"Q:\\_kyle\\temp_documents\\GitHub\\business_scraper\\src\\__tests__\\controller\\paymentController.comprehensive.test.ts","category":"async","severity":"critical","retryCount":0}}
{"timestamp":"2025-10-03T23:25:21.110Z","suite":"Payment Controller.comprehensive","testCase":"should prevent privilege escalation attempts","error":"TypeError: paymentController.setUser is not a function\n    at Object.setUser (Q:\\_kyle\\temp_documents\\GitHub\\business_scraper\\src\\__tests__\\controller\\paymentController.comprehensive.test.ts:133:25)\n    at Promise.then.completed (Q:\\_kyle\\temp_documents\\GitHub\\business_scraper\\node_modules\\jest-circus\\build\\utils.js:298:28)\n    at new Promise (<anonymous>)\n    at callAsyncCircusFn (Q:\\_kyle\\temp_documents\\GitHub\\business_scraper\\node_modules\\jest-circus\\build\\utils.js:231:10)\n    at _callCircusTest (Q:\\_kyle\\temp_documents\\GitHub\\business_scraper\\node_modules\\jest-circus\\build\\run.js:316:40)\n    at _runTest (Q:\\_kyle\\temp_documents\\GitHub\\business_scraper\\node_modules\\jest-circus\\build\\run.js:252:3)\n    at _runTestsForDescribeBlock (Q:\\_kyle\\temp_documents\\GitHub\\business_scraper\\node_modules\\jest-circus\\build\\run.js:126:9)\n    at _runTestsForDescribeBlock (Q:\\_kyle\\temp_documents\\GitHub\\business_scraper\\node_modules\\jest-circus\\build\\run.js:121:9)\n    at _runTestsForDescribeBlock (Q:\\_kyle\\temp_documents\\GitHub\\business_scraper\\node_modules\\jest-circus\\build\\run.js:121:9)\n    at run (Q:\\_kyle\\temp_documents\\GitHub\\business_scraper\\node_modules\\jest-circus\\build\\run.js:71:3)\n    at runAndTransformResultsToJestFormat (Q:\\_kyle\\temp_documents\\GitHub\\business_scraper\\node_modules\\jest-circus\\build\\legacy-code-todo-rewrite\\jestAdapterInit.js:122:21)\n    at jestAdapter (Q:\\_kyle\\temp_documents\\GitHub\\business_scraper\\node_modules\\jest-circus\\build\\legacy-code-todo-rewrite\\jestAdapter.js:79:19)\n    at runTestInternal (Q:\\_kyle\\temp_documents\\GitHub\\business_scraper\\node_modules\\jest-runner\\build\\runTest.js:367:16)\n    at runTest (Q:\\_kyle\\temp_documents\\GitHub\\business_scraper\\node_modules\\jest-runner\\build\\runTest.js:444:34)","metadata":{"file":"Q:\\_kyle\\temp_documents\\GitHub\\business_scraper\\src\\__tests__\\controller\\paymentController.comprehensive.test.ts","category":"async","severity":"critical","retryCount":0}}
{"timestamp":"2025-10-03T23:25:21.115Z","suite":"Payment Controller.comprehensive","testCase":"should prevent subscription plan manipulation","error":"TypeError: paymentController.setUser is not a function\n    at Object.setUser (Q:\\_kyle\\temp_documents\\GitHub\\business_scraper\\src\\__tests__\\controller\\paymentController.comprehensive.test.ts:153:25)\n    at Promise.then.completed (Q:\\_kyle\\temp_documents\\GitHub\\business_scraper\\node_modules\\jest-circus\\build\\utils.js:298:28)\n    at new Promise (<anonymous>)\n    at callAsyncCircusFn (Q:\\_kyle\\temp_documents\\GitHub\\business_scraper\\node_modules\\jest-circus\\build\\utils.js:231:10)\n    at _callCircusHook (Q:\\_kyle\\temp_documents\\GitHub\\business_scraper\\node_modules\\jest-circus\\build\\run.js:281:40)\n    at _runTest (Q:\\_kyle\\temp_documents\\GitHub\\business_scraper\\node_modules\\jest-circus\\build\\run.js:246:5)\n    at _runTestsForDescribeBlock (Q:\\_kyle\\temp_documents\\GitHub\\business_scraper\\node_modules\\jest-circus\\build\\run.js:126:9)\n    at _runTestsForDescribeBlock (Q:\\_kyle\\temp_documents\\GitHub\\business_scraper\\node_modules\\jest-circus\\build\\run.js:121:9)\n    at _runTestsForDescribeBlock (Q:\\_kyle\\temp_documents\\GitHub\\business_scraper\\node_modules\\jest-circus\\build\\run.js:121:9)\n    at run (Q:\\_kyle\\temp_documents\\GitHub\\business_scraper\\node_modules\\jest-circus\\build\\run.js:71:3)\n    at runAndTransformResultsToJestFormat (Q:\\_kyle\\temp_documents\\GitHub\\business_scraper\\node_modules\\jest-circus\\build\\legacy-code-todo-rewrite\\jestAdapterInit.js:122:21)\n    at jestAdapter (Q:\\_kyle\\temp_documents\\GitHub\\business_scraper\\node_modules\\jest-circus\\build\\legacy-code-todo-rewrite\\jestAdapter.js:79:19)\n    at runTestInternal (Q:\\_kyle\\temp_documents\\GitHub\\business_scraper\\node_modules\\jest-runner\\build\\runTest.js:367:16)\n    at runTest (Q:\\_kyle\\temp_documents\\GitHub\\business_scraper\\node_modules\\jest-runner\\build\\runTest.js:444:34)","metadata":{"file":"Q:\\_kyle\\temp_documents\\GitHub\\business_scraper\\src\\__tests__\\controller\\paymentController.comprehensive.test.ts","category":"async","severity":"critical","retryCount":0}}
{"timestamp":"2025-10-03T23:25:21.120Z","suite":"Payment Controller.comprehensive","testCase":"should validate subscription tier transitions","error":"TypeError: paymentController.setUser is not a function\n    at Object.setUser (Q:\\_kyle\\temp_documents\\GitHub\\business_scraper\\src\\__tests__\\controller\\paymentController.comprehensive.test.ts:153:25)\n    at Promise.then.completed (Q:\\_kyle\\temp_documents\\GitHub\\business_scraper\\node_modules\\jest-circus\\build\\utils.js:298:28)\n    at new Promise (<anonymous>)\n    at callAsyncCircusFn (Q:\\_kyle\\temp_documents\\GitHub\\business_scraper\\node_modules\\jest-circus\\build\\utils.js:231:10)\n    at _callCircusHook (Q:\\_kyle\\temp_documents\\GitHub\\business_scraper\\node_modules\\jest-circus\\build\\run.js:281:40)\n    at _runTest (Q:\\_kyle\\temp_documents\\GitHub\\business_scraper\\node_modules\\jest-circus\\build\\run.js:246:5)\n    at _runTestsForDescribeBlock (Q:\\_kyle\\temp_documents\\GitHub\\business_scraper\\node_modules\\jest-circus\\build\\run.js:126:9)\n    at _runTestsForDescribeBlock (Q:\\_kyle\\temp_documents\\GitHub\\business_scraper\\node_modules\\jest-circus\\build\\run.js:121:9)\n    at _runTestsForDescribeBlock (Q:\\_kyle\\temp_documents\\GitHub\\business_scraper\\node_modules\\jest-circus\\build\\run.js:121:9)\n    at run (Q:\\_kyle\\temp_documents\\GitHub\\business_scraper\\node_modules\\jest-circus\\build\\run.js:71:3)\n    at runAndTransformResultsToJestFormat (Q:\\_kyle\\temp_documents\\GitHub\\business_scraper\\node_modules\\jest-circus\\build\\legacy-code-todo-rewrite\\jestAdapterInit.js:122:21)\n    at jestAdapter (Q:\\_kyle\\temp_documents\\GitHub\\business_scraper\\node_modules\\jest-circus\\build\\legacy-code-todo-rewrite\\jestAdapter.js:79:19)\n    at runTestInternal (Q:\\_kyle\\temp_documents\\GitHub\\business_scraper\\node_modules\\jest-runner\\build\\runTest.js:367:16)\n    at runTest (Q:\\_kyle\\temp_documents\\GitHub\\business_scraper\\node_modules\\jest-runner\\build\\runTest.js:444:34)","metadata":{"file":"Q:\\_kyle\\temp_documents\\GitHub\\business_scraper\\src\\__tests__\\controller\\paymentController.comprehensive.test.ts","category":"async","severity":"critical","retryCount":0}}
{"timestamp":"2025-10-03T23:25:21.128Z","suite":"Payment Controller.comprehensive","testCase":"should handle subscription cancellation securely","error":"TypeError: paymentController.setUser is not a function\n    at Object.setUser (Q:\\_kyle\\temp_documents\\GitHub\\business_scraper\\src\\__tests__\\controller\\paymentController.comprehensive.test.ts:153:25)\n    at Promise.then.completed (Q:\\_kyle\\temp_documents\\GitHub\\business_scraper\\node_modules\\jest-circus\\build\\utils.js:298:28)\n    at new Promise (<anonymous>)\n    at callAsyncCircusFn (Q:\\_kyle\\temp_documents\\GitHub\\business_scraper\\node_modules\\jest-circus\\build\\utils.js:231:10)\n    at _callCircusHook (Q:\\_kyle\\temp_documents\\GitHub\\business_scraper\\node_modules\\jest-circus\\build\\run.js:281:40)\n    at _runTest (Q:\\_kyle\\temp_documents\\GitHub\\business_scraper\\node_modules\\jest-circus\\build\\run.js:246:5)\n    at _runTestsForDescribeBlock (Q:\\_kyle\\temp_documents\\GitHub\\business_scraper\\node_modules\\jest-circus\\build\\run.js:126:9)\n    at _runTestsForDescribeBlock (Q:\\_kyle\\temp_documents\\GitHub\\business_scraper\\node_modules\\jest-circus\\build\\run.js:121:9)\n    at _runTestsForDescribeBlock (Q:\\_kyle\\temp_documents\\GitHub\\business_scraper\\node_modules\\jest-circus\\build\\run.js:121:9)\n    at run (Q:\\_kyle\\temp_documents\\GitHub\\business_scraper\\node_modules\\jest-circus\\build\\run.js:71:3)\n    at runAndTransformResultsToJestFormat (Q:\\_kyle\\temp_documents\\GitHub\\business_scraper\\node_modules\\jest-circus\\build\\legacy-code-todo-rewrite\\jestAdapterInit.js:122:21)\n    at jestAdapter (Q:\\_kyle\\temp_documents\\GitHub\\business_scraper\\node_modules\\jest-circus\\build\\legacy-code-todo-rewrite\\jestAdapter.js:79:19)\n    at runTestInternal (Q:\\_kyle\\temp_documents\\GitHub\\business_scraper\\node_modules\\jest-runner\\build\\runTest.js:367:16)\n    at runTest (Q:\\_kyle\\temp_documents\\GitHub\\business_scraper\\node_modules\\jest-runner\\build\\runTest.js:444:34)","metadata":{"file":"Q:\\_kyle\\temp_documents\\GitHub\\business_scraper\\src\\__tests__\\controller\\paymentController.comprehensive.test.ts","category":"async","severity":"critical","retryCount":0}}
{"timestamp":"2025-10-03T23:25:21.137Z","suite":"Payment Controller.comprehensive","testCase":"should prevent unauthorized subscription modifications","error":"TypeError: paymentController.setUser is not a function\n    at Object.setUser (Q:\\_kyle\\temp_documents\\GitHub\\business_scraper\\src\\__tests__\\controller\\paymentController.comprehensive.test.ts:153:25)\n    at Promise.then.completed (Q:\\_kyle\\temp_documents\\GitHub\\business_scraper\\node_modules\\jest-circus\\build\\utils.js:298:28)\n    at new Promise (<anonymous>)\n    at callAsyncCircusFn (Q:\\_kyle\\temp_documents\\GitHub\\business_scraper\\node_modules\\jest-circus\\build\\utils.js:231:10)\n    at _callCircusHook (Q:\\_kyle\\temp_documents\\GitHub\\business_scraper\\node_modules\\jest-circus\\build\\run.js:281:40)\n    at _runTest (Q:\\_kyle\\temp_documents\\GitHub\\business_scraper\\node_modules\\jest-circus\\build\\run.js:246:5)\n    at _runTestsForDescribeBlock (Q:\\_kyle\\temp_documents\\GitHub\\business_scraper\\node_modules\\jest-circus\\build\\run.js:126:9)\n    at _runTestsForDescribeBlock (Q:\\_kyle\\temp_documents\\GitHub\\business_scraper\\node_modules\\jest-circus\\build\\run.js:121:9)\n    at _runTestsForDescribeBlock (Q:\\_kyle\\temp_documents\\GitHub\\business_scraper\\node_modules\\jest-circus\\build\\run.js:121:9)\n    at run (Q:\\_kyle\\temp_documents\\GitHub\\business_scraper\\node_modules\\jest-circus\\build\\run.js:71:3)\n    at runAndTransformResultsToJestFormat (Q:\\_kyle\\temp_documents\\GitHub\\business_scraper\\node_modules\\jest-circus\\build\\legacy-code-todo-rewrite\\jestAdapterInit.js:122:21)\n    at jestAdapter (Q:\\_kyle\\temp_documents\\GitHub\\business_scraper\\node_modules\\jest-circus\\build\\legacy-code-todo-rewrite\\jestAdapter.js:79:19)\n    at runTestInternal (Q:\\_kyle\\temp_documents\\GitHub\\business_scraper\\node_modules\\jest-runner\\build\\runTest.js:367:16)\n    at runTest (Q:\\_kyle\\temp_documents\\GitHub\\business_scraper\\node_modules\\jest-runner\\build\\runTest.js:444:34)","metadata":{"file":"Q:\\_kyle\\temp_documents\\GitHub\\business_scraper\\src\\__tests__\\controller\\paymentController.comprehensive.test.ts","category":"async","severity":"critical","retryCount":0}}
{"timestamp":"2025-10-03T23:25:21.144Z","suite":"Payment Controller.comprehensive","testCase":"should validate payment method ownership","error":"TypeError: paymentController.setUser is not a function\n    at Object.setUser (Q:\\_kyle\\temp_documents\\GitHub\\business_scraper\\src\\__tests__\\controller\\paymentController.comprehensive.test.ts:224:25)\n    at Promise.then.completed (Q:\\_kyle\\temp_documents\\GitHub\\business_scraper\\node_modules\\jest-circus\\build\\utils.js:298:28)\n    at new Promise (<anonymous>)\n    at callAsyncCircusFn (Q:\\_kyle\\temp_documents\\GitHub\\business_scraper\\node_modules\\jest-circus\\build\\utils.js:231:10)\n    at _callCircusHook (Q:\\_kyle\\temp_documents\\GitHub\\business_scraper\\node_modules\\jest-circus\\build\\run.js:281:40)\n    at _runTest (Q:\\_kyle\\temp_documents\\GitHub\\business_scraper\\node_modules\\jest-circus\\build\\run.js:246:5)\n    at _runTestsForDescribeBlock (Q:\\_kyle\\temp_documents\\GitHub\\business_scraper\\node_modules\\jest-circus\\build\\run.js:126:9)\n    at _runTestsForDescribeBlock (Q:\\_kyle\\temp_documents\\GitHub\\business_scraper\\node_modules\\jest-circus\\build\\run.js:121:9)\n    at _runTestsForDescribeBlock (Q:\\_kyle\\temp_documents\\GitHub\\business_scraper\\node_modules\\jest-circus\\build\\run.js:121:9)\n    at run (Q:\\_kyle\\temp_documents\\GitHub\\business_scraper\\node_modules\\jest-circus\\build\\run.js:71:3)\n    at runAndTransformResultsToJestFormat (Q:\\_kyle\\temp_documents\\GitHub\\business_scraper\\node_modules\\jest-circus\\build\\legacy-code-todo-rewrite\\jestAdapterInit.js:122:21)\n    at jestAdapter (Q:\\_kyle\\temp_documents\\GitHub\\business_scraper\\node_modules\\jest-circus\\build\\legacy-code-todo-rewrite\\jestAdapter.js:79:19)\n    at runTestInternal (Q:\\_kyle\\temp_documents\\GitHub\\business_scraper\\node_modules\\jest-runner\\build\\runTest.js:367:16)\n    at runTest (Q:\\_kyle\\temp_documents\\GitHub\\business_scraper\\node_modules\\jest-runner\\build\\runTest.js:444:34)","metadata":{"file":"Q:\\_kyle\\temp_documents\\GitHub\\business_scraper\\src\\__tests__\\controller\\paymentController.comprehensive.test.ts","category":"async","severity":"critical","retryCount":0}}
{"timestamp":"2025-10-03T23:25:21.151Z","suite":"Payment Controller.comprehensive","testCase":"should sanitize payment method data","error":"TypeError: paymentController.setUser is not a function\n    at Object.setUser (Q:\\_kyle\\temp_documents\\GitHub\\business_scraper\\src\\__tests__\\controller\\paymentController.comprehensive.test.ts:224:25)\n    at Promise.then.completed (Q:\\_kyle\\temp_documents\\GitHub\\business_scraper\\node_modules\\jest-circus\\build\\utils.js:298:28)\n    at new Promise (<anonymous>)\n    at callAsyncCircusFn (Q:\\_kyle\\temp_documents\\GitHub\\business_scraper\\node_modules\\jest-circus\\build\\utils.js:231:10)\n    at _callCircusHook (Q:\\_kyle\\temp_documents\\GitHub\\business_scraper\\node_modules\\jest-circus\\build\\run.js:281:40)\n    at _runTest (Q:\\_kyle\\temp_documents\\GitHub\\business_scraper\\node_modules\\jest-circus\\build\\run.js:246:5)\n    at _runTestsForDescribeBlock (Q:\\_kyle\\temp_documents\\GitHub\\business_scraper\\node_modules\\jest-circus\\build\\run.js:126:9)\n    at _runTestsForDescribeBlock (Q:\\_kyle\\temp_documents\\GitHub\\business_scraper\\node_modules\\jest-circus\\build\\run.js:121:9)\n    at _runTestsForDescribeBlock (Q:\\_kyle\\temp_documents\\GitHub\\business_scraper\\node_modules\\jest-circus\\build\\run.js:121:9)\n    at run (Q:\\_kyle\\temp_documents\\GitHub\\business_scraper\\node_modules\\jest-circus\\build\\run.js:71:3)\n    at runAndTransformResultsToJestFormat (Q:\\_kyle\\temp_documents\\GitHub\\business_scraper\\node_modules\\jest-circus\\build\\legacy-code-todo-rewrite\\jestAdapterInit.js:122:21)\n    at jestAdapter (Q:\\_kyle\\temp_documents\\GitHub\\business_scraper\\node_modules\\jest-circus\\build\\legacy-code-todo-rewrite\\jestAdapter.js:79:19)\n    at runTestInternal (Q:\\_kyle\\temp_documents\\GitHub\\business_scraper\\node_modules\\jest-runner\\build\\runTest.js:367:16)\n    at runTest (Q:\\_kyle\\temp_documents\\GitHub\\business_scraper\\node_modules\\jest-runner\\build\\runTest.js:444:34)","metadata":{"file":"Q:\\_kyle\\temp_documents\\GitHub\\business_scraper\\src\\__tests__\\controller\\paymentController.comprehensive.test.ts","category":"async","severity":"critical","retryCount":0}}
{"timestamp":"2025-10-03T23:25:21.156Z","suite":"Payment Controller.comprehensive","testCase":"should handle payment method errors gracefully","error":"TypeError: paymentController.setUser is not a function\n    at Object.setUser (Q:\\_kyle\\temp_documents\\GitHub\\business_scraper\\src\\__tests__\\controller\\paymentController.comprehensive.test.ts:224:25)\n    at Promise.then.completed (Q:\\_kyle\\temp_documents\\GitHub\\business_scraper\\node_modules\\jest-circus\\build\\utils.js:298:28)\n    at new Promise (<anonymous>)\n    at callAsyncCircusFn (Q:\\_kyle\\temp_documents\\GitHub\\business_scraper\\node_modules\\jest-circus\\build\\utils.js:231:10)\n    at _callCircusHook (Q:\\_kyle\\temp_documents\\GitHub\\business_scraper\\node_modules\\jest-circus\\build\\run.js:281:40)\n    at _runTest (Q:\\_kyle\\temp_documents\\GitHub\\business_scraper\\node_modules\\jest-circus\\build\\run.js:246:5)\n    at _runTestsForDescribeBlock (Q:\\_kyle\\temp_documents\\GitHub\\business_scraper\\node_modules\\jest-circus\\build\\run.js:126:9)\n    at _runTestsForDescribeBlock (Q:\\_kyle\\temp_documents\\GitHub\\business_scraper\\node_modules\\jest-circus\\build\\run.js:121:9)\n    at _runTestsForDescribeBlock (Q:\\_kyle\\temp_documents\\GitHub\\business_scraper\\node_modules\\jest-circus\\build\\run.js:121:9)\n    at run (Q:\\_kyle\\temp_documents\\GitHub\\business_scraper\\node_modules\\jest-circus\\build\\run.js:71:3)\n    at runAndTransformResultsToJestFormat (Q:\\_kyle\\temp_documents\\GitHub\\business_scraper\\node_modules\\jest-circus\\build\\legacy-code-todo-rewrite\\jestAdapterInit.js:122:21)\n    at jestAdapter (Q:\\_kyle\\temp_documents\\GitHub\\business_scraper\\node_modules\\jest-circus\\build\\legacy-code-todo-rewrite\\jestAdapter.js:79:19)\n    at runTestInternal (Q:\\_kyle\\temp_documents\\GitHub\\business_scraper\\node_modules\\jest-runner\\build\\runTest.js:367:16)\n    at runTest (Q:\\_kyle\\temp_documents\\GitHub\\business_scraper\\node_modules\\jest-runner\\build\\runTest.js:444:34)","metadata":{"file":"Q:\\_kyle\\temp_documents\\GitHub\\business_scraper\\src\\__tests__\\controller\\paymentController.comprehensive.test.ts","category":"async","severity":"critical","retryCount":0}}
{"timestamp":"2025-10-03T23:25:21.160Z","suite":"Payment Controller.comprehensive","testCase":"should enforce usage limits","error":"TypeError: paymentController.setUser is not a function\n    at Object.setUser (Q:\\_kyle\\temp_documents\\GitHub\\business_scraper\\src\\__tests__\\controller\\paymentController.comprehensive.test.ts:261:25)\n    at Promise.then.completed (Q:\\_kyle\\temp_documents\\GitHub\\business_scraper\\node_modules\\jest-circus\\build\\utils.js:298:28)\n    at new Promise (<anonymous>)\n    at callAsyncCircusFn (Q:\\_kyle\\temp_documents\\GitHub\\business_scraper\\node_modules\\jest-circus\\build\\utils.js:231:10)\n    at _callCircusHook (Q:\\_kyle\\temp_documents\\GitHub\\business_scraper\\node_modules\\jest-circus\\build\\run.js:281:40)\n    at _runTest (Q:\\_kyle\\temp_documents\\GitHub\\business_scraper\\node_modules\\jest-circus\\build\\run.js:246:5)\n    at _runTestsForDescribeBlock (Q:\\_kyle\\temp_documents\\GitHub\\business_scraper\\node_modules\\jest-circus\\build\\run.js:126:9)\n    at _runTestsForDescribeBlock (Q:\\_kyle\\temp_documents\\GitHub\\business_scraper\\node_modules\\jest-circus\\build\\run.js:121:9)\n    at _runTestsForDescribeBlock (Q:\\_kyle\\temp_documents\\GitHub\\business_scraper\\node_modules\\jest-circus\\build\\run.js:121:9)\n    at run (Q:\\_kyle\\temp_documents\\GitHub\\business_scraper\\node_modules\\jest-circus\\build\\run.js:71:3)\n    at runAndTransformResultsToJestFormat (Q:\\_kyle\\temp_documents\\GitHub\\business_scraper\\node_modules\\jest-circus\\build\\legacy-code-todo-rewrite\\jestAdapterInit.js:122:21)\n    at jestAdapter (Q:\\_kyle\\temp_documents\\GitHub\\business_scraper\\node_modules\\jest-circus\\build\\legacy-code-todo-rewrite\\jestAdapter.js:79:19)\n    at runTestInternal (Q:\\_kyle\\temp_documents\\GitHub\\business_scraper\\node_modules\\jest-runner\\build\\runTest.js:367:16)\n    at runTest (Q:\\_kyle\\temp_documents\\GitHub\\business_scraper\\node_modules\\jest-runner\\build\\runTest.js:444:34)","metadata":{"file":"Q:\\_kyle\\temp_documents\\GitHub\\business_scraper\\src\\__tests__\\controller\\paymentController.comprehensive.test.ts","category":"async","severity":"critical","retryCount":0}}
{"timestamp":"2025-10-03T23:25:21.167Z","suite":"Payment Controller.comprehensive","testCase":"should track feature usage securely","error":"TypeError: paymentController.setUser is not a function\n    at Object.setUser (Q:\\_kyle\\temp_documents\\GitHub\\business_scraper\\src\\__tests__\\controller\\paymentController.comprehensive.test.ts:261:25)\n    at Promise.then.completed (Q:\\_kyle\\temp_documents\\GitHub\\business_scraper\\node_modules\\jest-circus\\build\\utils.js:298:28)\n    at new Promise (<anonymous>)\n    at callAsyncCircusFn (Q:\\_kyle\\temp_documents\\GitHub\\business_scraper\\node_modules\\jest-circus\\build\\utils.js:231:10)\n    at _callCircusHook (Q:\\_kyle\\temp_documents\\GitHub\\business_scraper\\node_modules\\jest-circus\\build\\run.js:281:40)\n    at _runTest (Q:\\_kyle\\temp_documents\\GitHub\\business_scraper\\node_modules\\jest-circus\\build\\run.js:246:5)\n    at _runTestsForDescribeBlock (Q:\\_kyle\\temp_documents\\GitHub\\business_scraper\\node_modules\\jest-circus\\build\\run.js:126:9)\n    at _runTestsForDescribeBlock (Q:\\_kyle\\temp_documents\\GitHub\\business_scraper\\node_modules\\jest-circus\\build\\run.js:121:9)\n    at _runTestsForDescribeBlock (Q:\\_kyle\\temp_documents\\GitHub\\business_scraper\\node_modules\\jest-circus\\build\\run.js:121:9)\n    at run (Q:\\_kyle\\temp_documents\\GitHub\\business_scraper\\node_modules\\jest-circus\\build\\run.js:71:3)\n    at runAndTransformResultsToJestFormat (Q:\\_kyle\\temp_documents\\GitHub\\business_scraper\\node_modules\\jest-circus\\build\\legacy-code-todo-rewrite\\jestAdapterInit.js:122:21)\n    at jestAdapter (Q:\\_kyle\\temp_documents\\GitHub\\business_scraper\\node_modules\\jest-circus\\build\\legacy-code-todo-rewrite\\jestAdapter.js:79:19)\n    at runTestInternal (Q:\\_kyle\\temp_documents\\GitHub\\business_scraper\\node_modules\\jest-runner\\build\\runTest.js:367:16)\n    at runTest (Q:\\_kyle\\temp_documents\\GitHub\\business_scraper\\node_modules\\jest-runner\\build\\runTest.js:444:34)","metadata":{"file":"Q:\\_kyle\\temp_documents\\GitHub\\business_scraper\\src\\__tests__\\controller\\paymentController.comprehensive.test.ts","category":"async","severity":"critical","retryCount":0}}
{"timestamp":"2025-10-03T23:25:21.174Z","suite":"Payment Controller.comprehensive","testCase":"should prevent usage manipulation","error":"TypeError: paymentController.setUser is not a function\n    at Object.setUser (Q:\\_kyle\\temp_documents\\GitHub\\business_scraper\\src\\__tests__\\controller\\paymentController.comprehensive.test.ts:261:25)\n    at Promise.then.completed (Q:\\_kyle\\temp_documents\\GitHub\\business_scraper\\node_modules\\jest-circus\\build\\utils.js:298:28)\n    at new Promise (<anonymous>)\n    at callAsyncCircusFn (Q:\\_kyle\\temp_documents\\GitHub\\business_scraper\\node_modules\\jest-circus\\build\\utils.js:231:10)\n    at _callCircusHook (Q:\\_kyle\\temp_documents\\GitHub\\business_scraper\\node_modules\\jest-circus\\build\\run.js:281:40)\n    at _runTest (Q:\\_kyle\\temp_documents\\GitHub\\business_scraper\\node_modules\\jest-circus\\build\\run.js:246:5)\n    at _runTestsForDescribeBlock (Q:\\_kyle\\temp_documents\\GitHub\\business_scraper\\node_modules\\jest-circus\\build\\run.js:126:9)\n    at _runTestsForDescribeBlock (Q:\\_kyle\\temp_documents\\GitHub\\business_scraper\\node_modules\\jest-circus\\build\\run.js:121:9)\n    at _runTestsForDescribeBlock (Q:\\_kyle\\temp_documents\\GitHub\\business_scraper\\node_modules\\jest-circus\\build\\run.js:121:9)\n    at run (Q:\\_kyle\\temp_documents\\GitHub\\business_scraper\\node_modules\\jest-circus\\build\\run.js:71:3)\n    at runAndTransformResultsToJestFormat (Q:\\_kyle\\temp_documents\\GitHub\\business_scraper\\node_modules\\jest-circus\\build\\legacy-code-todo-rewrite\\jestAdapterInit.js:122:21)\n    at jestAdapter (Q:\\_kyle\\temp_documents\\GitHub\\business_scraper\\node_modules\\jest-circus\\build\\legacy-code-todo-rewrite\\jestAdapter.js:79:19)\n    at runTestInternal (Q:\\_kyle\\temp_documents\\GitHub\\business_scraper\\node_modules\\jest-runner\\build\\runTest.js:367:16)\n    at runTest (Q:\\_kyle\\temp_documents\\GitHub\\business_scraper\\node_modules\\jest-runner\\build\\runTest.js:444:34)","metadata":{"file":"Q:\\_kyle\\temp_documents\\GitHub\\business_scraper\\src\\__tests__\\controller\\paymentController.comprehensive.test.ts","category":"async","severity":"critical","retryCount":0}}
{"timestamp":"2025-10-03T23:25:21.183Z","suite":"Payment Controller.comprehensive","testCase":"should validate payment amounts","error":"TypeError: paymentController.setUser is not a function\n    at Object.setUser (Q:\\_kyle\\temp_documents\\GitHub\\business_scraper\\src\\__tests__\\controller\\paymentController.comprehensive.test.ts:310:25)\n    at Promise.then.completed (Q:\\_kyle\\temp_documents\\GitHub\\business_scraper\\node_modules\\jest-circus\\build\\utils.js:298:28)\n    at new Promise (<anonymous>)\n    at callAsyncCircusFn (Q:\\_kyle\\temp_documents\\GitHub\\business_scraper\\node_modules\\jest-circus\\build\\utils.js:231:10)\n    at _callCircusHook (Q:\\_kyle\\temp_documents\\GitHub\\business_scraper\\node_modules\\jest-circus\\build\\run.js:281:40)\n    at _runTest (Q:\\_kyle\\temp_documents\\GitHub\\business_scraper\\node_modules\\jest-circus\\build\\run.js:246:5)\n    at _runTestsForDescribeBlock (Q:\\_kyle\\temp_documents\\GitHub\\business_scraper\\node_modules\\jest-circus\\build\\run.js:126:9)\n    at _runTestsForDescribeBlock (Q:\\_kyle\\temp_documents\\GitHub\\business_scraper\\node_modules\\jest-circus\\build\\run.js:121:9)\n    at _runTestsForDescribeBlock (Q:\\_kyle\\temp_documents\\GitHub\\business_scraper\\node_modules\\jest-circus\\build\\run.js:121:9)\n    at run (Q:\\_kyle\\temp_documents\\GitHub\\business_scraper\\node_modules\\jest-circus\\build\\run.js:71:3)\n    at runAndTransformResultsToJestFormat (Q:\\_kyle\\temp_documents\\GitHub\\business_scraper\\node_modules\\jest-circus\\build\\legacy-code-todo-rewrite\\jestAdapterInit.js:122:21)\n    at jestAdapter (Q:\\_kyle\\temp_documents\\GitHub\\business_scraper\\node_modules\\jest-circus\\build\\legacy-code-todo-rewrite\\jestAdapter.js:79:19)\n    at runTestInternal (Q:\\_kyle\\temp_documents\\GitHub\\business_scraper\\node_modules\\jest-runner\\build\\runTest.js:367:16)\n    at runTest (Q:\\_kyle\\temp_documents\\GitHub\\business_scraper\\node_modules\\jest-runner\\build\\runTest.js:444:34)","metadata":{"file":"Q:\\_kyle\\temp_documents\\GitHub\\business_scraper\\src\\__tests__\\controller\\paymentController.comprehensive.test.ts","category":"async","severity":"critical","retryCount":0}}
{"timestamp":"2025-10-03T23:25:21.191Z","suite":"Payment Controller.comprehensive","testCase":"should prevent currency manipulation","error":"TypeError: paymentController.setUser is not a function\n    at Object.setUser (Q:\\_kyle\\temp_documents\\GitHub\\business_scraper\\src\\__tests__\\controller\\paymentController.comprehensive.test.ts:310:25)\n    at Promise.then.completed (Q:\\_kyle\\temp_documents\\GitHub\\business_scraper\\node_modules\\jest-circus\\build\\utils.js:298:28)\n    at new Promise (<anonymous>)\n    at callAsyncCircusFn (Q:\\_kyle\\temp_documents\\GitHub\\business_scraper\\node_modules\\jest-circus\\build\\utils.js:231:10)\n    at _callCircusHook (Q:\\_kyle\\temp_documents\\GitHub\\business_scraper\\node_modules\\jest-circus\\build\\run.js:281:40)\n    at _runTest (Q:\\_kyle\\temp_documents\\GitHub\\business_scraper\\node_modules\\jest-circus\\build\\run.js:246:5)\n    at _runTestsForDescribeBlock (Q:\\_kyle\\temp_documents\\GitHub\\business_scraper\\node_modules\\jest-circus\\build\\run.js:126:9)\n    at _runTestsForDescribeBlock (Q:\\_kyle\\temp_documents\\GitHub\\business_scraper\\node_modules\\jest-circus\\build\\run.js:121:9)\n    at _runTestsForDescribeBlock (Q:\\_kyle\\temp_documents\\GitHub\\business_scraper\\node_modules\\jest-circus\\build\\run.js:121:9)\n    at run (Q:\\_kyle\\temp_documents\\GitHub\\business_scraper\\node_modules\\jest-circus\\build\\run.js:71:3)\n    at runAndTransformResultsToJestFormat (Q:\\_kyle\\temp_documents\\GitHub\\business_scraper\\node_modules\\jest-circus\\build\\legacy-code-todo-rewrite\\jestAdapterInit.js:122:21)\n    at jestAdapter (Q:\\_kyle\\temp_documents\\GitHub\\business_scraper\\node_modules\\jest-circus\\build\\legacy-code-todo-rewrite\\jestAdapter.js:79:19)\n    at runTestInternal (Q:\\_kyle\\temp_documents\\GitHub\\business_scraper\\node_modules\\jest-runner\\build\\runTest.js:367:16)\n    at runTest (Q:\\_kyle\\temp_documents\\GitHub\\business_scraper\\node_modules\\jest-runner\\build\\runTest.js:444:34)","metadata":{"file":"Q:\\_kyle\\temp_documents\\GitHub\\business_scraper\\src\\__tests__\\controller\\paymentController.comprehensive.test.ts","category":"async","severity":"critical","retryCount":0}}
{"timestamp":"2025-10-03T23:25:21.196Z","suite":"Payment Controller.comprehensive","testCase":"should handle payment failures securely","error":"TypeError: paymentController.setUser is not a function\n    at Object.setUser (Q:\\_kyle\\temp_documents\\GitHub\\business_scraper\\src\\__tests__\\controller\\paymentController.comprehensive.test.ts:310:25)\n    at Promise.then.completed (Q:\\_kyle\\temp_documents\\GitHub\\business_scraper\\node_modules\\jest-circus\\build\\utils.js:298:28)\n    at new Promise (<anonymous>)\n    at callAsyncCircusFn (Q:\\_kyle\\temp_documents\\GitHub\\business_scraper\\node_modules\\jest-circus\\build\\utils.js:231:10)\n    at _callCircusHook (Q:\\_kyle\\temp_documents\\GitHub\\business_scraper\\node_modules\\jest-circus\\build\\run.js:281:40)\n    at _runTest (Q:\\_kyle\\temp_documents\\GitHub\\business_scraper\\node_modules\\jest-circus\\build\\run.js:246:5)\n    at _runTestsForDescribeBlock (Q:\\_kyle\\temp_documents\\GitHub\\business_scraper\\node_modules\\jest-circus\\build\\run.js:126:9)\n    at _runTestsForDescribeBlock (Q:\\_kyle\\temp_documents\\GitHub\\business_scraper\\node_modules\\jest-circus\\build\\run.js:121:9)\n    at _runTestsForDescribeBlock (Q:\\_kyle\\temp_documents\\GitHub\\business_scraper\\node_modules\\jest-circus\\build\\run.js:121:9)\n    at run (Q:\\_kyle\\temp_documents\\GitHub\\business_scraper\\node_modules\\jest-circus\\build\\run.js:71:3)\n    at runAndTransformResultsToJestFormat (Q:\\_kyle\\temp_documents\\GitHub\\business_scraper\\node_modules\\jest-circus\\build\\legacy-code-todo-rewrite\\jestAdapterInit.js:122:21)\n    at jestAdapter (Q:\\_kyle\\temp_documents\\GitHub\\business_scraper\\node_modules\\jest-circus\\build\\legacy-code-todo-rewrite\\jestAdapter.js:79:19)\n    at runTestInternal (Q:\\_kyle\\temp_documents\\GitHub\\business_scraper\\node_modules\\jest-runner\\build\\runTest.js:367:16)\n    at runTest (Q:\\_kyle\\temp_documents\\GitHub\\business_scraper\\node_modules\\jest-runner\\build\\runTest.js:444:34)","metadata":{"file":"Q:\\_kyle\\temp_documents\\GitHub\\business_scraper\\src\\__tests__\\controller\\paymentController.comprehensive.test.ts","category":"async","severity":"critical","retryCount":0}}
{"timestamp":"2025-10-03T23:25:21.202Z","suite":"Payment Controller.comprehensive","testCase":"should emit security events for monitoring","error":"TypeError: paymentController.setUser is not a function\n    at Object.setUser (Q:\\_kyle\\temp_documents\\GitHub\\business_scraper\\src\\__tests__\\controller\\paymentController.comprehensive.test.ts:347:25)\n    at Promise.then.completed (Q:\\_kyle\\temp_documents\\GitHub\\business_scraper\\node_modules\\jest-circus\\build\\utils.js:298:28)\n    at new Promise (<anonymous>)\n    at callAsyncCircusFn (Q:\\_kyle\\temp_documents\\GitHub\\business_scraper\\node_modules\\jest-circus\\build\\utils.js:231:10)\n    at _callCircusHook (Q:\\_kyle\\temp_documents\\GitHub\\business_scraper\\node_modules\\jest-circus\\build\\run.js:281:40)\n    at _runTest (Q:\\_kyle\\temp_documents\\GitHub\\business_scraper\\node_modules\\jest-circus\\build\\run.js:246:5)\n    at _runTestsForDescribeBlock (Q:\\_kyle\\temp_documents\\GitHub\\business_scraper\\node_modules\\jest-circus\\build\\run.js:126:9)\n    at _runTestsForDescribeBlock (Q:\\_kyle\\temp_documents\\GitHub\\business_scraper\\node_modules\\jest-circus\\build\\run.js:121:9)\n    at _runTestsForDescribeBlock (Q:\\_kyle\\temp_documents\\GitHub\\business_scraper\\node_modules\\jest-circus\\build\\run.js:121:9)\n    at run (Q:\\_kyle\\temp_documents\\GitHub\\business_scraper\\node_modules\\jest-circus\\build\\run.js:71:3)\n    at runAndTransformResultsToJestFormat (Q:\\_kyle\\temp_documents\\GitHub\\business_scraper\\node_modules\\jest-circus\\build\\legacy-code-todo-rewrite\\jestAdapterInit.js:122:21)\n    at jestAdapter (Q:\\_kyle\\temp_documents\\GitHub\\business_scraper\\node_modules\\jest-circus\\build\\legacy-code-todo-rewrite\\jestAdapter.js:79:19)\n    at runTestInternal (Q:\\_kyle\\temp_documents\\GitHub\\business_scraper\\node_modules\\jest-runner\\build\\runTest.js:367:16)\n    at runTest (Q:\\_kyle\\temp_documents\\GitHub\\business_scraper\\node_modules\\jest-runner\\build\\runTest.js:444:34)","metadata":{"file":"Q:\\_kyle\\temp_documents\\GitHub\\business_scraper\\src\\__tests__\\controller\\paymentController.comprehensive.test.ts","category":"async","severity":"critical","retryCount":0}}
{"timestamp":"2025-10-03T23:25:21.206Z","suite":"Payment Controller.comprehensive","testCase":"should handle event listener errors gracefully","error":"TypeError: paymentController.setUser is not a function\n    at Object.setUser (Q:\\_kyle\\temp_documents\\GitHub\\business_scraper\\src\\__tests__\\controller\\paymentController.comprehensive.test.ts:347:25)\n    at Promise.then.completed (Q:\\_kyle\\temp_documents\\GitHub\\business_scraper\\node_modules\\jest-circus\\build\\utils.js:298:28)\n    at new Promise (<anonymous>)\n    at callAsyncCircusFn (Q:\\_kyle\\temp_documents\\GitHub\\business_scraper\\node_modules\\jest-circus\\build\\utils.js:231:10)\n    at _callCircusHook (Q:\\_kyle\\temp_documents\\GitHub\\business_scraper\\node_modules\\jest-circus\\build\\run.js:281:40)\n    at _runTest (Q:\\_kyle\\temp_documents\\GitHub\\business_scraper\\node_modules\\jest-circus\\build\\run.js:246:5)\n    at _runTestsForDescribeBlock (Q:\\_kyle\\temp_documents\\GitHub\\business_scraper\\node_modules\\jest-circus\\build\\run.js:126:9)\n    at _runTestsForDescribeBlock (Q:\\_kyle\\temp_documents\\GitHub\\business_scraper\\node_modules\\jest-circus\\build\\run.js:121:9)\n    at _runTestsForDescribeBlock (Q:\\_kyle\\temp_documents\\GitHub\\business_scraper\\node_modules\\jest-circus\\build\\run.js:121:9)\n    at run (Q:\\_kyle\\temp_documents\\GitHub\\business_scraper\\node_modules\\jest-circus\\build\\run.js:71:3)\n    at runAndTransformResultsToJestFormat (Q:\\_kyle\\temp_documents\\GitHub\\business_scraper\\node_modules\\jest-circus\\build\\legacy-code-todo-rewrite\\jestAdapterInit.js:122:21)\n    at jestAdapter (Q:\\_kyle\\temp_documents\\GitHub\\business_scraper\\node_modules\\jest-circus\\build\\legacy-code-todo-rewrite\\jestAdapter.js:79:19)\n    at runTestInternal (Q:\\_kyle\\temp_documents\\GitHub\\business_scraper\\node_modules\\jest-runner\\build\\runTest.js:367:16)\n    at runTest (Q:\\_kyle\\temp_documents\\GitHub\\business_scraper\\node_modules\\jest-runner\\build\\runTest.js:444:34)","metadata":{"file":"Q:\\_kyle\\temp_documents\\GitHub\\business_scraper\\src\\__tests__\\controller\\paymentController.comprehensive.test.ts","category":"async","severity":"critical","retryCount":0}}
{"timestamp":"2025-10-03T23:25:21.211Z","suite":"Payment Controller.comprehensive","testCase":"should sanitize all user inputs","error":"TypeError: paymentController.setUser is not a function\n    at Object.setUser (Q:\\_kyle\\temp_documents\\GitHub\\business_scraper\\src\\__tests__\\controller\\paymentController.comprehensive.test.ts:374:25)\n    at Promise.then.completed (Q:\\_kyle\\temp_documents\\GitHub\\business_scraper\\node_modules\\jest-circus\\build\\utils.js:298:28)\n    at new Promise (<anonymous>)\n    at callAsyncCircusFn (Q:\\_kyle\\temp_documents\\GitHub\\business_scraper\\node_modules\\jest-circus\\build\\utils.js:231:10)\n    at _callCircusHook (Q:\\_kyle\\temp_documents\\GitHub\\business_scraper\\node_modules\\jest-circus\\build\\run.js:281:40)\n    at _runTest (Q:\\_kyle\\temp_documents\\GitHub\\business_scraper\\node_modules\\jest-circus\\build\\run.js:246:5)\n    at _runTestsForDescribeBlock (Q:\\_kyle\\temp_documents\\GitHub\\business_scraper\\node_modules\\jest-circus\\build\\run.js:126:9)\n    at _runTestsForDescribeBlock (Q:\\_kyle\\temp_documents\\GitHub\\business_scraper\\node_modules\\jest-circus\\build\\run.js:121:9)\n    at _runTestsForDescribeBlock (Q:\\_kyle\\temp_documents\\GitHub\\business_scraper\\node_modules\\jest-circus\\build\\run.js:121:9)\n    at run (Q:\\_kyle\\temp_documents\\GitHub\\business_scraper\\node_modules\\jest-circus\\build\\run.js:71:3)\n    at runAndTransformResultsToJestFormat (Q:\\_kyle\\temp_documents\\GitHub\\business_scraper\\node_modules\\jest-circus\\build\\legacy-code-todo-rewrite\\jestAdapterInit.js:122:21)\n    at jestAdapter (Q:\\_kyle\\temp_documents\\GitHub\\business_scraper\\node_modules\\jest-circus\\build\\legacy-code-todo-rewrite\\jestAdapter.js:79:19)\n    at runTestInternal (Q:\\_kyle\\temp_documents\\GitHub\\business_scraper\\node_modules\\jest-runner\\build\\runTest.js:367:16)\n    at runTest (Q:\\_kyle\\temp_documents\\GitHub\\business_scraper\\node_modules\\jest-runner\\build\\runTest.js:444:34)","metadata":{"file":"Q:\\_kyle\\temp_documents\\GitHub\\business_scraper\\src\\__tests__\\controller\\paymentController.comprehensive.test.ts","category":"async","severity":"critical","retryCount":0}}
{"timestamp":"2025-10-03T23:25:21.217Z","suite":"Payment Controller.comprehensive","testCase":"should validate data types and formats","error":"TypeError: paymentController.setUser is not a function\n    at Object.setUser (Q:\\_kyle\\temp_documents\\GitHub\\business_scraper\\src\\__tests__\\controller\\paymentController.comprehensive.test.ts:374:25)\n    at Promise.then.completed (Q:\\_kyle\\temp_documents\\GitHub\\business_scraper\\node_modules\\jest-circus\\build\\utils.js:298:28)\n    at new Promise (<anonymous>)\n    at callAsyncCircusFn (Q:\\_kyle\\temp_documents\\GitHub\\business_scraper\\node_modules\\jest-circus\\build\\utils.js:231:10)\n    at _callCircusHook (Q:\\_kyle\\temp_documents\\GitHub\\business_scraper\\node_modules\\jest-circus\\build\\run.js:281:40)\n    at _runTest (Q:\\_kyle\\temp_documents\\GitHub\\business_scraper\\node_modules\\jest-circus\\build\\run.js:246:5)\n    at _runTestsForDescribeBlock (Q:\\_kyle\\temp_documents\\GitHub\\business_scraper\\node_modules\\jest-circus\\build\\run.js:126:9)\n    at _runTestsForDescribeBlock (Q:\\_kyle\\temp_documents\\GitHub\\business_scraper\\node_modules\\jest-circus\\build\\run.js:121:9)\n    at _runTestsForDescribeBlock (Q:\\_kyle\\temp_documents\\GitHub\\business_scraper\\node_modules\\jest-circus\\build\\run.js:121:9)\n    at run (Q:\\_kyle\\temp_documents\\GitHub\\business_scraper\\node_modules\\jest-circus\\build\\run.js:71:3)\n    at runAndTransformResultsToJestFormat (Q:\\_kyle\\temp_documents\\GitHub\\business_scraper\\node_modules\\jest-circus\\build\\legacy-code-todo-rewrite\\jestAdapterInit.js:122:21)\n    at jestAdapter (Q:\\_kyle\\temp_documents\\GitHub\\business_scraper\\node_modules\\jest-circus\\build\\legacy-code-todo-rewrite\\jestAdapter.js:79:19)\n    at runTestInternal (Q:\\_kyle\\temp_documents\\GitHub\\business_scraper\\node_modules\\jest-runner\\build\\runTest.js:367:16)\n    at runTest (Q:\\_kyle\\temp_documents\\GitHub\\business_scraper\\node_modules\\jest-runner\\build\\runTest.js:444:34)","metadata":{"file":"Q:\\_kyle\\temp_documents\\GitHub\\business_scraper\\src\\__tests__\\controller\\paymentController.comprehensive.test.ts","category":"async","severity":"critical","retryCount":0}}
{"timestamp":"2025-10-03T23:25:21.221Z","suite":"Payment Controller.comprehensive","testCase":"should handle concurrent subscription operations safely","error":"TypeError: paymentController.setUser is not a function\n    at Object.setUser (Q:\\_kyle\\temp_documents\\GitHub\\business_scraper\\src\\__tests__\\controller\\paymentController.comprehensive.test.ts:406:25)\n    at Promise.then.completed (Q:\\_kyle\\temp_documents\\GitHub\\business_scraper\\node_modules\\jest-circus\\build\\utils.js:298:28)\n    at new Promise (<anonymous>)\n    at callAsyncCircusFn (Q:\\_kyle\\temp_documents\\GitHub\\business_scraper\\node_modules\\jest-circus\\build\\utils.js:231:10)\n    at _callCircusHook (Q:\\_kyle\\temp_documents\\GitHub\\business_scraper\\node_modules\\jest-circus\\build\\run.js:281:40)\n    at _runTest (Q:\\_kyle\\temp_documents\\GitHub\\business_scraper\\node_modules\\jest-circus\\build\\run.js:246:5)\n    at _runTestsForDescribeBlock (Q:\\_kyle\\temp_documents\\GitHub\\business_scraper\\node_modules\\jest-circus\\build\\run.js:126:9)\n    at _runTestsForDescribeBlock (Q:\\_kyle\\temp_documents\\GitHub\\business_scraper\\node_modules\\jest-circus\\build\\run.js:121:9)\n    at _runTestsForDescribeBlock (Q:\\_kyle\\temp_documents\\GitHub\\business_scraper\\node_modules\\jest-circus\\build\\run.js:121:9)\n    at run (Q:\\_kyle\\temp_documents\\GitHub\\business_scraper\\node_modules\\jest-circus\\build\\run.js:71:3)\n    at runAndTransformResultsToJestFormat (Q:\\_kyle\\temp_documents\\GitHub\\business_scraper\\node_modules\\jest-circus\\build\\legacy-code-todo-rewrite\\jestAdapterInit.js:122:21)\n    at jestAdapter (Q:\\_kyle\\temp_documents\\GitHub\\business_scraper\\node_modules\\jest-circus\\build\\legacy-code-todo-rewrite\\jestAdapter.js:79:19)\n    at runTestInternal (Q:\\_kyle\\temp_documents\\GitHub\\business_scraper\\node_modules\\jest-runner\\build\\runTest.js:367:16)\n    at runTest (Q:\\_kyle\\temp_documents\\GitHub\\business_scraper\\node_modules\\jest-runner\\build\\runTest.js:444:34)","metadata":{"file":"Q:\\_kyle\\temp_documents\\GitHub\\business_scraper\\src\\__tests__\\controller\\paymentController.comprehensive.test.ts","category":"async","severity":"critical","retryCount":0}}
{"timestamp":"2025-10-03T23:25:21.226Z","suite":"Payment Controller.comprehensive","testCase":"should prevent payment processing race conditions","error":"TypeError: paymentController.setUser is not a function\n    at Object.setUser (Q:\\_kyle\\temp_documents\\GitHub\\business_scraper\\src\\__tests__\\controller\\paymentController.comprehensive.test.ts:406:25)\n    at Promise.then.completed (Q:\\_kyle\\temp_documents\\GitHub\\business_scraper\\node_modules\\jest-circus\\build\\utils.js:298:28)\n    at new Promise (<anonymous>)\n    at callAsyncCircusFn (Q:\\_kyle\\temp_documents\\GitHub\\business_scraper\\node_modules\\jest-circus\\build\\utils.js:231:10)\n    at _callCircusHook (Q:\\_kyle\\temp_documents\\GitHub\\business_scraper\\node_modules\\jest-circus\\build\\run.js:281:40)\n    at _runTest (Q:\\_kyle\\temp_documents\\GitHub\\business_scraper\\node_modules\\jest-circus\\build\\run.js:246:5)\n    at _runTestsForDescribeBlock (Q:\\_kyle\\temp_documents\\GitHub\\business_scraper\\node_modules\\jest-circus\\build\\run.js:126:9)\n    at _runTestsForDescribeBlock (Q:\\_kyle\\temp_documents\\GitHub\\business_scraper\\node_modules\\jest-circus\\build\\run.js:121:9)\n    at _runTestsForDescribeBlock (Q:\\_kyle\\temp_documents\\GitHub\\business_scraper\\node_modules\\jest-circus\\build\\run.js:121:9)\n    at run (Q:\\_kyle\\temp_documents\\GitHub\\business_scraper\\node_modules\\jest-circus\\build\\run.js:71:3)\n    at runAndTransformResultsToJestFormat (Q:\\_kyle\\temp_documents\\GitHub\\business_scraper\\node_modules\\jest-circus\\build\\legacy-code-todo-rewrite\\jestAdapterInit.js:122:21)\n    at jestAdapter (Q:\\_kyle\\temp_documents\\GitHub\\business_scraper\\node_modules\\jest-circus\\build\\legacy-code-todo-rewrite\\jestAdapter.js:79:19)\n    at runTestInternal (Q:\\_kyle\\temp_documents\\GitHub\\business_scraper\\node_modules\\jest-runner\\build\\runTest.js:367:16)\n    at runTest (Q:\\_kyle\\temp_documents\\GitHub\\business_scraper\\node_modules\\jest-runner\\build\\runTest.js:444:34)","metadata":{"file":"Q:\\_kyle\\temp_documents\\GitHub\\business_scraper\\src\\__tests__\\controller\\paymentController.comprehensive.test.ts","category":"async","severity":"critical","retryCount":0}}
{"timestamp":"2025-10-03T23:25:21.238Z","suite":"Payment-routes.comprehensive","testCase":"should reject unauthenticated requests","error":"TypeError: (0 , _route.POST) is not a function\n    at Object.<anonymous> (Q:\\_kyle\\temp_documents\\GitHub\\business_scraper\\src\\__tests__\\api\\payment\\payment-routes.comprehensive.test.ts:110:50)\n    at Promise.then.completed (Q:\\_kyle\\temp_documents\\GitHub\\business_scraper\\node_modules\\jest-circus\\build\\utils.js:298:28)\n    at new Promise (<anonymous>)\n    at callAsyncCircusFn (Q:\\_kyle\\temp_documents\\GitHub\\business_scraper\\node_modules\\jest-circus\\build\\utils.js:231:10)\n    at _callCircusTest (Q:\\_kyle\\temp_documents\\GitHub\\business_scraper\\node_modules\\jest-circus\\build\\run.js:316:40)\n    at _runTest (Q:\\_kyle\\temp_documents\\GitHub\\business_scraper\\node_modules\\jest-circus\\build\\run.js:252:3)\n    at _runTestsForDescribeBlock (Q:\\_kyle\\temp_documents\\GitHub\\business_scraper\\node_modules\\jest-circus\\build\\run.js:126:9)\n    at _runTestsForDescribeBlock (Q:\\_kyle\\temp_documents\\GitHub\\business_scraper\\node_modules\\jest-circus\\build\\run.js:121:9)\n    at _runTestsForDescribeBlock (Q:\\_kyle\\temp_documents\\GitHub\\business_scraper\\node_modules\\jest-circus\\build\\run.js:121:9)\n    at run (Q:\\_kyle\\temp_documents\\GitHub\\business_scraper\\node_modules\\jest-circus\\build\\run.js:71:3)\n    at runAndTransformResultsToJestFormat (Q:\\_kyle\\temp_documents\\GitHub\\business_scraper\\node_modules\\jest-circus\\build\\legacy-code-todo-rewrite\\jestAdapterInit.js:122:21)\n    at jestAdapter (Q:\\_kyle\\temp_documents\\GitHub\\business_scraper\\node_modules\\jest-circus\\build\\legacy-code-todo-rewrite\\jestAdapter.js:79:19)\n    at runTestInternal (Q:\\_kyle\\temp_documents\\GitHub\\business_scraper\\node_modules\\jest-runner\\build\\runTest.js:367:16)\n    at runTest (Q:\\_kyle\\temp_documents\\GitHub\\business_scraper\\node_modules\\jest-runner\\build\\runTest.js:444:34)","metadata":{"file":"Q:\\_kyle\\temp_documents\\GitHub\\business_scraper\\src\\__tests__\\api\\payment\\payment-routes.comprehensive.test.ts","category":"async","severity":"critical","retryCount":0}}
{"timestamp":"2025-10-03T23:25:21.244Z","suite":"Payment-routes.comprehensive","testCase":"should validate required fields","error":"TypeError: (0 , _route.POST) is not a function\n    at Object.<anonymous> (Q:\\_kyle\\temp_documents\\GitHub\\business_scraper\\src\\__tests__\\api\\payment\\payment-routes.comprehensive.test.ts:119:50)\n    at Promise.then.completed (Q:\\_kyle\\temp_documents\\GitHub\\business_scraper\\node_modules\\jest-circus\\build\\utils.js:298:28)\n    at new Promise (<anonymous>)\n    at callAsyncCircusFn (Q:\\_kyle\\temp_documents\\GitHub\\business_scraper\\node_modules\\jest-circus\\build\\utils.js:231:10)\n    at _callCircusTest (Q:\\_kyle\\temp_documents\\GitHub\\business_scraper\\node_modules\\jest-circus\\build\\run.js:316:40)\n    at _runTest (Q:\\_kyle\\temp_documents\\GitHub\\business_scraper\\node_modules\\jest-circus\\build\\run.js:252:3)\n    at _runTestsForDescribeBlock (Q:\\_kyle\\temp_documents\\GitHub\\business_scraper\\node_modules\\jest-circus\\build\\run.js:126:9)\n    at _runTestsForDescribeBlock (Q:\\_kyle\\temp_documents\\GitHub\\business_scraper\\node_modules\\jest-circus\\build\\run.js:121:9)\n    at _runTestsForDescribeBlock (Q:\\_kyle\\temp_documents\\GitHub\\business_scraper\\node_modules\\jest-circus\\build\\run.js:121:9)\n    at run (Q:\\_kyle\\temp_documents\\GitHub\\business_scraper\\node_modules\\jest-circus\\build\\run.js:71:3)\n    at runAndTransformResultsToJestFormat (Q:\\_kyle\\temp_documents\\GitHub\\business_scraper\\node_modules\\jest-circus\\build\\legacy-code-todo-rewrite\\jestAdapterInit.js:122:21)\n    at jestAdapter (Q:\\_kyle\\temp_documents\\GitHub\\business_scraper\\node_modules\\jest-circus\\build\\legacy-code-todo-rewrite\\jestAdapter.js:79:19)\n    at runTestInternal (Q:\\_kyle\\temp_documents\\GitHub\\business_scraper\\node_modules\\jest-runner\\build\\runTest.js:367:16)\n    at runTest (Q:\\_kyle\\temp_documents\\GitHub\\business_scraper\\node_modules\\jest-runner\\build\\runTest.js:444:34)","metadata":{"file":"Q:\\_kyle\\temp_documents\\GitHub\\business_scraper\\src\\__tests__\\api\\payment\\payment-routes.comprehensive.test.ts","category":"async","severity":"critical","retryCount":0}}
{"timestamp":"2025-10-03T23:25:21.248Z","suite":"Payment-routes.comprehensive","testCase":"should sanitize customer ID input","error":"TypeError: (0 , _route.POST) is not a function\n    at Object.<anonymous> (Q:\\_kyle\\temp_documents\\GitHub\\business_scraper\\src\\__tests__\\api\\payment\\payment-routes.comprehensive.test.ts:130:50)\n    at Promise.then.completed (Q:\\_kyle\\temp_documents\\GitHub\\business_scraper\\node_modules\\jest-circus\\build\\utils.js:298:28)\n    at new Promise (<anonymous>)\n    at callAsyncCircusFn (Q:\\_kyle\\temp_documents\\GitHub\\business_scraper\\node_modules\\jest-circus\\build\\utils.js:231:10)\n    at _callCircusTest (Q:\\_kyle\\temp_documents\\GitHub\\business_scraper\\node_modules\\jest-circus\\build\\run.js:316:40)\n    at _runTest (Q:\\_kyle\\temp_documents\\GitHub\\business_scraper\\node_modules\\jest-circus\\build\\run.js:252:3)\n    at _runTestsForDescribeBlock (Q:\\_kyle\\temp_documents\\GitHub\\business_scraper\\node_modules\\jest-circus\\build\\run.js:126:9)\n    at _runTestsForDescribeBlock (Q:\\_kyle\\temp_documents\\GitHub\\business_scraper\\node_modules\\jest-circus\\build\\run.js:121:9)\n    at _runTestsForDescribeBlock (Q:\\_kyle\\temp_documents\\GitHub\\business_scraper\\node_modules\\jest-circus\\build\\run.js:121:9)\n    at run (Q:\\_kyle\\temp_documents\\GitHub\\business_scraper\\node_modules\\jest-circus\\build\\run.js:71:3)\n    at runAndTransformResultsToJestFormat (Q:\\_kyle\\temp_documents\\GitHub\\business_scraper\\node_modules\\jest-circus\\build\\legacy-code-todo-rewrite\\jestAdapterInit.js:122:21)\n    at jestAdapter (Q:\\_kyle\\temp_documents\\GitHub\\business_scraper\\node_modules\\jest-circus\\build\\legacy-code-todo-rewrite\\jestAdapter.js:79:19)\n    at runTestInternal (Q:\\_kyle\\temp_documents\\GitHub\\business_scraper\\node_modules\\jest-runner\\build\\runTest.js:367:16)\n    at runTest (Q:\\_kyle\\temp_documents\\GitHub\\business_scraper\\node_modules\\jest-runner\\build\\runTest.js:444:34)","metadata":{"file":"Q:\\_kyle\\temp_documents\\GitHub\\business_scraper\\src\\__tests__\\api\\payment\\payment-routes.comprehensive.test.ts","category":"async","severity":"critical","retryCount":0}}
{"timestamp":"2025-10-03T23:25:21.252Z","suite":"Payment-routes.comprehensive","testCase":"should validate customer ownership","error":"TypeError: (0 , _route.POST) is not a function\n    at Object.<anonymous> (Q:\\_kyle\\temp_documents\\GitHub\\business_scraper\\src\\__tests__\\api\\payment\\payment-routes.comprehensive.test.ts:147:50)\n    at Promise.then.completed (Q:\\_kyle\\temp_documents\\GitHub\\business_scraper\\node_modules\\jest-circus\\build\\utils.js:298:28)\n    at new Promise (<anonymous>)\n    at callAsyncCircusFn (Q:\\_kyle\\temp_documents\\GitHub\\business_scraper\\node_modules\\jest-circus\\build\\utils.js:231:10)\n    at _callCircusTest (Q:\\_kyle\\temp_documents\\GitHub\\business_scraper\\node_modules\\jest-circus\\build\\run.js:316:40)\n    at _runTest (Q:\\_kyle\\temp_documents\\GitHub\\business_scraper\\node_modules\\jest-circus\\build\\run.js:252:3)\n    at _runTestsForDescribeBlock (Q:\\_kyle\\temp_documents\\GitHub\\business_scraper\\node_modules\\jest-circus\\build\\run.js:126:9)\n    at _runTestsForDescribeBlock (Q:\\_kyle\\temp_documents\\GitHub\\business_scraper\\node_modules\\jest-circus\\build\\run.js:121:9)\n    at _runTestsForDescribeBlock (Q:\\_kyle\\temp_documents\\GitHub\\business_scraper\\node_modules\\jest-circus\\build\\run.js:121:9)\n    at run (Q:\\_kyle\\temp_documents\\GitHub\\business_scraper\\node_modules\\jest-circus\\build\\run.js:71:3)\n    at runAndTransformResultsToJestFormat (Q:\\_kyle\\temp_documents\\GitHub\\business_scraper\\node_modules\\jest-circus\\build\\legacy-code-todo-rewrite\\jestAdapterInit.js:122:21)\n    at jestAdapter (Q:\\_kyle\\temp_documents\\GitHub\\business_scraper\\node_modules\\jest-circus\\build\\legacy-code-todo-rewrite\\jestAdapter.js:79:19)\n    at runTestInternal (Q:\\_kyle\\temp_documents\\GitHub\\business_scraper\\node_modules\\jest-runner\\build\\runTest.js:367:16)\n    at runTest (Q:\\_kyle\\temp_documents\\GitHub\\business_scraper\\node_modules\\jest-runner\\build\\runTest.js:444:34)","metadata":{"file":"Q:\\_kyle\\temp_documents\\GitHub\\business_scraper\\src\\__tests__\\api\\payment\\payment-routes.comprehensive.test.ts","category":"async","severity":"critical","retryCount":0}}
{"timestamp":"2025-10-03T23:25:21.255Z","suite":"Payment-routes.comprehensive","testCase":"should handle Stripe API errors gracefully","error":"TypeError: (0 , _route.POST) is not a function\n    at Object.<anonymous> (Q:\\_kyle\\temp_documents\\GitHub\\business_scraper\\src\\__tests__\\api\\payment\\payment-routes.comprehensive.test.ts:158:50)\n    at Promise.then.completed (Q:\\_kyle\\temp_documents\\GitHub\\business_scraper\\node_modules\\jest-circus\\build\\utils.js:298:28)\n    at new Promise (<anonymous>)\n    at callAsyncCircusFn (Q:\\_kyle\\temp_documents\\GitHub\\business_scraper\\node_modules\\jest-circus\\build\\utils.js:231:10)\n    at _callCircusTest (Q:\\_kyle\\temp_documents\\GitHub\\business_scraper\\node_modules\\jest-circus\\build\\run.js:316:40)\n    at _runTest (Q:\\_kyle\\temp_documents\\GitHub\\business_scraper\\node_modules\\jest-circus\\build\\run.js:252:3)\n    at _runTestsForDescribeBlock (Q:\\_kyle\\temp_documents\\GitHub\\business_scraper\\node_modules\\jest-circus\\build\\run.js:126:9)\n    at _runTestsForDescribeBlock (Q:\\_kyle\\temp_documents\\GitHub\\business_scraper\\node_modules\\jest-circus\\build\\run.js:121:9)\n    at _runTestsForDescribeBlock (Q:\\_kyle\\temp_documents\\GitHub\\business_scraper\\node_modules\\jest-circus\\build\\run.js:121:9)\n    at run (Q:\\_kyle\\temp_documents\\GitHub\\business_scraper\\node_modules\\jest-circus\\build\\run.js:71:3)\n    at runAndTransformResultsToJestFormat (Q:\\_kyle\\temp_documents\\GitHub\\business_scraper\\node_modules\\jest-circus\\build\\legacy-code-todo-rewrite\\jestAdapterInit.js:122:21)\n    at jestAdapter (Q:\\_kyle\\temp_documents\\GitHub\\business_scraper\\node_modules\\jest-circus\\build\\legacy-code-todo-rewrite\\jestAdapter.js:79:19)\n    at runTestInternal (Q:\\_kyle\\temp_documents\\GitHub\\business_scraper\\node_modules\\jest-runner\\build\\runTest.js:367:16)\n    at runTest (Q:\\_kyle\\temp_documents\\GitHub\\business_scraper\\node_modules\\jest-runner\\build\\runTest.js:444:34)","metadata":{"file":"Q:\\_kyle\\temp_documents\\GitHub\\business_scraper\\src\\__tests__\\api\\payment\\payment-routes.comprehensive.test.ts","category":"async","severity":"critical","retryCount":0}}
{"timestamp":"2025-10-03T23:25:21.261Z","suite":"Payment-routes.comprehensive","testCase":"should prevent amount manipulation attacks","error":"TypeError: createPaymentIntentHandler is not a function\n    at createPaymentIntentHandler (Q:\\_kyle\\temp_documents\\GitHub\\business_scraper\\src\\app\\api\\payments\\create-intent\\route.ts:282:10)\n    at Object.<anonymous> (Q:\\_kyle\\temp_documents\\GitHub\\business_scraper\\src\\__tests__\\api\\payment\\payment-routes.comprehensive.test.ts:194:51)\n    at Promise.then.completed (Q:\\_kyle\\temp_documents\\GitHub\\business_scraper\\node_modules\\jest-circus\\build\\utils.js:298:28)\n    at new Promise (<anonymous>)\n    at callAsyncCircusFn (Q:\\_kyle\\temp_documents\\GitHub\\business_scraper\\node_modules\\jest-circus\\build\\utils.js:231:10)\n    at _callCircusTest (Q:\\_kyle\\temp_documents\\GitHub\\business_scraper\\node_modules\\jest-circus\\build\\run.js:316:40)\n    at _runTest (Q:\\_kyle\\temp_documents\\GitHub\\business_scraper\\node_modules\\jest-circus\\build\\run.js:252:3)\n    at _runTestsForDescribeBlock (Q:\\_kyle\\temp_documents\\GitHub\\business_scraper\\node_modules\\jest-circus\\build\\run.js:126:9)\n    at _runTestsForDescribeBlock (Q:\\_kyle\\temp_documents\\GitHub\\business_scraper\\node_modules\\jest-circus\\build\\run.js:121:9)\n    at _runTestsForDescribeBlock (Q:\\_kyle\\temp_documents\\GitHub\\business_scraper\\node_modules\\jest-circus\\build\\run.js:121:9)\n    at run (Q:\\_kyle\\temp_documents\\GitHub\\business_scraper\\node_modules\\jest-circus\\build\\run.js:71:3)\n    at runAndTransformResultsToJestFormat (Q:\\_kyle\\temp_documents\\GitHub\\business_scraper\\node_modules\\jest-circus\\build\\legacy-code-todo-rewrite\\jestAdapterInit.js:122:21)\n    at jestAdapter (Q:\\_kyle\\temp_documents\\GitHub\\business_scraper\\node_modules\\jest-circus\\build\\legacy-code-todo-rewrite\\jestAdapter.js:79:19)\n    at runTestInternal (Q:\\_kyle\\temp_documents\\GitHub\\business_scraper\\node_modules\\jest-runner\\build\\runTest.js:367:16)\n    at runTest (Q:\\_kyle\\temp_documents\\GitHub\\business_scraper\\node_modules\\jest-runner\\build\\runTest.js:444:34)","metadata":{"file":"Q:\\_kyle\\temp_documents\\GitHub\\business_scraper\\src\\__tests__\\api\\payment\\payment-routes.comprehensive.test.ts","category":"async","severity":"critical","retryCount":0}}
{"timestamp":"2025-10-03T23:25:21.268Z","suite":"Payment-routes.comprehensive","testCase":"should validate currency codes","error":"TypeError: createPaymentIntentHandler is not a function\n    at createPaymentIntentHandler (Q:\\_kyle\\temp_documents\\GitHub\\business_scraper\\src\\app\\api\\payments\\create-intent\\route.ts:282:10)\n    at Object.<anonymous> (Q:\\_kyle\\temp_documents\\GitHub\\business_scraper\\src\\__tests__\\api\\payment\\payment-routes.comprehensive.test.ts:208:51)\n    at Promise.then.completed (Q:\\_kyle\\temp_documents\\GitHub\\business_scraper\\node_modules\\jest-circus\\build\\utils.js:298:28)\n    at new Promise (<anonymous>)\n    at callAsyncCircusFn (Q:\\_kyle\\temp_documents\\GitHub\\business_scraper\\node_modules\\jest-circus\\build\\utils.js:231:10)\n    at _callCircusTest (Q:\\_kyle\\temp_documents\\GitHub\\business_scraper\\node_modules\\jest-circus\\build\\run.js:316:40)\n    at _runTest (Q:\\_kyle\\temp_documents\\GitHub\\business_scraper\\node_modules\\jest-circus\\build\\run.js:252:3)\n    at _runTestsForDescribeBlock (Q:\\_kyle\\temp_documents\\GitHub\\business_scraper\\node_modules\\jest-circus\\build\\run.js:126:9)\n    at _runTestsForDescribeBlock (Q:\\_kyle\\temp_documents\\GitHub\\business_scraper\\node_modules\\jest-circus\\build\\run.js:121:9)\n    at _runTestsForDescribeBlock (Q:\\_kyle\\temp_documents\\GitHub\\business_scraper\\node_modules\\jest-circus\\build\\run.js:121:9)\n    at run (Q:\\_kyle\\temp_documents\\GitHub\\business_scraper\\node_modules\\jest-circus\\build\\run.js:71:3)\n    at runAndTransformResultsToJestFormat (Q:\\_kyle\\temp_documents\\GitHub\\business_scraper\\node_modules\\jest-circus\\build\\legacy-code-todo-rewrite\\jestAdapterInit.js:122:21)\n    at jestAdapter (Q:\\_kyle\\temp_documents\\GitHub\\business_scraper\\node_modules\\jest-circus\\build\\legacy-code-todo-rewrite\\jestAdapter.js:79:19)\n    at runTestInternal (Q:\\_kyle\\temp_documents\\GitHub\\business_scraper\\node_modules\\jest-runner\\build\\runTest.js:367:16)\n    at runTest (Q:\\_kyle\\temp_documents\\GitHub\\business_scraper\\node_modules\\jest-runner\\build\\runTest.js:444:34)","metadata":{"file":"Q:\\_kyle\\temp_documents\\GitHub\\business_scraper\\src\\__tests__\\api\\payment\\payment-routes.comprehensive.test.ts","category":"async","severity":"critical","retryCount":0}}
{"timestamp":"2025-10-03T23:25:21.275Z","suite":"Payment-routes.comprehensive","testCase":"should sanitize metadata inputs","error":"TypeError: createPaymentIntentHandler is not a function\n    at createPaymentIntentHandler (Q:\\_kyle\\temp_documents\\GitHub\\business_scraper\\src\\app\\api\\payments\\create-intent\\route.ts:282:10)\n    at Object.<anonymous> (Q:\\_kyle\\temp_documents\\GitHub\\business_scraper\\src\\__tests__\\api\\payment\\payment-routes.comprehensive.test.ts:234:49)\n    at Promise.then.completed (Q:\\_kyle\\temp_documents\\GitHub\\business_scraper\\node_modules\\jest-circus\\build\\utils.js:298:28)\n    at new Promise (<anonymous>)\n    at callAsyncCircusFn (Q:\\_kyle\\temp_documents\\GitHub\\business_scraper\\node_modules\\jest-circus\\build\\utils.js:231:10)\n    at _callCircusTest (Q:\\_kyle\\temp_documents\\GitHub\\business_scraper\\node_modules\\jest-circus\\build\\run.js:316:40)\n    at _runTest (Q:\\_kyle\\temp_documents\\GitHub\\business_scraper\\node_modules\\jest-circus\\build\\run.js:252:3)\n    at _runTestsForDescribeBlock (Q:\\_kyle\\temp_documents\\GitHub\\business_scraper\\node_modules\\jest-circus\\build\\run.js:126:9)\n    at _runTestsForDescribeBlock (Q:\\_kyle\\temp_documents\\GitHub\\business_scraper\\node_modules\\jest-circus\\build\\run.js:121:9)\n    at _runTestsForDescribeBlock (Q:\\_kyle\\temp_documents\\GitHub\\business_scraper\\node_modules\\jest-circus\\build\\run.js:121:9)\n    at run (Q:\\_kyle\\temp_documents\\GitHub\\business_scraper\\node_modules\\jest-circus\\build\\run.js:71:3)\n    at runAndTransformResultsToJestFormat (Q:\\_kyle\\temp_documents\\GitHub\\business_scraper\\node_modules\\jest-circus\\build\\legacy-code-todo-rewrite\\jestAdapterInit.js:122:21)\n    at jestAdapter (Q:\\_kyle\\temp_documents\\GitHub\\business_scraper\\node_modules\\jest-circus\\build\\legacy-code-todo-rewrite\\jestAdapter.js:79:19)\n    at runTestInternal (Q:\\_kyle\\temp_documents\\GitHub\\business_scraper\\node_modules\\jest-runner\\build\\runTest.js:367:16)\n    at runTest (Q:\\_kyle\\temp_documents\\GitHub\\business_scraper\\node_modules\\jest-runner\\build\\runTest.js:444:34)","metadata":{"file":"Q:\\_kyle\\temp_documents\\GitHub\\business_scraper\\src\\__tests__\\api\\payment\\payment-routes.comprehensive.test.ts","category":"async","severity":"critical","retryCount":0}}
{"timestamp":"2025-10-03T23:25:21.281Z","suite":"Payment-routes.comprehensive","testCase":"should enforce rate limiting for payment creation","error":"TypeError: createPaymentIntentHandler is not a function\n    at createPaymentIntentHandler (Q:\\_kyle\\temp_documents\\GitHub\\business_scraper\\src\\app\\api\\payments\\create-intent\\route.ts:282:10)\n    at Q:\\_kyle\\temp_documents\\GitHub\\business_scraper\\src\\__tests__\\api\\payment\\payment-routes.comprehensive.test.ts:259:48\n    at Array.map (<anonymous>)\n    at Object.map (Q:\\_kyle\\temp_documents\\GitHub\\business_scraper\\src\\__tests__\\api\\payment\\payment-routes.comprehensive.test.ts:259:18)\n    at Promise.then.completed (Q:\\_kyle\\temp_documents\\GitHub\\business_scraper\\node_modules\\jest-circus\\build\\utils.js:298:28)\n    at new Promise (<anonymous>)\n    at callAsyncCircusFn (Q:\\_kyle\\temp_documents\\GitHub\\business_scraper\\node_modules\\jest-circus\\build\\utils.js:231:10)\n    at _callCircusTest (Q:\\_kyle\\temp_documents\\GitHub\\business_scraper\\node_modules\\jest-circus\\build\\run.js:316:40)\n    at _runTest (Q:\\_kyle\\temp_documents\\GitHub\\business_scraper\\node_modules\\jest-circus\\build\\run.js:252:3)\n    at _runTestsForDescribeBlock (Q:\\_kyle\\temp_documents\\GitHub\\business_scraper\\node_modules\\jest-circus\\build\\run.js:126:9)\n    at _runTestsForDescribeBlock (Q:\\_kyle\\temp_documents\\GitHub\\business_scraper\\node_modules\\jest-circus\\build\\run.js:121:9)\n    at _runTestsForDescribeBlock (Q:\\_kyle\\temp_documents\\GitHub\\business_scraper\\node_modules\\jest-circus\\build\\run.js:121:9)\n    at run (Q:\\_kyle\\temp_documents\\GitHub\\business_scraper\\node_modules\\jest-circus\\build\\run.js:71:3)\n    at runAndTransformResultsToJestFormat (Q:\\_kyle\\temp_documents\\GitHub\\business_scraper\\node_modules\\jest-circus\\build\\legacy-code-todo-rewrite\\jestAdapterInit.js:122:21)\n    at jestAdapter (Q:\\_kyle\\temp_documents\\GitHub\\business_scraper\\node_modules\\jest-circus\\build\\legacy-code-todo-rewrite\\jestAdapter.js:79:19)\n    at runTestInternal (Q:\\_kyle\\temp_documents\\GitHub\\business_scraper\\node_modules\\jest-runner\\build\\runTest.js:367:16)\n    at runTest (Q:\\_kyle\\temp_documents\\GitHub\\business_scraper\\node_modules\\jest-runner\\build\\runTest.js:444:34)","metadata":{"file":"Q:\\_kyle\\temp_documents\\GitHub\\business_scraper\\src\\__tests__\\api\\payment\\payment-routes.comprehensive.test.ts","category":"async","severity":"critical","retryCount":0}}
{"timestamp":"2025-10-03T23:25:21.286Z","suite":"Payment-routes.comprehensive","testCase":"should prevent unauthorized access to payment history","error":"TypeError: (0 , _route2.GET) is not a function\n    at Object.<anonymous> (Q:\\_kyle\\temp_documents\\GitHub\\business_scraper\\src\\__tests__\\api\\payment\\payment-routes.comprehensive.test.ts:282:44)\n    at Promise.then.completed (Q:\\_kyle\\temp_documents\\GitHub\\business_scraper\\node_modules\\jest-circus\\build\\utils.js:298:28)\n    at new Promise (<anonymous>)\n    at callAsyncCircusFn (Q:\\_kyle\\temp_documents\\GitHub\\business_scraper\\node_modules\\jest-circus\\build\\utils.js:231:10)\n    at _callCircusTest (Q:\\_kyle\\temp_documents\\GitHub\\business_scraper\\node_modules\\jest-circus\\build\\run.js:316:40)\n    at _runTest (Q:\\_kyle\\temp_documents\\GitHub\\business_scraper\\node_modules\\jest-circus\\build\\run.js:252:3)\n    at _runTestsForDescribeBlock (Q:\\_kyle\\temp_documents\\GitHub\\business_scraper\\node_modules\\jest-circus\\build\\run.js:126:9)\n    at _runTestsForDescribeBlock (Q:\\_kyle\\temp_documents\\GitHub\\business_scraper\\node_modules\\jest-circus\\build\\run.js:121:9)\n    at _runTestsForDescribeBlock (Q:\\_kyle\\temp_documents\\GitHub\\business_scraper\\node_modules\\jest-circus\\build\\run.js:121:9)\n    at run (Q:\\_kyle\\temp_documents\\GitHub\\business_scraper\\node_modules\\jest-circus\\build\\run.js:71:3)\n    at runAndTransformResultsToJestFormat (Q:\\_kyle\\temp_documents\\GitHub\\business_scraper\\node_modules\\jest-circus\\build\\legacy-code-todo-rewrite\\jestAdapterInit.js:122:21)\n    at jestAdapter (Q:\\_kyle\\temp_documents\\GitHub\\business_scraper\\node_modules\\jest-circus\\build\\legacy-code-todo-rewrite\\jestAdapter.js:79:19)\n    at runTestInternal (Q:\\_kyle\\temp_documents\\GitHub\\business_scraper\\node_modules\\jest-runner\\build\\runTest.js:367:16)\n    at runTest (Q:\\_kyle\\temp_documents\\GitHub\\business_scraper\\node_modules\\jest-runner\\build\\runTest.js:444:34)","metadata":{"file":"Q:\\_kyle\\temp_documents\\GitHub\\business_scraper\\src\\__tests__\\api\\payment\\payment-routes.comprehensive.test.ts","category":"async","severity":"critical","retryCount":0}}
{"timestamp":"2025-10-03T23:25:21.293Z","suite":"Payment-routes.comprehensive","testCase":"should validate pagination parameters","error":"TypeError: (0 , _route2.GET) is not a function\n    at Object.<anonymous> (Q:\\_kyle\\temp_documents\\GitHub\\business_scraper\\src\\__tests__\\api\\payment\\payment-routes.comprehensive.test.ts:298:46)\n    at Promise.then.completed (Q:\\_kyle\\temp_documents\\GitHub\\business_scraper\\node_modules\\jest-circus\\build\\utils.js:298:28)\n    at new Promise (<anonymous>)\n    at callAsyncCircusFn (Q:\\_kyle\\temp_documents\\GitHub\\business_scraper\\node_modules\\jest-circus\\build\\utils.js:231:10)\n    at _callCircusTest (Q:\\_kyle\\temp_documents\\GitHub\\business_scraper\\node_modules\\jest-circus\\build\\run.js:316:40)\n    at _runTest (Q:\\_kyle\\temp_documents\\GitHub\\business_scraper\\node_modules\\jest-circus\\build\\run.js:252:3)\n    at _runTestsForDescribeBlock (Q:\\_kyle\\temp_documents\\GitHub\\business_scraper\\node_modules\\jest-circus\\build\\run.js:126:9)\n    at _runTestsForDescribeBlock (Q:\\_kyle\\temp_documents\\GitHub\\business_scraper\\node_modules\\jest-circus\\build\\run.js:121:9)\n    at _runTestsForDescribeBlock (Q:\\_kyle\\temp_documents\\GitHub\\business_scraper\\node_modules\\jest-circus\\build\\run.js:121:9)\n    at run (Q:\\_kyle\\temp_documents\\GitHub\\business_scraper\\node_modules\\jest-circus\\build\\run.js:71:3)\n    at runAndTransformResultsToJestFormat (Q:\\_kyle\\temp_documents\\GitHub\\business_scraper\\node_modules\\jest-circus\\build\\legacy-code-todo-rewrite\\jestAdapterInit.js:122:21)\n    at jestAdapter (Q:\\_kyle\\temp_documents\\GitHub\\business_scraper\\node_modules\\jest-circus\\build\\legacy-code-todo-rewrite\\jestAdapter.js:79:19)\n    at runTestInternal (Q:\\_kyle\\temp_documents\\GitHub\\business_scraper\\node_modules\\jest-runner\\build\\runTest.js:367:16)\n    at runTest (Q:\\_kyle\\temp_documents\\GitHub\\business_scraper\\node_modules\\jest-runner\\build\\runTest.js:444:34)","metadata":{"file":"Q:\\_kyle\\temp_documents\\GitHub\\business_scraper\\src\\__tests__\\api\\payment\\payment-routes.comprehensive.test.ts","category":"async","severity":"critical","retryCount":0}}
{"timestamp":"2025-10-03T23:25:21.299Z","suite":"Payment-routes.comprehensive","testCase":"should prevent access to other users payment history","error":"TypeError: (0 , _route2.GET) is not a function\n    at Object.<anonymous> (Q:\\_kyle\\temp_documents\\GitHub\\business_scraper\\src\\__tests__\\api\\payment\\payment-routes.comprehensive.test.ts:310:44)\n    at Promise.then.completed (Q:\\_kyle\\temp_documents\\GitHub\\business_scraper\\node_modules\\jest-circus\\build\\utils.js:298:28)\n    at new Promise (<anonymous>)\n    at callAsyncCircusFn (Q:\\_kyle\\temp_documents\\GitHub\\business_scraper\\node_modules\\jest-circus\\build\\utils.js:231:10)\n    at _callCircusTest (Q:\\_kyle\\temp_documents\\GitHub\\business_scraper\\node_modules\\jest-circus\\build\\run.js:316:40)\n    at _runTest (Q:\\_kyle\\temp_documents\\GitHub\\business_scraper\\node_modules\\jest-circus\\build\\run.js:252:3)\n    at _runTestsForDescribeBlock (Q:\\_kyle\\temp_documents\\GitHub\\business_scraper\\node_modules\\jest-circus\\build\\run.js:126:9)\n    at _runTestsForDescribeBlock (Q:\\_kyle\\temp_documents\\GitHub\\business_scraper\\node_modules\\jest-circus\\build\\run.js:121:9)\n    at _runTestsForDescribeBlock (Q:\\_kyle\\temp_documents\\GitHub\\business_scraper\\node_modules\\jest-circus\\build\\run.js:121:9)\n    at run (Q:\\_kyle\\temp_documents\\GitHub\\business_scraper\\node_modules\\jest-circus\\build\\run.js:71:3)\n    at runAndTransformResultsToJestFormat (Q:\\_kyle\\temp_documents\\GitHub\\business_scraper\\node_modules\\jest-circus\\build\\legacy-code-todo-rewrite\\jestAdapterInit.js:122:21)\n    at jestAdapter (Q:\\_kyle\\temp_documents\\GitHub\\business_scraper\\node_modules\\jest-circus\\build\\legacy-code-todo-rewrite\\jestAdapter.js:79:19)\n    at runTestInternal (Q:\\_kyle\\temp_documents\\GitHub\\business_scraper\\node_modules\\jest-runner\\build\\runTest.js:367:16)\n    at runTest (Q:\\_kyle\\temp_documents\\GitHub\\business_scraper\\node_modules\\jest-runner\\build\\runTest.js:444:34)","metadata":{"file":"Q:\\_kyle\\temp_documents\\GitHub\\business_scraper\\src\\__tests__\\api\\payment\\payment-routes.comprehensive.test.ts","category":"async","severity":"critical","retryCount":0}}
{"timestamp":"2025-10-03T23:25:21.306Z","suite":"Payment-routes.comprehensive","testCase":"should return sanitized plan information","error":"TypeError: (0 , _route3.GET) is not a function\n    at Object.<anonymous> (Q:\\_kyle\\temp_documents\\GitHub\\business_scraper\\src\\__tests__\\api\\payment\\payment-routes.comprehensive.test.ts:325:42)\n    at Promise.then.completed (Q:\\_kyle\\temp_documents\\GitHub\\business_scraper\\node_modules\\jest-circus\\build\\utils.js:298:28)\n    at new Promise (<anonymous>)\n    at callAsyncCircusFn (Q:\\_kyle\\temp_documents\\GitHub\\business_scraper\\node_modules\\jest-circus\\build\\utils.js:231:10)\n    at _callCircusTest (Q:\\_kyle\\temp_documents\\GitHub\\business_scraper\\node_modules\\jest-circus\\build\\run.js:316:40)\n    at _runTest (Q:\\_kyle\\temp_documents\\GitHub\\business_scraper\\node_modules\\jest-circus\\build\\run.js:252:3)\n    at _runTestsForDescribeBlock (Q:\\_kyle\\temp_documents\\GitHub\\business_scraper\\node_modules\\jest-circus\\build\\run.js:126:9)\n    at _runTestsForDescribeBlock (Q:\\_kyle\\temp_documents\\GitHub\\business_scraper\\node_modules\\jest-circus\\build\\run.js:121:9)\n    at _runTestsForDescribeBlock (Q:\\_kyle\\temp_documents\\GitHub\\business_scraper\\node_modules\\jest-circus\\build\\run.js:121:9)\n    at run (Q:\\_kyle\\temp_documents\\GitHub\\business_scraper\\node_modules\\jest-circus\\build\\run.js:71:3)\n    at runAndTransformResultsToJestFormat (Q:\\_kyle\\temp_documents\\GitHub\\business_scraper\\node_modules\\jest-circus\\build\\legacy-code-todo-rewrite\\jestAdapterInit.js:122:21)\n    at jestAdapter (Q:\\_kyle\\temp_documents\\GitHub\\business_scraper\\node_modules\\jest-circus\\build\\legacy-code-todo-rewrite\\jestAdapter.js:79:19)\n    at runTestInternal (Q:\\_kyle\\temp_documents\\GitHub\\business_scraper\\node_modules\\jest-runner\\build\\runTest.js:367:16)\n    at runTest (Q:\\_kyle\\temp_documents\\GitHub\\business_scraper\\node_modules\\jest-runner\\build\\runTest.js:444:34)","metadata":{"file":"Q:\\_kyle\\temp_documents\\GitHub\\business_scraper\\src\\__tests__\\api\\payment\\payment-routes.comprehensive.test.ts","category":"async","severity":"critical","retryCount":0}}
{"timestamp":"2025-10-03T23:25:21.311Z","suite":"Payment-routes.comprehensive","testCase":"should prevent subscription tampering","error":"TypeError: (0 , _route4.POST) is not a function\n    at Object.<anonymous> (Q:\\_kyle\\temp_documents\\GitHub\\business_scraper\\src\\__tests__\\api\\payment\\payment-routes.comprehensive.test.ts:359:51)\n    at Promise.then.completed (Q:\\_kyle\\temp_documents\\GitHub\\business_scraper\\node_modules\\jest-circus\\build\\utils.js:298:28)\n    at new Promise (<anonymous>)\n    at callAsyncCircusFn (Q:\\_kyle\\temp_documents\\GitHub\\business_scraper\\node_modules\\jest-circus\\build\\utils.js:231:10)\n    at _callCircusTest (Q:\\_kyle\\temp_documents\\GitHub\\business_scraper\\node_modules\\jest-circus\\build\\run.js:316:40)\n    at _runTest (Q:\\_kyle\\temp_documents\\GitHub\\business_scraper\\node_modules\\jest-circus\\build\\run.js:252:3)\n    at _runTestsForDescribeBlock (Q:\\_kyle\\temp_documents\\GitHub\\business_scraper\\node_modules\\jest-circus\\build\\run.js:126:9)\n    at _runTestsForDescribeBlock (Q:\\_kyle\\temp_documents\\GitHub\\business_scraper\\node_modules\\jest-circus\\build\\run.js:121:9)\n    at _runTestsForDescribeBlock (Q:\\_kyle\\temp_documents\\GitHub\\business_scraper\\node_modules\\jest-circus\\build\\run.js:121:9)\n    at run (Q:\\_kyle\\temp_documents\\GitHub\\business_scraper\\node_modules\\jest-circus\\build\\run.js:71:3)\n    at runAndTransformResultsToJestFormat (Q:\\_kyle\\temp_documents\\GitHub\\business_scraper\\node_modules\\jest-circus\\build\\legacy-code-todo-rewrite\\jestAdapterInit.js:122:21)\n    at jestAdapter (Q:\\_kyle\\temp_documents\\GitHub\\business_scraper\\node_modules\\jest-circus\\build\\legacy-code-todo-rewrite\\jestAdapter.js:79:19)\n    at runTestInternal (Q:\\_kyle\\temp_documents\\GitHub\\business_scraper\\node_modules\\jest-runner\\build\\runTest.js:367:16)\n    at runTest (Q:\\_kyle\\temp_documents\\GitHub\\business_scraper\\node_modules\\jest-runner\\build\\runTest.js:444:34)","metadata":{"file":"Q:\\_kyle\\temp_documents\\GitHub\\business_scraper\\src\\__tests__\\api\\payment\\payment-routes.comprehensive.test.ts","category":"async","severity":"critical","retryCount":0}}
{"timestamp":"2025-10-03T23:25:21.316Z","suite":"Payment-routes.comprehensive","testCase":"should validate plan existence and pricing","error":"TypeError: (0 , _route4.POST) is not a function\n    at Object.<anonymous> (Q:\\_kyle\\temp_documents\\GitHub\\business_scraper\\src\\__tests__\\api\\payment\\payment-routes.comprehensive.test.ts:367:49)\n    at Promise.then.completed (Q:\\_kyle\\temp_documents\\GitHub\\business_scraper\\node_modules\\jest-circus\\build\\utils.js:298:28)\n    at new Promise (<anonymous>)\n    at callAsyncCircusFn (Q:\\_kyle\\temp_documents\\GitHub\\business_scraper\\node_modules\\jest-circus\\build\\utils.js:231:10)\n    at _callCircusTest (Q:\\_kyle\\temp_documents\\GitHub\\business_scraper\\node_modules\\jest-circus\\build\\run.js:316:40)\n    at _runTest (Q:\\_kyle\\temp_documents\\GitHub\\business_scraper\\node_modules\\jest-circus\\build\\run.js:252:3)\n    at _runTestsForDescribeBlock (Q:\\_kyle\\temp_documents\\GitHub\\business_scraper\\node_modules\\jest-circus\\build\\run.js:126:9)\n    at _runTestsForDescribeBlock (Q:\\_kyle\\temp_documents\\GitHub\\business_scraper\\node_modules\\jest-circus\\build\\run.js:121:9)\n    at _runTestsForDescribeBlock (Q:\\_kyle\\temp_documents\\GitHub\\business_scraper\\node_modules\\jest-circus\\build\\run.js:121:9)\n    at run (Q:\\_kyle\\temp_documents\\GitHub\\business_scraper\\node_modules\\jest-circus\\build\\run.js:71:3)\n    at runAndTransformResultsToJestFormat (Q:\\_kyle\\temp_documents\\GitHub\\business_scraper\\node_modules\\jest-circus\\build\\legacy-code-todo-rewrite\\jestAdapterInit.js:122:21)\n    at jestAdapter (Q:\\_kyle\\temp_documents\\GitHub\\business_scraper\\node_modules\\jest-circus\\build\\legacy-code-todo-rewrite\\jestAdapter.js:79:19)\n    at runTestInternal (Q:\\_kyle\\temp_documents\\GitHub\\business_scraper\\node_modules\\jest-runner\\build\\runTest.js:367:16)\n    at runTest (Q:\\_kyle\\temp_documents\\GitHub\\business_scraper\\node_modules\\jest-runner\\build\\runTest.js:444:34)","metadata":{"file":"Q:\\_kyle\\temp_documents\\GitHub\\business_scraper\\src\\__tests__\\api\\payment\\payment-routes.comprehensive.test.ts","category":"async","severity":"critical","retryCount":0}}
{"timestamp":"2025-10-03T23:25:21.320Z","suite":"Payment-routes.comprehensive","testCase":"should implement CSRF protection on all POST routes","error":"TypeError: handler is not a function\n    at Object.handler (Q:\\_kyle\\temp_documents\\GitHub\\business_scraper\\src\\__tests__\\api\\payment\\payment-routes.comprehensive.test.ts:391:32)\n    at Promise.then.completed (Q:\\_kyle\\temp_documents\\GitHub\\business_scraper\\node_modules\\jest-circus\\build\\utils.js:298:28)\n    at new Promise (<anonymous>)\n    at callAsyncCircusFn (Q:\\_kyle\\temp_documents\\GitHub\\business_scraper\\node_modules\\jest-circus\\build\\utils.js:231:10)\n    at _callCircusTest (Q:\\_kyle\\temp_documents\\GitHub\\business_scraper\\node_modules\\jest-circus\\build\\run.js:316:40)\n    at _runTest (Q:\\_kyle\\temp_documents\\GitHub\\business_scraper\\node_modules\\jest-circus\\build\\run.js:252:3)\n    at _runTestsForDescribeBlock (Q:\\_kyle\\temp_documents\\GitHub\\business_scraper\\node_modules\\jest-circus\\build\\run.js:126:9)\n    at _runTestsForDescribeBlock (Q:\\_kyle\\temp_documents\\GitHub\\business_scraper\\node_modules\\jest-circus\\build\\run.js:121:9)\n    at _runTestsForDescribeBlock (Q:\\_kyle\\temp_documents\\GitHub\\business_scraper\\node_modules\\jest-circus\\build\\run.js:121:9)\n    at run (Q:\\_kyle\\temp_documents\\GitHub\\business_scraper\\node_modules\\jest-circus\\build\\run.js:71:3)\n    at runAndTransformResultsToJestFormat (Q:\\_kyle\\temp_documents\\GitHub\\business_scraper\\node_modules\\jest-circus\\build\\legacy-code-todo-rewrite\\jestAdapterInit.js:122:21)\n    at jestAdapter (Q:\\_kyle\\temp_documents\\GitHub\\business_scraper\\node_modules\\jest-circus\\build\\legacy-code-todo-rewrite\\jestAdapter.js:79:19)\n    at runTestInternal (Q:\\_kyle\\temp_documents\\GitHub\\business_scraper\\node_modules\\jest-runner\\build\\runTest.js:367:16)\n    at runTest (Q:\\_kyle\\temp_documents\\GitHub\\business_scraper\\node_modules\\jest-runner\\build\\runTest.js:444:34)","metadata":{"file":"Q:\\_kyle\\temp_documents\\GitHub\\business_scraper\\src\\__tests__\\api\\payment\\payment-routes.comprehensive.test.ts","category":"async","severity":"critical","retryCount":0}}
{"timestamp":"2025-10-03T23:25:21.326Z","suite":"Payment-routes.comprehensive","testCase":"should log all payment-related security events","error":"TypeError: createPaymentIntentHandler is not a function\n    at createPaymentIntentHandler (Q:\\_kyle\\temp_documents\\GitHub\\business_scraper\\src\\app\\api\\payments\\create-intent\\route.ts:282:10)\n    at Object.<anonymous> (Q:\\_kyle\\temp_documents\\GitHub\\business_scraper\\src\\__tests__\\api\\payment\\payment-routes.comprehensive.test.ts:403:32)\n    at Promise.then.completed (Q:\\_kyle\\temp_documents\\GitHub\\business_scraper\\node_modules\\jest-circus\\build\\utils.js:298:28)\n    at new Promise (<anonymous>)\n    at callAsyncCircusFn (Q:\\_kyle\\temp_documents\\GitHub\\business_scraper\\node_modules\\jest-circus\\build\\utils.js:231:10)\n    at _callCircusTest (Q:\\_kyle\\temp_documents\\GitHub\\business_scraper\\node_modules\\jest-circus\\build\\run.js:316:40)\n    at _runTest (Q:\\_kyle\\temp_documents\\GitHub\\business_scraper\\node_modules\\jest-circus\\build\\run.js:252:3)\n    at _runTestsForDescribeBlock (Q:\\_kyle\\temp_documents\\GitHub\\business_scraper\\node_modules\\jest-circus\\build\\run.js:126:9)\n    at _runTestsForDescribeBlock (Q:\\_kyle\\temp_documents\\GitHub\\business_scraper\\node_modules\\jest-circus\\build\\run.js:121:9)\n    at _runTestsForDescribeBlock (Q:\\_kyle\\temp_documents\\GitHub\\business_scraper\\node_modules\\jest-circus\\build\\run.js:121:9)\n    at run (Q:\\_kyle\\temp_documents\\GitHub\\business_scraper\\node_modules\\jest-circus\\build\\run.js:71:3)\n    at runAndTransformResultsToJestFormat (Q:\\_kyle\\temp_documents\\GitHub\\business_scraper\\node_modules\\jest-circus\\build\\legacy-code-todo-rewrite\\jestAdapterInit.js:122:21)\n    at jestAdapter (Q:\\_kyle\\temp_documents\\GitHub\\business_scraper\\node_modules\\jest-circus\\build\\legacy-code-todo-rewrite\\jestAdapter.js:79:19)\n    at runTestInternal (Q:\\_kyle\\temp_documents\\GitHub\\business_scraper\\node_modules\\jest-runner\\build\\runTest.js:367:16)\n    at runTest (Q:\\_kyle\\temp_documents\\GitHub\\business_scraper\\node_modules\\jest-runner\\build\\runTest.js:444:34)","metadata":{"file":"Q:\\_kyle\\temp_documents\\GitHub\\business_scraper\\src\\__tests__\\api\\payment\\payment-routes.comprehensive.test.ts","category":"async","severity":"critical","retryCount":0}}
{"timestamp":"2025-10-03T23:25:21.332Z","suite":"Payment-routes.comprehensive","testCase":"should handle concurrent payment requests safely","error":"TypeError: createPaymentIntentHandler is not a function\n    at createPaymentIntentHandler (Q:\\_kyle\\temp_documents\\GitHub\\business_scraper\\src\\app\\api\\payments\\create-intent\\route.ts:282:10)\n    at Q:\\_kyle\\temp_documents\\GitHub\\business_scraper\\src\\__tests__\\api\\payment\\payment-routes.comprehensive.test.ts:419:35\n    at Array.map (<anonymous>)\n    at Object.map (Q:\\_kyle\\temp_documents\\GitHub\\business_scraper\\src\\__tests__\\api\\payment\\payment-routes.comprehensive.test.ts:413:54)\n    at Promise.then.completed (Q:\\_kyle\\temp_documents\\GitHub\\business_scraper\\node_modules\\jest-circus\\build\\utils.js:298:28)\n    at new Promise (<anonymous>)\n    at callAsyncCircusFn (Q:\\_kyle\\temp_documents\\GitHub\\business_scraper\\node_modules\\jest-circus\\build\\utils.js:231:10)\n    at _callCircusTest (Q:\\_kyle\\temp_documents\\GitHub\\business_scraper\\node_modules\\jest-circus\\build\\run.js:316:40)\n    at _runTest (Q:\\_kyle\\temp_documents\\GitHub\\business_scraper\\node_modules\\jest-circus\\build\\run.js:252:3)\n    at _runTestsForDescribeBlock (Q:\\_kyle\\temp_documents\\GitHub\\business_scraper\\node_modules\\jest-circus\\build\\run.js:126:9)\n    at _runTestsForDescribeBlock (Q:\\_kyle\\temp_documents\\GitHub\\business_scraper\\node_modules\\jest-circus\\build\\run.js:121:9)\n    at _runTestsForDescribeBlock (Q:\\_kyle\\temp_documents\\GitHub\\business_scraper\\node_modules\\jest-circus\\build\\run.js:121:9)\n    at run (Q:\\_kyle\\temp_documents\\GitHub\\business_scraper\\node_modules\\jest-circus\\build\\run.js:71:3)\n    at runAndTransformResultsToJestFormat (Q:\\_kyle\\temp_documents\\GitHub\\business_scraper\\node_modules\\jest-circus\\build\\legacy-code-todo-rewrite\\jestAdapterInit.js:122:21)\n    at jestAdapter (Q:\\_kyle\\temp_documents\\GitHub\\business_scraper\\node_modules\\jest-circus\\build\\legacy-code-todo-rewrite\\jestAdapter.js:79:19)\n    at runTestInternal (Q:\\_kyle\\temp_documents\\GitHub\\business_scraper\\node_modules\\jest-runner\\build\\runTest.js:367:16)\n    at runTest (Q:\\_kyle\\temp_documents\\GitHub\\business_scraper\\node_modules\\jest-runner\\build\\runTest.js:444:34)","metadata":{"file":"Q:\\_kyle\\temp_documents\\GitHub\\business_scraper\\src\\__tests__\\api\\payment\\payment-routes.comprehensive.test.ts","category":"async","severity":"critical","retryCount":0}}
{"timestamp":"2025-10-03T23:25:21.343Z","suite":"User Payment Service.comprehensive","testCase":"should validate user ID format","error":"Error: \u001b[2mexpect(\u001b[22m\u001b[31mreceived\u001b[39m\u001b[2m).\u001b[22mrejects\u001b[2m.\u001b[22mtoThrow\u001b[2m()\u001b[22m\n\nReceived promise resolved instead of rejected\nResolved to value: \u001b[31mnull\u001b[39m\n    at expect (Q:\\_kyle\\temp_documents\\GitHub\\business_scraper\\node_modules\\expect\\build\\index.js:113:15)\n    at Object.expect (Q:\\_kyle\\temp_documents\\GitHub\\business_scraper\\src\\__tests__\\model\\userPaymentService.comprehensive.test.ts:96:15)\n    at Promise.then.completed (Q:\\_kyle\\temp_documents\\GitHub\\business_scraper\\node_modules\\jest-circus\\build\\utils.js:298:28)\n    at new Promise (<anonymous>)\n    at callAsyncCircusFn (Q:\\_kyle\\temp_documents\\GitHub\\business_scraper\\node_modules\\jest-circus\\build\\utils.js:231:10)\n    at _callCircusTest (Q:\\_kyle\\temp_documents\\GitHub\\business_scraper\\node_modules\\jest-circus\\build\\run.js:316:40)\n    at _runTest (Q:\\_kyle\\temp_documents\\GitHub\\business_scraper\\node_modules\\jest-circus\\build\\run.js:252:3)\n    at _runTestsForDescribeBlock (Q:\\_kyle\\temp_documents\\GitHub\\business_scraper\\node_modules\\jest-circus\\build\\run.js:126:9)\n    at _runTestsForDescribeBlock (Q:\\_kyle\\temp_documents\\GitHub\\business_scraper\\node_modules\\jest-circus\\build\\run.js:121:9)\n    at _runTestsForDescribeBlock (Q:\\_kyle\\temp_documents\\GitHub\\business_scraper\\node_modules\\jest-circus\\build\\run.js:121:9)\n    at run (Q:\\_kyle\\temp_documents\\GitHub\\business_scraper\\node_modules\\jest-circus\\build\\run.js:71:3)\n    at runAndTransformResultsToJestFormat (Q:\\_kyle\\temp_documents\\GitHub\\business_scraper\\node_modules\\jest-circus\\build\\legacy-code-todo-rewrite\\jestAdapterInit.js:122:21)\n    at jestAdapter (Q:\\_kyle\\temp_documents\\GitHub\\business_scraper\\node_modules\\jest-circus\\build\\legacy-code-todo-rewrite\\jestAdapter.js:79:19)\n    at runTestInternal (Q:\\_kyle\\temp_documents\\GitHub\\business_scraper\\node_modules\\jest-runner\\build\\runTest.js:367:16)\n    at runTest (Q:\\_kyle\\temp_documents\\GitHub\\business_scraper\\node_modules\\jest-runner\\build\\runTest.js:444:34)","metadata":{"file":"Q:\\_kyle\\temp_documents\\GitHub\\business_scraper\\src\\__tests__\\model\\userPaymentService.comprehensive.test.ts","category":"assertion","severity":"medium","retryCount":0}}
{"timestamp":"2025-10-03T23:25:21.349Z","suite":"User Payment Service.comprehensive","testCase":"should prevent unauthorized profile access","error":"Error: \u001b[2mexpect(\u001b[22m\u001b[31mreceived\u001b[39m\u001b[2m).\u001b[22mrejects\u001b[2m.\u001b[22mtoThrow\u001b[2m()\u001b[22m\n\nReceived promise resolved instead of rejected\nResolved to value: \u001b[31mnull\u001b[39m\n    at expect (Q:\\_kyle\\temp_documents\\GitHub\\business_scraper\\node_modules\\expect\\build\\index.js:113:15)\n    at Object.expect (Q:\\_kyle\\temp_documents\\GitHub\\business_scraper\\src\\__tests__\\model\\userPaymentService.comprehensive.test.ts:107:13)\n    at Promise.then.completed (Q:\\_kyle\\temp_documents\\GitHub\\business_scraper\\node_modules\\jest-circus\\build\\utils.js:298:28)\n    at new Promise (<anonymous>)\n    at callAsyncCircusFn (Q:\\_kyle\\temp_documents\\GitHub\\business_scraper\\node_modules\\jest-circus\\build\\utils.js:231:10)\n    at _callCircusTest (Q:\\_kyle\\temp_documents\\GitHub\\business_scraper\\node_modules\\jest-circus\\build\\run.js:316:40)\n    at _runTest (Q:\\_kyle\\temp_documents\\GitHub\\business_scraper\\node_modules\\jest-circus\\build\\run.js:252:3)\n    at _runTestsForDescribeBlock (Q:\\_kyle\\temp_documents\\GitHub\\business_scraper\\node_modules\\jest-circus\\build\\run.js:126:9)\n    at _runTestsForDescribeBlock (Q:\\_kyle\\temp_documents\\GitHub\\business_scraper\\node_modules\\jest-circus\\build\\run.js:121:9)\n    at _runTestsForDescribeBlock (Q:\\_kyle\\temp_documents\\GitHub\\business_scraper\\node_modules\\jest-circus\\build\\run.js:121:9)\n    at run (Q:\\_kyle\\temp_documents\\GitHub\\business_scraper\\node_modules\\jest-circus\\build\\run.js:71:3)\n    at runAndTransformResultsToJestFormat (Q:\\_kyle\\temp_documents\\GitHub\\business_scraper\\node_modules\\jest-circus\\build\\legacy-code-todo-rewrite\\jestAdapterInit.js:122:21)\n    at jestAdapter (Q:\\_kyle\\temp_documents\\GitHub\\business_scraper\\node_modules\\jest-circus\\build\\legacy-code-todo-rewrite\\jestAdapter.js:79:19)\n    at runTestInternal (Q:\\_kyle\\temp_documents\\GitHub\\business_scraper\\node_modules\\jest-runner\\build\\runTest.js:367:16)\n    at runTest (Q:\\_kyle\\temp_documents\\GitHub\\business_scraper\\node_modules\\jest-runner\\build\\runTest.js:444:34)","metadata":{"file":"Q:\\_kyle\\temp_documents\\GitHub\\business_scraper\\src\\__tests__\\model\\userPaymentService.comprehensive.test.ts","category":"assertion","severity":"medium","retryCount":0}}
{"timestamp":"2025-10-03T23:25:21.357Z","suite":"User Payment Service.comprehensive","testCase":"should sanitize user input data","error":"PaymentError: Failed to create or retrieve customer\n    at UserPaymentService.ensureStripeCustomer (Q:\\_kyle\\temp_documents\\GitHub\\business_scraper\\src\\model\\userPaymentService.ts:58:13)\n    at Object.<anonymous> (Q:\\_kyle\\temp_documents\\GitHub\\business_scraper\\src\\__tests__\\model\\userPaymentService.comprehensive.test.ts:117:7)","metadata":{"file":"Q:\\_kyle\\temp_documents\\GitHub\\business_scraper\\src\\__tests__\\model\\userPaymentService.comprehensive.test.ts","category":"unknown","severity":"low","retryCount":0}}
{"timestamp":"2025-10-03T23:25:21.364Z","suite":"User Payment Service.comprehensive","testCase":"should prevent customer ID manipulation","error":"PaymentError: Failed to create or retrieve customer\n    at UserPaymentService.ensureStripeCustomer (Q:\\_kyle\\temp_documents\\GitHub\\business_scraper\\src\\model\\userPaymentService.ts:58:13)\n    at Object.<anonymous> (Q:\\_kyle\\temp_documents\\GitHub\\business_scraper\\src\\__tests__\\model\\userPaymentService.comprehensive.test.ts:161:22)","metadata":{"file":"Q:\\_kyle\\temp_documents\\GitHub\\business_scraper\\src\\__tests__\\model\\userPaymentService.comprehensive.test.ts","category":"unknown","severity":"low","retryCount":0}}
{"timestamp":"2025-10-03T23:25:21.369Z","suite":"User Payment Service.comprehensive","testCase":"should handle Stripe customer creation failures securely","error":"Error: \u001b[2mexpect(\u001b[22m\u001b[31mreceived\u001b[39m\u001b[2m).\u001b[22mrejects\u001b[2m.\u001b[22mtoThrow\u001b[2m(\u001b[22m\u001b[32mexpected\u001b[39m\u001b[2m)\u001b[22m\n\nExpected substring: \u001b[32m\"Stripe API Error\"\u001b[39m\nReceived message:   \u001b[31m\"Failed to create or retrieve customer\"\u001b[39m\n\n    \u001b[0m \u001b[90m 56 |\u001b[39m     } \u001b[36mcatch\u001b[39m (error) {\n     \u001b[90m 57 |\u001b[39m       logger\u001b[33m.\u001b[39merror(\u001b[32m'UserPaymentService'\u001b[39m\u001b[33m,\u001b[39m \u001b[32m'Failed to ensure Stripe customer'\u001b[39m\u001b[33m,\u001b[39m error)\n    \u001b[31m\u001b[1m>\u001b[22m\u001b[39m\u001b[90m 58 |\u001b[39m       \u001b[36mthrow\u001b[39m \u001b[36mnew\u001b[39m \u001b[33mPaymentError\u001b[39m(\u001b[32m'Failed to create or retrieve customer'\u001b[39m\u001b[33m,\u001b[39m \u001b[32m'CUSTOMER_ENSURE_FAILED'\u001b[39m)\n     \u001b[90m    |\u001b[39m             \u001b[31m\u001b[1m^\u001b[22m\u001b[39m\n     \u001b[90m 59 |\u001b[39m     }\n     \u001b[90m 60 |\u001b[39m   }\n     \u001b[90m 61 |\u001b[39m\u001b[0m\n\n      \u001b[2mat UserPaymentService.ensureStripeCustomer (\u001b[22msrc/model/userPaymentService.ts\u001b[2m:58:13)\u001b[22m\n      \u001b[2mat Object.<anonymous> (\u001b[22msrc/__tests__/model/userPaymentService.comprehensive.test.ts\u001b[2m:176:7)\u001b[22m\n    at Object.toThrow (Q:\\_kyle\\temp_documents\\GitHub\\business_scraper\\node_modules\\expect\\build\\index.js:218:22)\n    at Object.toThrow (Q:\\_kyle\\temp_documents\\GitHub\\business_scraper\\src\\__tests__\\model\\userPaymentService.comprehensive.test.ts:180:18)\n    at Promise.then.completed (Q:\\_kyle\\temp_documents\\GitHub\\business_scraper\\node_modules\\jest-circus\\build\\utils.js:298:28)\n    at new Promise (<anonymous>)\n    at callAsyncCircusFn (Q:\\_kyle\\temp_documents\\GitHub\\business_scraper\\node_modules\\jest-circus\\build\\utils.js:231:10)\n    at _callCircusTest (Q:\\_kyle\\temp_documents\\GitHub\\business_scraper\\node_modules\\jest-circus\\build\\run.js:316:40)\n    at _runTest (Q:\\_kyle\\temp_documents\\GitHub\\business_scraper\\node_modules\\jest-circus\\build\\run.js:252:3)\n    at _runTestsForDescribeBlock (Q:\\_kyle\\temp_documents\\GitHub\\business_scraper\\node_modules\\jest-circus\\build\\run.js:126:9)\n    at _runTestsForDescribeBlock (Q:\\_kyle\\temp_documents\\GitHub\\business_scraper\\node_modules\\jest-circus\\build\\run.js:121:9)\n    at _runTestsForDescribeBlock (Q:\\_kyle\\temp_documents\\GitHub\\business_scraper\\node_modules\\jest-circus\\build\\run.js:121:9)\n    at run (Q:\\_kyle\\temp_documents\\GitHub\\business_scraper\\node_modules\\jest-circus\\build\\run.js:71:3)\n    at runAndTransformResultsToJestFormat (Q:\\_kyle\\temp_documents\\GitHub\\business_scraper\\node_modules\\jest-circus\\build\\legacy-code-todo-rewrite\\jestAdapterInit.js:122:21)\n    at jestAdapter (Q:\\_kyle\\temp_documents\\GitHub\\business_scraper\\node_modules\\jest-circus\\build\\legacy-code-todo-rewrite\\jestAdapter.js:79:19)\n    at runTestInternal (Q:\\_kyle\\temp_documents\\GitHub\\business_scraper\\node_modules\\jest-runner\\build\\runTest.js:367:16)\n    at runTest (Q:\\_kyle\\temp_documents\\GitHub\\business_scraper\\node_modules\\jest-runner\\build\\runTest.js:444:34)","metadata":{"file":"Q:\\_kyle\\temp_documents\\GitHub\\business_scraper\\src\\__tests__\\model\\userPaymentService.comprehensive.test.ts","category":"assertion","severity":"medium","retryCount":0}}
{"timestamp":"2025-10-03T23:25:21.374Z","suite":"User Payment Service.comprehensive","testCase":"should validate customer metadata integrity","error":"PaymentError: Failed to create or retrieve customer\n    at UserPaymentService.ensureStripeCustomer (Q:\\_kyle\\temp_documents\\GitHub\\business_scraper\\src\\model\\userPaymentService.ts:58:13)\n    at Object.<anonymous> (Q:\\_kyle\\temp_documents\\GitHub\\business_scraper\\src\\__tests__\\model\\userPaymentService.comprehensive.test.ts:192:7)","metadata":{"file":"Q:\\_kyle\\temp_documents\\GitHub\\business_scraper\\src\\__tests__\\model\\userPaymentService.comprehensive.test.ts","category":"unknown","severity":"low","retryCount":0}}
{"timestamp":"2025-10-03T23:25:21.379Z","suite":"User Payment Service.comprehensive","testCase":"should validate subscription creation parameters","error":"Error: \u001b[2mexpect(\u001b[22m\u001b[31mreceived\u001b[39m\u001b[2m).\u001b[22mrejects\u001b[2m.\u001b[22mtoThrow\u001b[2m()\u001b[22m\n\nReceived promise resolved instead of rejected\nResolved to value: \u001b[31m{\"code\": \"NO_STRIPE_CUSTOMER\", \"error\": \"User does not have a Stripe customer\", \"success\": false}\u001b[39m\n    at expect (Q:\\_kyle\\temp_documents\\GitHub\\business_scraper\\node_modules\\expect\\build\\index.js:113:15)\n    at Object.expect (Q:\\_kyle\\temp_documents\\GitHub\\business_scraper\\src\\__tests__\\model\\userPaymentService.comprehensive.test.ts:219:15)\n    at Promise.then.completed (Q:\\_kyle\\temp_documents\\GitHub\\business_scraper\\node_modules\\jest-circus\\build\\utils.js:298:28)\n    at new Promise (<anonymous>)\n    at callAsyncCircusFn (Q:\\_kyle\\temp_documents\\GitHub\\business_scraper\\node_modules\\jest-circus\\build\\utils.js:231:10)\n    at _callCircusTest (Q:\\_kyle\\temp_documents\\GitHub\\business_scraper\\node_modules\\jest-circus\\build\\run.js:316:40)\n    at _runTest (Q:\\_kyle\\temp_documents\\GitHub\\business_scraper\\node_modules\\jest-circus\\build\\run.js:252:3)\n    at _runTestsForDescribeBlock (Q:\\_kyle\\temp_documents\\GitHub\\business_scraper\\node_modules\\jest-circus\\build\\run.js:126:9)\n    at _runTestsForDescribeBlock (Q:\\_kyle\\temp_documents\\GitHub\\business_scraper\\node_modules\\jest-circus\\build\\run.js:121:9)\n    at _runTestsForDescribeBlock (Q:\\_kyle\\temp_documents\\GitHub\\business_scraper\\node_modules\\jest-circus\\build\\run.js:121:9)\n    at run (Q:\\_kyle\\temp_documents\\GitHub\\business_scraper\\node_modules\\jest-circus\\build\\run.js:71:3)\n    at runAndTransformResultsToJestFormat (Q:\\_kyle\\temp_documents\\GitHub\\business_scraper\\node_modules\\jest-circus\\build\\legacy-code-todo-rewrite\\jestAdapterInit.js:122:21)\n    at jestAdapter (Q:\\_kyle\\temp_documents\\GitHub\\business_scraper\\node_modules\\jest-circus\\build\\legacy-code-todo-rewrite\\jestAdapter.js:79:19)\n    at runTestInternal (Q:\\_kyle\\temp_documents\\GitHub\\business_scraper\\node_modules\\jest-runner\\build\\runTest.js:367:16)\n    at runTest (Q:\\_kyle\\temp_documents\\GitHub\\business_scraper\\node_modules\\jest-runner\\build\\runTest.js:444:34)","metadata":{"file":"Q:\\_kyle\\temp_documents\\GitHub\\business_scraper\\src\\__tests__\\model\\userPaymentService.comprehensive.test.ts","category":"assertion","severity":"medium","retryCount":0}}
{"timestamp":"2025-10-03T23:25:21.384Z","suite":"User Payment Service.comprehensive","testCase":"should prevent subscription tampering","error":"Error: \u001b[2mexpect(\u001b[22m\u001b[31mjest.fn()\u001b[39m\u001b[2m).\u001b[22mtoHaveBeenCalledWith\u001b[2m(\u001b[22m\u001b[32m...expected\u001b[39m\u001b[2m)\u001b[22m\n\nExpected: \u001b[32m\"cus_test123\"\u001b[39m, \u001b[32m\"price_test\"\u001b[39m, \u001b[32mObjectContaining {\"metadata\": ObjectNotContaining {\"bypassPayment\": \"true\", \"priceOverride\": \"0\"}}\u001b[39m\n\nNumber of calls: \u001b[31m0\u001b[39m\n    at Object.toHaveBeenCalledWith (Q:\\_kyle\\temp_documents\\GitHub\\business_scraper\\src\\__tests__\\model\\userPaymentService.comprehensive.test.ts:245:52)","metadata":{"file":"Q:\\_kyle\\temp_documents\\GitHub\\business_scraper\\src\\__tests__\\model\\userPaymentService.comprehensive.test.ts","category":"assertion","severity":"medium","retryCount":0}}
{"timestamp":"2025-10-03T23:25:21.390Z","suite":"User Payment Service.comprehensive","testCase":"should validate subscription ownership before operations","error":"Error: \u001b[2mexpect(\u001b[22m\u001b[31mreceived\u001b[39m\u001b[2m).\u001b[22mrejects\u001b[2m.\u001b[22mtoThrow\u001b[2m()\u001b[22m\n\nReceived promise resolved instead of rejected\nResolved to value: \u001b[31m{\"code\": \"NO_ACTIVE_SUBSCRIPTION\", \"error\": \"User does not have an active subscription\", \"success\": false}\u001b[39m\n    at expect (Q:\\_kyle\\temp_documents\\GitHub\\business_scraper\\node_modules\\expect\\build\\index.js:113:15)\n    at Object.expect (Q:\\_kyle\\temp_documents\\GitHub\\business_scraper\\src\\__tests__\\model\\userPaymentService.comprehensive.test.ts:264:13)\n    at Promise.then.completed (Q:\\_kyle\\temp_documents\\GitHub\\business_scraper\\node_modules\\jest-circus\\build\\utils.js:298:28)\n    at new Promise (<anonymous>)\n    at callAsyncCircusFn (Q:\\_kyle\\temp_documents\\GitHub\\business_scraper\\node_modules\\jest-circus\\build\\utils.js:231:10)\n    at _callCircusTest (Q:\\_kyle\\temp_documents\\GitHub\\business_scraper\\node_modules\\jest-circus\\build\\run.js:316:40)\n    at _runTest (Q:\\_kyle\\temp_documents\\GitHub\\business_scraper\\node_modules\\jest-circus\\build\\run.js:252:3)\n    at _runTestsForDescribeBlock (Q:\\_kyle\\temp_documents\\GitHub\\business_scraper\\node_modules\\jest-circus\\build\\run.js:126:9)\n    at _runTestsForDescribeBlock (Q:\\_kyle\\temp_documents\\GitHub\\business_scraper\\node_modules\\jest-circus\\build\\run.js:121:9)\n    at _runTestsForDescribeBlock (Q:\\_kyle\\temp_documents\\GitHub\\business_scraper\\node_modules\\jest-circus\\build\\run.js:121:9)\n    at run (Q:\\_kyle\\temp_documents\\GitHub\\business_scraper\\node_modules\\jest-circus\\build\\run.js:71:3)\n    at runAndTransformResultsToJestFormat (Q:\\_kyle\\temp_documents\\GitHub\\business_scraper\\node_modules\\jest-circus\\build\\legacy-code-todo-rewrite\\jestAdapterInit.js:122:21)\n    at jestAdapter (Q:\\_kyle\\temp_documents\\GitHub\\business_scraper\\node_modules\\jest-circus\\build\\legacy-code-todo-rewrite\\jestAdapter.js:79:19)\n    at runTestInternal (Q:\\_kyle\\temp_documents\\GitHub\\business_scraper\\node_modules\\jest-runner\\build\\runTest.js:367:16)\n    at runTest (Q:\\_kyle\\temp_documents\\GitHub\\business_scraper\\node_modules\\jest-runner\\build\\runTest.js:444:34)","metadata":{"file":"Q:\\_kyle\\temp_documents\\GitHub\\business_scraper\\src\\__tests__\\model\\userPaymentService.comprehensive.test.ts","category":"assertion","severity":"medium","retryCount":0}}
{"timestamp":"2025-10-03T23:25:21.395Z","suite":"User Payment Service.comprehensive","testCase":"should handle subscription status transitions securely","error":"TypeError: userPaymentService.updateSubscriptionStatus is not a function\n    at Object.updateSubscriptionStatus (Q:\\_kyle\\temp_documents\\GitHub\\business_scraper\\src\\__tests__\\model\\userPaymentService.comprehensive.test.ts:285:41)\n    at Promise.then.completed (Q:\\_kyle\\temp_documents\\GitHub\\business_scraper\\node_modules\\jest-circus\\build\\utils.js:298:28)\n    at new Promise (<anonymous>)\n    at callAsyncCircusFn (Q:\\_kyle\\temp_documents\\GitHub\\business_scraper\\node_modules\\jest-circus\\build\\utils.js:231:10)\n    at _callCircusTest (Q:\\_kyle\\temp_documents\\GitHub\\business_scraper\\node_modules\\jest-circus\\build\\run.js:316:40)\n    at _runTest (Q:\\_kyle\\temp_documents\\GitHub\\business_scraper\\node_modules\\jest-circus\\build\\run.js:252:3)\n    at _runTestsForDescribeBlock (Q:\\_kyle\\temp_documents\\GitHub\\business_scraper\\node_modules\\jest-circus\\build\\run.js:126:9)\n    at _runTestsForDescribeBlock (Q:\\_kyle\\temp_documents\\GitHub\\business_scraper\\node_modules\\jest-circus\\build\\run.js:121:9)\n    at _runTestsForDescribeBlock (Q:\\_kyle\\temp_documents\\GitHub\\business_scraper\\node_modules\\jest-circus\\build\\run.js:121:9)\n    at run (Q:\\_kyle\\temp_documents\\GitHub\\business_scraper\\node_modules\\jest-circus\\build\\run.js:71:3)\n    at runAndTransformResultsToJestFormat (Q:\\_kyle\\temp_documents\\GitHub\\business_scraper\\node_modules\\jest-circus\\build\\legacy-code-todo-rewrite\\jestAdapterInit.js:122:21)\n    at jestAdapter (Q:\\_kyle\\temp_documents\\GitHub\\business_scraper\\node_modules\\jest-circus\\build\\legacy-code-todo-rewrite\\jestAdapter.js:79:19)\n    at runTestInternal (Q:\\_kyle\\temp_documents\\GitHub\\business_scraper\\node_modules\\jest-runner\\build\\runTest.js:367:16)\n    at runTest (Q:\\_kyle\\temp_documents\\GitHub\\business_scraper\\node_modules\\jest-runner\\build\\runTest.js:444:34)","metadata":{"file":"Q:\\_kyle\\temp_documents\\GitHub\\business_scraper\\src\\__tests__\\model\\userPaymentService.comprehensive.test.ts","category":"async","severity":"critical","retryCount":0}}
{"timestamp":"2025-10-03T23:25:21.407Z","suite":"User Payment Service.comprehensive","testCase":"should encrypt sensitive payment data","error":"PaymentError: Failed to update payment profile\n    at UserPaymentService.updateUserPaymentProfile (Q:\\_kyle\\temp_documents\\GitHub\\business_scraper\\src\\model\\userPaymentService.ts:109:13)\n    at Object.<anonymous> (Q:\\_kyle\\temp_documents\\GitHub\\business_scraper\\src\\__tests__\\model\\userPaymentService.comprehensive.test.ts:313:7)","metadata":{"file":"Q:\\_kyle\\temp_documents\\GitHub\\business_scraper\\src\\__tests__\\model\\userPaymentService.comprehensive.test.ts","category":"unknown","severity":"low","retryCount":0}}
{"timestamp":"2025-10-03T23:25:21.413Z","suite":"User Payment Service.comprehensive","testCase":"should validate billing address data","error":"Error: \u001b[2mexpect(\u001b[22m\u001b[31mreceived\u001b[39m\u001b[2m).\u001b[22mrejects\u001b[2m.\u001b[22mtoThrow\u001b[2m()\u001b[22m\n\nReceived promise resolved instead of rejected\nResolved to value: \u001b[31m{\"code\": \"BILLING_ADDRESS_UPDATE_FAILED\", \"error\": \"User does not have a Stripe customer\", \"success\": false}\u001b[39m\n    at expect (Q:\\_kyle\\temp_documents\\GitHub\\business_scraper\\node_modules\\expect\\build\\index.js:113:15)\n    at Object.expect (Q:\\_kyle\\temp_documents\\GitHub\\business_scraper\\src\\__tests__\\model\\userPaymentService.comprehensive.test.ts:341:15)\n    at Promise.then.completed (Q:\\_kyle\\temp_documents\\GitHub\\business_scraper\\node_modules\\jest-circus\\build\\utils.js:298:28)\n    at new Promise (<anonymous>)\n    at callAsyncCircusFn (Q:\\_kyle\\temp_documents\\GitHub\\business_scraper\\node_modules\\jest-circus\\build\\utils.js:231:10)\n    at _callCircusTest (Q:\\_kyle\\temp_documents\\GitHub\\business_scraper\\node_modules\\jest-circus\\build\\run.js:316:40)\n    at _runTest (Q:\\_kyle\\temp_documents\\GitHub\\business_scraper\\node_modules\\jest-circus\\build\\run.js:252:3)\n    at _runTestsForDescribeBlock (Q:\\_kyle\\temp_documents\\GitHub\\business_scraper\\node_modules\\jest-circus\\build\\run.js:126:9)\n    at _runTestsForDescribeBlock (Q:\\_kyle\\temp_documents\\GitHub\\business_scraper\\node_modules\\jest-circus\\build\\run.js:121:9)\n    at _runTestsForDescribeBlock (Q:\\_kyle\\temp_documents\\GitHub\\business_scraper\\node_modules\\jest-circus\\build\\run.js:121:9)\n    at run (Q:\\_kyle\\temp_documents\\GitHub\\business_scraper\\node_modules\\jest-circus\\build\\run.js:71:3)\n    at runAndTransformResultsToJestFormat (Q:\\_kyle\\temp_documents\\GitHub\\business_scraper\\node_modules\\jest-circus\\build\\legacy-code-todo-rewrite\\jestAdapterInit.js:122:21)\n    at jestAdapter (Q:\\_kyle\\temp_documents\\GitHub\\business_scraper\\node_modules\\jest-circus\\build\\legacy-code-todo-rewrite\\jestAdapter.js:79:19)\n    at runTestInternal (Q:\\_kyle\\temp_documents\\GitHub\\business_scraper\\node_modules\\jest-runner\\build\\runTest.js:367:16)\n    at runTest (Q:\\_kyle\\temp_documents\\GitHub\\business_scraper\\node_modules\\jest-runner\\build\\runTest.js:444:34)","metadata":{"file":"Q:\\_kyle\\temp_documents\\GitHub\\business_scraper\\src\\__tests__\\model\\userPaymentService.comprehensive.test.ts","category":"assertion","severity":"medium","retryCount":0}}
{"timestamp":"2025-10-03T23:25:21.420Z","suite":"User Payment Service.comprehensive","testCase":"should prevent profile data injection","error":"PaymentError: Failed to update payment profile\n    at UserPaymentService.updateUserPaymentProfile (Q:\\_kyle\\temp_documents\\GitHub\\business_scraper\\src\\model\\userPaymentService.ts:109:13)\n    at Object.<anonymous> (Q:\\_kyle\\temp_documents\\GitHub\\business_scraper\\src\\__tests__\\model\\userPaymentService.comprehensive.test.ts:358:7)","metadata":{"file":"Q:\\_kyle\\temp_documents\\GitHub\\business_scraper\\src\\__tests__\\model\\userPaymentService.comprehensive.test.ts","category":"unknown","severity":"low","retryCount":0}}
{"timestamp":"2025-10-03T23:25:21.424Z","suite":"User Payment Service.comprehensive","testCase":"should validate usage recording parameters","error":"TypeError: userPaymentService.recordUsage is not a function\n    at Object.recordUsage (Q:\\_kyle\\temp_documents\\GitHub\\business_scraper\\src\\__tests__\\model\\userPaymentService.comprehensive.test.ts:382:41)\n    at Promise.then.completed (Q:\\_kyle\\temp_documents\\GitHub\\business_scraper\\node_modules\\jest-circus\\build\\utils.js:298:28)\n    at new Promise (<anonymous>)\n    at callAsyncCircusFn (Q:\\_kyle\\temp_documents\\GitHub\\business_scraper\\node_modules\\jest-circus\\build\\utils.js:231:10)\n    at _callCircusTest (Q:\\_kyle\\temp_documents\\GitHub\\business_scraper\\node_modules\\jest-circus\\build\\run.js:316:40)\n    at _runTest (Q:\\_kyle\\temp_documents\\GitHub\\business_scraper\\node_modules\\jest-circus\\build\\run.js:252:3)\n    at _runTestsForDescribeBlock (Q:\\_kyle\\temp_documents\\GitHub\\business_scraper\\node_modules\\jest-circus\\build\\run.js:126:9)\n    at _runTestsForDescribeBlock (Q:\\_kyle\\temp_documents\\GitHub\\business_scraper\\node_modules\\jest-circus\\build\\run.js:121:9)\n    at _runTestsForDescribeBlock (Q:\\_kyle\\temp_documents\\GitHub\\business_scraper\\node_modules\\jest-circus\\build\\run.js:121:9)\n    at run (Q:\\_kyle\\temp_documents\\GitHub\\business_scraper\\node_modules\\jest-circus\\build\\run.js:71:3)\n    at runAndTransformResultsToJestFormat (Q:\\_kyle\\temp_documents\\GitHub\\business_scraper\\node_modules\\jest-circus\\build\\legacy-code-todo-rewrite\\jestAdapterInit.js:122:21)\n    at jestAdapter (Q:\\_kyle\\temp_documents\\GitHub\\business_scraper\\node_modules\\jest-circus\\build\\legacy-code-todo-rewrite\\jestAdapter.js:79:19)\n    at runTestInternal (Q:\\_kyle\\temp_documents\\GitHub\\business_scraper\\node_modules\\jest-runner\\build\\runTest.js:367:16)\n    at runTest (Q:\\_kyle\\temp_documents\\GitHub\\business_scraper\\node_modules\\jest-runner\\build\\runTest.js:444:34)","metadata":{"file":"Q:\\_kyle\\temp_documents\\GitHub\\business_scraper\\src\\__tests__\\model\\userPaymentService.comprehensive.test.ts","category":"async","severity":"critical","retryCount":0}}
{"timestamp":"2025-10-03T23:25:21.428Z","suite":"User Payment Service.comprehensive","testCase":"should prevent usage manipulation","error":"TypeError: userPaymentService.recordUsage is not a function\n    at Object.recordUsage (Q:\\_kyle\\temp_documents\\GitHub\\business_scraper\\src\\__tests__\\model\\userPaymentService.comprehensive.test.ts:401:32)\n    at Promise.then.completed (Q:\\_kyle\\temp_documents\\GitHub\\business_scraper\\node_modules\\jest-circus\\build\\utils.js:298:28)\n    at new Promise (<anonymous>)\n    at callAsyncCircusFn (Q:\\_kyle\\temp_documents\\GitHub\\business_scraper\\node_modules\\jest-circus\\build\\utils.js:231:10)\n    at _callCircusTest (Q:\\_kyle\\temp_documents\\GitHub\\business_scraper\\node_modules\\jest-circus\\build\\run.js:316:40)\n    at _runTest (Q:\\_kyle\\temp_documents\\GitHub\\business_scraper\\node_modules\\jest-circus\\build\\run.js:252:3)\n    at _runTestsForDescribeBlock (Q:\\_kyle\\temp_documents\\GitHub\\business_scraper\\node_modules\\jest-circus\\build\\run.js:126:9)\n    at _runTestsForDescribeBlock (Q:\\_kyle\\temp_documents\\GitHub\\business_scraper\\node_modules\\jest-circus\\build\\run.js:121:9)\n    at _runTestsForDescribeBlock (Q:\\_kyle\\temp_documents\\GitHub\\business_scraper\\node_modules\\jest-circus\\build\\run.js:121:9)\n    at run (Q:\\_kyle\\temp_documents\\GitHub\\business_scraper\\node_modules\\jest-circus\\build\\run.js:71:3)\n    at runAndTransformResultsToJestFormat (Q:\\_kyle\\temp_documents\\GitHub\\business_scraper\\node_modules\\jest-circus\\build\\legacy-code-todo-rewrite\\jestAdapterInit.js:122:21)\n    at jestAdapter (Q:\\_kyle\\temp_documents\\GitHub\\business_scraper\\node_modules\\jest-circus\\build\\legacy-code-todo-rewrite\\jestAdapter.js:79:19)\n    at runTestInternal (Q:\\_kyle\\temp_documents\\GitHub\\business_scraper\\node_modules\\jest-runner\\build\\runTest.js:367:16)\n    at runTest (Q:\\_kyle\\temp_documents\\GitHub\\business_scraper\\node_modules\\jest-runner\\build\\runTest.js:444:34)","metadata":{"file":"Q:\\_kyle\\temp_documents\\GitHub\\business_scraper\\src\\__tests__\\model\\userPaymentService.comprehensive.test.ts","category":"async","severity":"critical","retryCount":0}}
{"timestamp":"2025-10-03T23:25:21.433Z","suite":"User Payment Service.comprehensive","testCase":"should enforce usage limits","error":"TypeError: userPaymentService.recordUsage is not a function\n    at Object.recordUsage (Q:\\_kyle\\temp_documents\\GitHub\\business_scraper\\src\\__tests__\\model\\userPaymentService.comprehensive.test.ts:427:39)\n    at Promise.then.completed (Q:\\_kyle\\temp_documents\\GitHub\\business_scraper\\node_modules\\jest-circus\\build\\utils.js:298:28)\n    at new Promise (<anonymous>)\n    at callAsyncCircusFn (Q:\\_kyle\\temp_documents\\GitHub\\business_scraper\\node_modules\\jest-circus\\build\\utils.js:231:10)\n    at _callCircusTest (Q:\\_kyle\\temp_documents\\GitHub\\business_scraper\\node_modules\\jest-circus\\build\\run.js:316:40)\n    at _runTest (Q:\\_kyle\\temp_documents\\GitHub\\business_scraper\\node_modules\\jest-circus\\build\\run.js:252:3)\n    at _runTestsForDescribeBlock (Q:\\_kyle\\temp_documents\\GitHub\\business_scraper\\node_modules\\jest-circus\\build\\run.js:126:9)\n    at _runTestsForDescribeBlock (Q:\\_kyle\\temp_documents\\GitHub\\business_scraper\\node_modules\\jest-circus\\build\\run.js:121:9)\n    at _runTestsForDescribeBlock (Q:\\_kyle\\temp_documents\\GitHub\\business_scraper\\node_modules\\jest-circus\\build\\run.js:121:9)\n    at run (Q:\\_kyle\\temp_documents\\GitHub\\business_scraper\\node_modules\\jest-circus\\build\\run.js:71:3)\n    at runAndTransformResultsToJestFormat (Q:\\_kyle\\temp_documents\\GitHub\\business_scraper\\node_modules\\jest-circus\\build\\legacy-code-todo-rewrite\\jestAdapterInit.js:122:21)\n    at jestAdapter (Q:\\_kyle\\temp_documents\\GitHub\\business_scraper\\node_modules\\jest-circus\\build\\legacy-code-todo-rewrite\\jestAdapter.js:79:19)\n    at runTestInternal (Q:\\_kyle\\temp_documents\\GitHub\\business_scraper\\node_modules\\jest-runner\\build\\runTest.js:367:16)\n    at runTest (Q:\\_kyle\\temp_documents\\GitHub\\business_scraper\\node_modules\\jest-runner\\build\\runTest.js:444:34)","metadata":{"file":"Q:\\_kyle\\temp_documents\\GitHub\\business_scraper\\src\\__tests__\\model\\userPaymentService.comprehensive.test.ts","category":"async","severity":"critical","retryCount":0}}
{"timestamp":"2025-10-03T23:25:21.440Z","suite":"User Payment Service.comprehensive","testCase":"should not expose sensitive data in responses","error":"Error: \u001b[2mexpect(\u001b[22m\u001b[31mreceived\u001b[39m\u001b[2m).\u001b[22mnot\u001b[2m.\u001b[22mtoHaveProperty\u001b[2m(\u001b[22m\u001b[32mpath\u001b[39m\u001b[2m)\u001b[22m\n\n\u001b[1mMatcher error\u001b[22m: \u001b[31mreceived\u001b[39m value must not be null nor undefined\n\nReceived has value: \u001b[31mnull\u001b[39m\n    at Object.toHaveProperty (Q:\\_kyle\\temp_documents\\GitHub\\business_scraper\\src\\__tests__\\model\\userPaymentService.comprehensive.test.ts:444:26)","metadata":{"file":"Q:\\_kyle\\temp_documents\\GitHub\\business_scraper\\src\\__tests__\\model\\userPaymentService.comprehensive.test.ts","category":"assertion","severity":"medium","retryCount":0}}
{"timestamp":"2025-10-03T23:25:21.449Z","suite":"User Payment Service.comprehensive","testCase":"should implement data retention policies","error":"Error: \u001b[2mexpect(\u001b[22m\u001b[31mjest.fn()\u001b[39m\u001b[2m).\u001b[22mtoHaveBeenCalledWith\u001b[2m(\u001b[22m\u001b[32m...expected\u001b[39m\u001b[2m)\u001b[22m\n\nExpected: \u001b[32m\"UserPaymentService\"\u001b[39m, \u001b[32mStringContaining \"Data retention policy triggered\"\u001b[39m, \u001b[32mAny<Object>\u001b[39m\n\nNumber of calls: \u001b[31m0\u001b[39m\n    at Object.toHaveBeenCalledWith (Q:\\_kyle\\temp_documents\\GitHub\\business_scraper\\src\\__tests__\\model\\userPaymentService.comprehensive.test.ts:461:31)","metadata":{"file":"Q:\\_kyle\\temp_documents\\GitHub\\business_scraper\\src\\__tests__\\model\\userPaymentService.comprehensive.test.ts","category":"assertion","severity":"medium","retryCount":0}}
{"timestamp":"2025-10-03T23:25:21.455Z","suite":"User Payment Service.comprehensive","testCase":"should handle GDPR data deletion requests","error":"TypeError: userPaymentService.deleteUserData is not a function\n    at Object.deleteUserData (Q:\\_kyle\\temp_documents\\GitHub\\business_scraper\\src\\__tests__\\model\\userPaymentService.comprehensive.test.ts:469:32)\n    at Promise.then.completed (Q:\\_kyle\\temp_documents\\GitHub\\business_scraper\\node_modules\\jest-circus\\build\\utils.js:298:28)\n    at new Promise (<anonymous>)\n    at callAsyncCircusFn (Q:\\_kyle\\temp_documents\\GitHub\\business_scraper\\node_modules\\jest-circus\\build\\utils.js:231:10)\n    at _callCircusTest (Q:\\_kyle\\temp_documents\\GitHub\\business_scraper\\node_modules\\jest-circus\\build\\run.js:316:40)\n    at _runTest (Q:\\_kyle\\temp_documents\\GitHub\\business_scraper\\node_modules\\jest-circus\\build\\run.js:252:3)\n    at _runTestsForDescribeBlock (Q:\\_kyle\\temp_documents\\GitHub\\business_scraper\\node_modules\\jest-circus\\build\\run.js:126:9)\n    at _runTestsForDescribeBlock (Q:\\_kyle\\temp_documents\\GitHub\\business_scraper\\node_modules\\jest-circus\\build\\run.js:121:9)\n    at _runTestsForDescribeBlock (Q:\\_kyle\\temp_documents\\GitHub\\business_scraper\\node_modules\\jest-circus\\build\\run.js:121:9)\n    at run (Q:\\_kyle\\temp_documents\\GitHub\\business_scraper\\node_modules\\jest-circus\\build\\run.js:71:3)\n    at runAndTransformResultsToJestFormat (Q:\\_kyle\\temp_documents\\GitHub\\business_scraper\\node_modules\\jest-circus\\build\\legacy-code-todo-rewrite\\jestAdapterInit.js:122:21)\n    at jestAdapter (Q:\\_kyle\\temp_documents\\GitHub\\business_scraper\\node_modules\\jest-circus\\build\\legacy-code-todo-rewrite\\jestAdapter.js:79:19)\n    at runTestInternal (Q:\\_kyle\\temp_documents\\GitHub\\business_scraper\\node_modules\\jest-runner\\build\\runTest.js:367:16)\n    at runTest (Q:\\_kyle\\temp_documents\\GitHub\\business_scraper\\node_modules\\jest-runner\\build\\runTest.js:444:34)","metadata":{"file":"Q:\\_kyle\\temp_documents\\GitHub\\business_scraper\\src\\__tests__\\model\\userPaymentService.comprehensive.test.ts","category":"async","severity":"critical","retryCount":0}}
{"timestamp":"2025-10-03T23:25:21.460Z","suite":"User Payment Service.comprehensive","testCase":"should handle storage failures gracefully","error":"Error: \u001b[2mexpect(\u001b[22m\u001b[31mreceived\u001b[39m\u001b[2m).\u001b[22mrejects\u001b[2m.\u001b[22mtoThrow\u001b[2m()\u001b[22m\n\nReceived promise resolved instead of rejected\nResolved to value: \u001b[31mnull\u001b[39m\n    at expect (Q:\\_kyle\\temp_documents\\GitHub\\business_scraper\\node_modules\\expect\\build\\index.js:113:15)\n    at Object.expect (Q:\\_kyle\\temp_documents\\GitHub\\business_scraper\\src\\__tests__\\model\\userPaymentService.comprehensive.test.ts:486:13)\n    at Promise.then.completed (Q:\\_kyle\\temp_documents\\GitHub\\business_scraper\\node_modules\\jest-circus\\build\\utils.js:298:28)\n    at new Promise (<anonymous>)\n    at callAsyncCircusFn (Q:\\_kyle\\temp_documents\\GitHub\\business_scraper\\node_modules\\jest-circus\\build\\utils.js:231:10)\n    at _callCircusTest (Q:\\_kyle\\temp_documents\\GitHub\\business_scraper\\node_modules\\jest-circus\\build\\run.js:316:40)\n    at _runTest (Q:\\_kyle\\temp_documents\\GitHub\\business_scraper\\node_modules\\jest-circus\\build\\run.js:252:3)\n    at _runTestsForDescribeBlock (Q:\\_kyle\\temp_documents\\GitHub\\business_scraper\\node_modules\\jest-circus\\build\\run.js:126:9)\n    at _runTestsForDescribeBlock (Q:\\_kyle\\temp_documents\\GitHub\\business_scraper\\node_modules\\jest-circus\\build\\run.js:121:9)\n    at _runTestsForDescribeBlock (Q:\\_kyle\\temp_documents\\GitHub\\business_scraper\\node_modules\\jest-circus\\build\\run.js:121:9)\n    at run (Q:\\_kyle\\temp_documents\\GitHub\\business_scraper\\node_modules\\jest-circus\\build\\run.js:71:3)\n    at runAndTransformResultsToJestFormat (Q:\\_kyle\\temp_documents\\GitHub\\business_scraper\\node_modules\\jest-circus\\build\\legacy-code-todo-rewrite\\jestAdapterInit.js:122:21)\n    at jestAdapter (Q:\\_kyle\\temp_documents\\GitHub\\business_scraper\\node_modules\\jest-circus\\build\\legacy-code-todo-rewrite\\jestAdapter.js:79:19)\n    at runTestInternal (Q:\\_kyle\\temp_documents\\GitHub\\business_scraper\\node_modules\\jest-runner\\build\\runTest.js:367:16)\n    at runTest (Q:\\_kyle\\temp_documents\\GitHub\\business_scraper\\node_modules\\jest-runner\\build\\runTest.js:444:34)","metadata":{"file":"Q:\\_kyle\\temp_documents\\GitHub\\business_scraper\\src\\__tests__\\model\\userPaymentService.comprehensive.test.ts","category":"assertion","severity":"medium","retryCount":0}}
{"timestamp":"2025-10-03T23:25:21.467Z","suite":"User Payment Service.comprehensive","testCase":"should implement retry logic for transient failures","error":"PaymentError: Failed to create or retrieve customer\n    at UserPaymentService.ensureStripeCustomer (Q:\\_kyle\\temp_documents\\GitHub\\business_scraper\\src\\model\\userPaymentService.ts:58:13)\n    at Object.<anonymous> (Q:\\_kyle\\temp_documents\\GitHub\\business_scraper\\src\\__tests__\\model\\userPaymentService.comprehensive.test.ts:507:22)","metadata":{"file":"Q:\\_kyle\\temp_documents\\GitHub\\business_scraper\\src\\__tests__\\model\\userPaymentService.comprehensive.test.ts","category":"unknown","severity":"low","retryCount":0}}
{"timestamp":"2025-10-03T23:25:21.472Z","suite":"User Payment Service.comprehensive","testCase":"should handle concurrent operations safely","error":"TypeError: userPaymentService.recordUsage is not a function\n    at Object.recordUsage (Q:\\_kyle\\temp_documents\\GitHub\\business_scraper\\src\\__tests__\\model\\userPaymentService.comprehensive.test.ts:515:28)\n    at Promise.then.completed (Q:\\_kyle\\temp_documents\\GitHub\\business_scraper\\node_modules\\jest-circus\\build\\utils.js:298:28)\n    at new Promise (<anonymous>)\n    at callAsyncCircusFn (Q:\\_kyle\\temp_documents\\GitHub\\business_scraper\\node_modules\\jest-circus\\build\\utils.js:231:10)\n    at _callCircusTest (Q:\\_kyle\\temp_documents\\GitHub\\business_scraper\\node_modules\\jest-circus\\build\\run.js:316:40)\n    at _runTest (Q:\\_kyle\\temp_documents\\GitHub\\business_scraper\\node_modules\\jest-circus\\build\\run.js:252:3)\n    at _runTestsForDescribeBlock (Q:\\_kyle\\temp_documents\\GitHub\\business_scraper\\node_modules\\jest-circus\\build\\run.js:126:9)\n    at _runTestsForDescribeBlock (Q:\\_kyle\\temp_documents\\GitHub\\business_scraper\\node_modules\\jest-circus\\build\\run.js:121:9)\n    at _runTestsForDescribeBlock (Q:\\_kyle\\temp_documents\\GitHub\\business_scraper\\node_modules\\jest-circus\\build\\run.js:121:9)\n    at run (Q:\\_kyle\\temp_documents\\GitHub\\business_scraper\\node_modules\\jest-circus\\build\\run.js:71:3)\n    at runAndTransformResultsToJestFormat (Q:\\_kyle\\temp_documents\\GitHub\\business_scraper\\node_modules\\jest-circus\\build\\legacy-code-todo-rewrite\\jestAdapterInit.js:122:21)\n    at jestAdapter (Q:\\_kyle\\temp_documents\\GitHub\\business_scraper\\node_modules\\jest-circus\\build\\legacy-code-todo-rewrite\\jestAdapter.js:79:19)\n    at runTestInternal (Q:\\_kyle\\temp_documents\\GitHub\\business_scraper\\node_modules\\jest-runner\\build\\runTest.js:367:16)\n    at runTest (Q:\\_kyle\\temp_documents\\GitHub\\business_scraper\\node_modules\\jest-runner\\build\\runTest.js:444:34)","metadata":{"file":"Q:\\_kyle\\temp_documents\\GitHub\\business_scraper\\src\\__tests__\\model\\userPaymentService.comprehensive.test.ts","category":"async","severity":"critical","retryCount":0}}
